[2022-10-23 12:56:45.200 -04:00  INF]  User profile is available. Using 'C:\Users\Owner\AppData\Local\ASP.NET\DataProtection-Keys' as key repository and Windows DPAPI to encrypt keys at rest.
[2022-10-23 12:56:45.903 -04:00  INF]  Now listening on: https://localhost:7132
[2022-10-23 12:56:45.904 -04:00  INF]  Now listening on: http://localhost:5132
[2022-10-23 12:56:45.906 -04:00  INF]  Application started. Press Ctrl+C to shut down.
[2022-10-23 12:56:45.906 -04:00  INF]  Hosting environment: Development
[2022-10-23 12:56:45.906 -04:00  INF]  Content root path: C:\Users\Owner\Dev\BoatJobs\API\Boats.API\Boats.API\
[2022-10-23 12:56:46.581 -04:00  INF]  Request starting HTTP/2 GET https://localhost:7132/swagger - -
[2022-10-23 12:56:46.768 -04:00  INF]  Request finished HTTP/2 GET https://localhost:7132/swagger - - - 301 0 - 189.7036ms
[2022-10-23 12:56:46.769 -04:00  INF]  Request starting HTTP/2 GET https://localhost:7132/swagger/index.html - -
[2022-10-23 12:56:47.060 -04:00  INF]  Request finished HTTP/2 GET https://localhost:7132/swagger/index.html - - - 200 - text/html;charset=utf-8 291.4741ms
[2022-10-23 12:56:47.061 -04:00  INF]  Request starting HTTP/2 GET https://localhost:7132/swagger/swagger-ui-bundle.js - -
[2022-10-23 12:56:47.061 -04:00  INF]  Request starting HTTP/2 GET https://localhost:7132/swagger/swagger-ui-standalone-preset.js - -
[2022-10-23 12:56:47.061 -04:00  INF]  Request starting HTTP/2 GET https://localhost:7132/_framework/aspnetcore-browser-refresh.js - -
[2022-10-23 12:56:47.061 -04:00  INF]  Request starting HTTP/2 GET https://localhost:7132/swagger/swagger-ui.css - -
[2022-10-23 12:56:47.067 -04:00  INF]  Request finished HTTP/2 GET https://localhost:7132/_framework/aspnetcore-browser-refresh.js - - - 200 11988 application/javascript;+charset=utf-8 5.9183ms
[2022-10-23 12:56:47.075 -04:00  INF]  Request starting HTTP/2 GET https://localhost:7132/_vs/browserLink - -
[2022-10-23 12:56:47.111 -04:00  INF]  Sending file. Request path: '/swagger-ui.css'. Physical path: 'N/A'
[2022-10-23 12:56:47.135 -04:00  INF]  Request finished HTTP/2 GET https://localhost:7132/swagger/swagger-ui.css - - - 200 143943 text/css 74.1001ms
[2022-10-23 12:56:47.142 -04:00  INF]  Sending file. Request path: '/swagger-ui-standalone-preset.js'. Physical path: 'N/A'
[2022-10-23 12:56:47.142 -04:00  INF]  Request finished HTTP/2 GET https://localhost:7132/swagger/swagger-ui-standalone-preset.js - - - 200 339486 application/javascript 81.5528ms
[2022-10-23 12:56:47.159 -04:00  INF]  Sending file. Request path: '/swagger-ui-bundle.js'. Physical path: 'N/A'
[2022-10-23 12:56:47.159 -04:00  INF]  Request finished HTTP/2 GET https://localhost:7132/swagger/swagger-ui-bundle.js - - - 200 1096145 application/javascript 98.1740ms
[2022-10-23 12:56:47.168 -04:00  INF]  Request finished HTTP/2 GET https://localhost:7132/_vs/browserLink - - - 200 - text/javascript;+charset=UTF-8 92.9485ms
[2022-10-23 12:56:47.334 -04:00  INF]  Request starting HTTP/2 GET https://localhost:7132/swagger/v1/swagger.json - -
[2022-10-23 12:56:47.363 -04:00  INF]  Request starting HTTP/2 GET https://localhost:7132/swagger/favicon-32x32.png - -
[2022-10-23 12:56:47.364 -04:00  INF]  Sending file. Request path: '/favicon-32x32.png'. Physical path: 'N/A'
[2022-10-23 12:56:47.364 -04:00  INF]  Request finished HTTP/2 GET https://localhost:7132/swagger/favicon-32x32.png - - - 200 628 image/png 0.6284ms
[2022-10-23 12:56:47.466 -04:00  INF]  Request finished HTTP/2 GET https://localhost:7132/swagger/v1/swagger.json - - - 200 - application/json;charset=utf-8 132.3895ms
[2022-10-23 12:57:13.718 -04:00  INF]  Request starting HTTP/2 POST https://localhost:7132/api/Account/register application/json-patch+json 139
[2022-10-23 12:57:13.727 -04:00  INF]  CORS policy execution successful.
[2022-10-23 12:57:13.735 -04:00  INF]  Executing endpoint 'Boats.API.Controllers.AccountController.Register (Boats.API)'
[2022-10-23 12:57:13.780 -04:00  INF]  Route matched with {action = "Register", controller = "Account"}. Executing controller action with signature System.Threading.Tasks.Task`1[Microsoft.AspNetCore.Mvc.IActionResult] Register(Boats.API.Models.UserDTO) on controller Boats.API.Controllers.AccountController (Boats.API).
[2022-10-23 12:57:14.702 -04:00  INF]  Registration Attempt for griifin@example.com 
[2022-10-23 12:57:14.728 -04:00  WRN]  User password validation failed: PasswordTooShort;PasswordRequiresNonAlphanumeric;PasswordRequiresDigit;PasswordRequiresUpper.
[2022-10-23 12:57:14.732 -04:00  INF]  Executing BadRequestObjectResult, writing value of type 'Microsoft.AspNetCore.Mvc.SerializableError'.
[2022-10-23 12:57:14.780 -04:00  INF]  Executed action Boats.API.Controllers.AccountController.Register (Boats.API) in 994.4389ms
[2022-10-23 12:57:14.782 -04:00  INF]  Executed endpoint 'Boats.API.Controllers.AccountController.Register (Boats.API)'
[2022-10-23 12:57:14.786 -04:00  INF]  Request finished HTTP/2 POST https://localhost:7132/api/Account/register application/json-patch+json 139 - 400 324 application/json;+charset=utf-8 1068.2660ms
[2022-10-23 12:57:31.738 -04:00  INF]  Request starting HTTP/2 POST https://localhost:7132/api/Account/register application/json-patch+json 142
[2022-10-23 12:57:31.739 -04:00  INF]  CORS policy execution successful.
[2022-10-23 12:57:31.739 -04:00  INF]  Executing endpoint 'Boats.API.Controllers.AccountController.Register (Boats.API)'
[2022-10-23 12:57:31.740 -04:00  INF]  Route matched with {action = "Register", controller = "Account"}. Executing controller action with signature System.Threading.Tasks.Task`1[Microsoft.AspNetCore.Mvc.IActionResult] Register(Boats.API.Models.UserDTO) on controller Boats.API.Controllers.AccountController (Boats.API).
[2022-10-23 12:57:31.753 -04:00  INF]  Registration Attempt for griifin@example.com 
[2022-10-23 12:57:32.716 -04:00  INF]  Entity Framework Core 6.0.8 initialized 'BoatsDbContext' using provider 'Microsoft.EntityFrameworkCore.SqlServer:6.0.8' with options: None
[2022-10-23 12:57:34.177 -04:00  INF]  Executed DbCommand (96ms) [Parameters=[@__normalizedUserName_0='?' (Size = 256)], CommandType='"Text"', CommandTimeout='30']
SELECT TOP(1) [a].[Id], [a].[AccessFailedCount], [a].[ConcurrencyStamp], [a].[Email], [a].[EmailConfirmed], [a].[FirstName], [a].[LastName], [a].[LockoutEnabled], [a].[LockoutEnd], [a].[NormalizedEmail], [a].[NormalizedUserName], [a].[PasswordHash], [a].[PhoneNumber], [a].[PhoneNumberConfirmed], [a].[SecurityStamp], [a].[TwoFactorEnabled], [a].[UserName]
FROM [AspNetUsers] AS [a]
WHERE [a].[NormalizedUserName] = @__normalizedUserName_0
[2022-10-23 12:57:34.247 -04:00  INF]  Executed DbCommand (5ms) [Parameters=[@__normalizedEmail_0='?' (Size = 256)], CommandType='"Text"', CommandTimeout='30']
SELECT TOP(2) [a].[Id], [a].[AccessFailedCount], [a].[ConcurrencyStamp], [a].[Email], [a].[EmailConfirmed], [a].[FirstName], [a].[LastName], [a].[LockoutEnabled], [a].[LockoutEnd], [a].[NormalizedEmail], [a].[NormalizedUserName], [a].[PasswordHash], [a].[PhoneNumber], [a].[PhoneNumberConfirmed], [a].[SecurityStamp], [a].[TwoFactorEnabled], [a].[UserName]
FROM [AspNetUsers] AS [a]
WHERE [a].[NormalizedEmail] = @__normalizedEmail_0
[2022-10-23 12:57:34.460 -04:00  INF]  Executed DbCommand (11ms) [Parameters=[@p0='?' (Size = 450), @p1='?' (DbType = Int32), @p2='?' (Size = 4000), @p3='?' (Size = 256), @p4='?' (DbType = Boolean), @p5='?' (Size = 4000), @p6='?' (Size = 4000), @p7='?' (DbType = Boolean), @p8='?' (DbType = DateTimeOffset), @p9='?' (Size = 256), @p10='?' (Size = 256), @p11='?' (Size = 4000), @p12='?' (Size = 4000), @p13='?' (DbType = Boolean), @p14='?' (Size = 4000), @p15='?' (DbType = Boolean), @p16='?' (Size = 256)], CommandType='"Text"', CommandTimeout='30']
SET NOCOUNT ON;
INSERT INTO [AspNetUsers] ([Id], [AccessFailedCount], [ConcurrencyStamp], [Email], [EmailConfirmed], [FirstName], [LastName], [LockoutEnabled], [LockoutEnd], [NormalizedEmail], [NormalizedUserName], [PasswordHash], [PhoneNumber], [PhoneNumberConfirmed], [SecurityStamp], [TwoFactorEnabled], [UserName])
VALUES (@p0, @p1, @p2, @p3, @p4, @p5, @p6, @p7, @p8, @p9, @p10, @p11, @p12, @p13, @p14, @p15, @p16);
[2022-10-23 12:57:34.509 -04:00  INF]  Executed DbCommand (5ms) [Parameters=[@__normalizedRoleName_0='?' (Size = 256)], CommandType='"Text"', CommandTimeout='30']
SELECT TOP(2) [a].[Id], [a].[ConcurrencyStamp], [a].[Name], [a].[NormalizedName]
FROM [AspNetRoles] AS [a]
WHERE [a].[NormalizedName] = @__normalizedRoleName_0
[2022-10-23 12:57:34.517 -04:00  INF]  Executed DbCommand (0ms) [Parameters=[@__normalizedRoleName_0='?' (Size = 256)], CommandType='"Text"', CommandTimeout='30']
SELECT TOP(2) [a].[Id], [a].[ConcurrencyStamp], [a].[Name], [a].[NormalizedName]
FROM [AspNetRoles] AS [a]
WHERE [a].[NormalizedName] = @__normalizedRoleName_0
[2022-10-23 12:57:34.586 -04:00  ERR]  Something Went Wrong in the Register
System.InvalidOperationException: Role STRING does not exist.
   at Microsoft.AspNetCore.Identity.EntityFrameworkCore.UserStore`9.AddToRoleAsync(TUser user, String normalizedRoleName, CancellationToken cancellationToken)
   at Microsoft.AspNetCore.Identity.UserManager`1.AddToRolesAsync(TUser user, IEnumerable`1 roles)
   at Boats.API.Controllers.AccountController.Register(UserDTO userDTO) in C:\Users\Owner\Dev\BoatJobs\API\Boats.API\Boats.API\Controllers\AccountController.cs:line 51
[2022-10-23 12:57:34.773 -04:00  INF]  Executing ObjectResult, writing value of type 'Microsoft.AspNetCore.Mvc.ProblemDetails'.
[2022-10-23 12:57:34.790 -04:00  INF]  Executed action Boats.API.Controllers.AccountController.Register (Boats.API) in 3050.0109ms
[2022-10-23 12:57:34.791 -04:00  INF]  Executed endpoint 'Boats.API.Controllers.AccountController.Register (Boats.API)'
[2022-10-23 12:57:34.797 -04:00  INF]  Request finished HTTP/2 POST https://localhost:7132/api/Account/register application/json-patch+json 142 - 500 248 application/problem+json;+charset=utf-8 3059.0992ms
[2022-10-23 13:02:42.366 -04:00  INF]  User profile is available. Using 'C:\Users\Owner\AppData\Local\ASP.NET\DataProtection-Keys' as key repository and Windows DPAPI to encrypt keys at rest.
[2022-10-23 13:02:42.695 -04:00  INF]  Now listening on: https://localhost:7132
[2022-10-23 13:02:42.695 -04:00  INF]  Now listening on: http://localhost:5132
[2022-10-23 13:02:42.699 -04:00  INF]  Application started. Press Ctrl+C to shut down.
[2022-10-23 13:02:42.699 -04:00  INF]  Hosting environment: Development
[2022-10-23 13:02:42.699 -04:00  INF]  Content root path: C:\Users\Owner\Dev\BoatJobs\API\Boats.API\Boats.API\
[2022-10-23 13:02:43.258 -04:00  INF]  Request starting HTTP/2 GET https://localhost:7132/swagger/index.html - -
[2022-10-23 13:02:43.527 -04:00  INF]  Request starting HTTP/2 GET https://localhost:7132/_framework/aspnetcore-browser-refresh.js - -
[2022-10-23 13:02:43.533 -04:00  INF]  Request finished HTTP/2 GET https://localhost:7132/_framework/aspnetcore-browser-refresh.js - - - 200 11988 application/javascript;+charset=utf-8 5.3294ms
[2022-10-23 13:02:43.533 -04:00  INF]  Request finished HTTP/2 GET https://localhost:7132/swagger/index.html - - - 200 - text/html;charset=utf-8 280.7453ms
[2022-10-23 13:02:43.582 -04:00  INF]  Request starting HTTP/2 GET https://localhost:7132/_vs/browserLink - -
[2022-10-23 13:02:43.599 -04:00  INF]  Request finished HTTP/2 GET https://localhost:7132/_vs/browserLink - - - 200 - text/javascript;+charset=UTF-8 16.8855ms
[2022-10-23 13:02:43.773 -04:00  INF]  Request starting HTTP/2 GET https://localhost:7132/swagger/v1/swagger.json - -
[2022-10-23 13:02:43.896 -04:00  INF]  Request finished HTTP/2 GET https://localhost:7132/swagger/v1/swagger.json - - - 200 - application/json;charset=utf-8 122.4250ms
[2022-10-23 13:03:04.407 -04:00  INF]  Request starting HTTP/2 POST https://localhost:7132/api/Account/register application/json-patch+json 113
[2022-10-23 13:03:04.414 -04:00  INF]  CORS policy execution successful.
[2022-10-23 13:03:04.419 -04:00  INF]  Executing endpoint 'Boats.API.Controllers.AccountController.Register (Boats.API)'
[2022-10-23 13:03:04.448 -04:00  INF]  Route matched with {action = "Register", controller = "Account"}. Executing controller action with signature System.Threading.Tasks.Task`1[Microsoft.AspNetCore.Mvc.IActionResult] Register(Boats.API.Models.UserDTO) on controller Boats.API.Controllers.AccountController (Boats.API).
[2022-10-23 13:03:04.907 -04:00  INF]  Executing BadRequestObjectResult, writing value of type 'Microsoft.AspNetCore.Mvc.ValidationProblemDetails'.
[2022-10-23 13:03:04.978 -04:00  INF]  Executed action Boats.API.Controllers.AccountController.Register (Boats.API) in 525.0842ms
[2022-10-23 13:03:04.980 -04:00  INF]  Executed endpoint 'Boats.API.Controllers.AccountController.Register (Boats.API)'
[2022-10-23 13:03:04.983 -04:00  INF]  Request finished HTTP/2 POST https://localhost:7132/api/Account/register application/json-patch+json 113 - 400 243 application/problem+json;+charset=utf-8 575.6291ms
[2022-10-23 13:03:16.806 -04:00  INF]  Request starting HTTP/2 POST https://localhost:7132/api/Account/register application/json-patch+json 140
[2022-10-23 13:03:16.809 -04:00  INF]  CORS policy execution successful.
[2022-10-23 13:03:16.809 -04:00  INF]  Executing endpoint 'Boats.API.Controllers.AccountController.Register (Boats.API)'
[2022-10-23 13:03:16.809 -04:00  INF]  Route matched with {action = "Register", controller = "Account"}. Executing controller action with signature System.Threading.Tasks.Task`1[Microsoft.AspNetCore.Mvc.IActionResult] Register(Boats.API.Models.UserDTO) on controller Boats.API.Controllers.AccountController (Boats.API).
[2022-10-23 13:03:16.858 -04:00  INF]  Registration Attempt for user@example.com 
[2022-10-23 13:03:16.878 -04:00  WRN]  User password validation failed: PasswordRequiresNonAlphanumeric.
[2022-10-23 13:03:16.879 -04:00  INF]  Executing BadRequestObjectResult, writing value of type 'Microsoft.AspNetCore.Mvc.SerializableError'.
[2022-10-23 13:03:16.880 -04:00  INF]  Executed action Boats.API.Controllers.AccountController.Register (Boats.API) in 70.3424ms
[2022-10-23 13:03:16.880 -04:00  INF]  Executed endpoint 'Boats.API.Controllers.AccountController.Register (Boats.API)'
[2022-10-23 13:03:16.880 -04:00  INF]  Request finished HTTP/2 POST https://localhost:7132/api/Account/register application/json-patch+json 140 - 400 100 application/json;+charset=utf-8 74.1096ms
[2022-10-23 13:03:28.854 -04:00  INF]  Request starting HTTP/2 POST https://localhost:7132/api/Account/register application/json-patch+json 141
[2022-10-23 13:03:28.856 -04:00  INF]  CORS policy execution successful.
[2022-10-23 13:03:28.857 -04:00  INF]  Executing endpoint 'Boats.API.Controllers.AccountController.Register (Boats.API)'
[2022-10-23 13:03:28.857 -04:00  INF]  Route matched with {action = "Register", controller = "Account"}. Executing controller action with signature System.Threading.Tasks.Task`1[Microsoft.AspNetCore.Mvc.IActionResult] Register(Boats.API.Models.UserDTO) on controller Boats.API.Controllers.AccountController (Boats.API).
[2022-10-23 13:03:28.863 -04:00  INF]  Registration Attempt for user@example.com 
[2022-10-23 13:03:29.745 -04:00  INF]  Entity Framework Core 6.0.8 initialized 'BoatsDbContext' using provider 'Microsoft.EntityFrameworkCore.SqlServer:6.0.8' with options: None
[2022-10-23 13:03:30.619 -04:00  INF]  Executed DbCommand (74ms) [Parameters=[@__normalizedUserName_0='?' (Size = 256)], CommandType='"Text"', CommandTimeout='30']
SELECT TOP(1) [a].[Id], [a].[AccessFailedCount], [a].[ConcurrencyStamp], [a].[Email], [a].[EmailConfirmed], [a].[FirstName], [a].[LastName], [a].[LockoutEnabled], [a].[LockoutEnd], [a].[NormalizedEmail], [a].[NormalizedUserName], [a].[PasswordHash], [a].[PhoneNumber], [a].[PhoneNumberConfirmed], [a].[SecurityStamp], [a].[TwoFactorEnabled], [a].[UserName]
FROM [AspNetUsers] AS [a]
WHERE [a].[NormalizedUserName] = @__normalizedUserName_0
[2022-10-23 13:03:30.757 -04:00  INF]  Executed DbCommand (5ms) [Parameters=[@__normalizedEmail_0='?' (Size = 256)], CommandType='"Text"', CommandTimeout='30']
SELECT TOP(2) [a].[Id], [a].[AccessFailedCount], [a].[ConcurrencyStamp], [a].[Email], [a].[EmailConfirmed], [a].[FirstName], [a].[LastName], [a].[LockoutEnabled], [a].[LockoutEnd], [a].[NormalizedEmail], [a].[NormalizedUserName], [a].[PasswordHash], [a].[PhoneNumber], [a].[PhoneNumberConfirmed], [a].[SecurityStamp], [a].[TwoFactorEnabled], [a].[UserName]
FROM [AspNetUsers] AS [a]
WHERE [a].[NormalizedEmail] = @__normalizedEmail_0
[2022-10-23 13:03:30.761 -04:00  WRN]  User validation failed: DuplicateUserName;DuplicateEmail.
[2022-10-23 13:03:30.767 -04:00  INF]  Executing BadRequestObjectResult, writing value of type 'Microsoft.AspNetCore.Mvc.SerializableError'.
[2022-10-23 13:03:30.767 -04:00  INF]  Executed action Boats.API.Controllers.AccountController.Register (Boats.API) in 1910.7485ms
[2022-10-23 13:03:30.768 -04:00  INF]  Executed endpoint 'Boats.API.Controllers.AccountController.Register (Boats.API)'
[2022-10-23 13:03:30.774 -04:00  INF]  Request finished HTTP/2 POST https://localhost:7132/api/Account/register application/json-patch+json 141 - 400 135 application/json;+charset=utf-8 1920.3821ms
[2022-10-23 13:03:39.004 -04:00  INF]  Request starting HTTP/2 POST https://localhost:7132/api/Account/register application/json-patch+json 142
[2022-10-23 13:03:39.005 -04:00  INF]  CORS policy execution successful.
[2022-10-23 13:03:39.005 -04:00  INF]  Executing endpoint 'Boats.API.Controllers.AccountController.Register (Boats.API)'
[2022-10-23 13:03:39.005 -04:00  INF]  Route matched with {action = "Register", controller = "Account"}. Executing controller action with signature System.Threading.Tasks.Task`1[Microsoft.AspNetCore.Mvc.IActionResult] Register(Boats.API.Models.UserDTO) on controller Boats.API.Controllers.AccountController (Boats.API).
[2022-10-23 13:03:39.005 -04:00  INF]  Registration Attempt for user2@example.com 
[2022-10-23 13:03:39.047 -04:00  INF]  Entity Framework Core 6.0.8 initialized 'BoatsDbContext' using provider 'Microsoft.EntityFrameworkCore.SqlServer:6.0.8' with options: None
[2022-10-23 13:03:39.053 -04:00  INF]  Executed DbCommand (2ms) [Parameters=[@__normalizedUserName_0='?' (Size = 256)], CommandType='"Text"', CommandTimeout='30']
SELECT TOP(1) [a].[Id], [a].[AccessFailedCount], [a].[ConcurrencyStamp], [a].[Email], [a].[EmailConfirmed], [a].[FirstName], [a].[LastName], [a].[LockoutEnabled], [a].[LockoutEnd], [a].[NormalizedEmail], [a].[NormalizedUserName], [a].[PasswordHash], [a].[PhoneNumber], [a].[PhoneNumberConfirmed], [a].[SecurityStamp], [a].[TwoFactorEnabled], [a].[UserName]
FROM [AspNetUsers] AS [a]
WHERE [a].[NormalizedUserName] = @__normalizedUserName_0
[2022-10-23 13:03:39.055 -04:00  INF]  Executed DbCommand (2ms) [Parameters=[@__normalizedEmail_0='?' (Size = 256)], CommandType='"Text"', CommandTimeout='30']
SELECT TOP(2) [a].[Id], [a].[AccessFailedCount], [a].[ConcurrencyStamp], [a].[Email], [a].[EmailConfirmed], [a].[FirstName], [a].[LastName], [a].[LockoutEnabled], [a].[LockoutEnd], [a].[NormalizedEmail], [a].[NormalizedUserName], [a].[PasswordHash], [a].[PhoneNumber], [a].[PhoneNumberConfirmed], [a].[SecurityStamp], [a].[TwoFactorEnabled], [a].[UserName]
FROM [AspNetUsers] AS [a]
WHERE [a].[NormalizedEmail] = @__normalizedEmail_0
[2022-10-23 13:03:39.202 -04:00  INF]  Executed DbCommand (4ms) [Parameters=[@p0='?' (Size = 450), @p1='?' (DbType = Int32), @p2='?' (Size = 4000), @p3='?' (Size = 256), @p4='?' (DbType = Boolean), @p5='?' (Size = 4000), @p6='?' (Size = 4000), @p7='?' (DbType = Boolean), @p8='?' (DbType = DateTimeOffset), @p9='?' (Size = 256), @p10='?' (Size = 256), @p11='?' (Size = 4000), @p12='?' (Size = 4000), @p13='?' (DbType = Boolean), @p14='?' (Size = 4000), @p15='?' (DbType = Boolean), @p16='?' (Size = 256)], CommandType='"Text"', CommandTimeout='30']
SET NOCOUNT ON;
INSERT INTO [AspNetUsers] ([Id], [AccessFailedCount], [ConcurrencyStamp], [Email], [EmailConfirmed], [FirstName], [LastName], [LockoutEnabled], [LockoutEnd], [NormalizedEmail], [NormalizedUserName], [PasswordHash], [PhoneNumber], [PhoneNumberConfirmed], [SecurityStamp], [TwoFactorEnabled], [UserName])
VALUES (@p0, @p1, @p2, @p3, @p4, @p5, @p6, @p7, @p8, @p9, @p10, @p11, @p12, @p13, @p14, @p15, @p16);
[2022-10-23 13:03:39.250 -04:00  INF]  Executed DbCommand (2ms) [Parameters=[@__normalizedRoleName_0='?' (Size = 256)], CommandType='"Text"', CommandTimeout='30']
SELECT TOP(2) [a].[Id], [a].[ConcurrencyStamp], [a].[Name], [a].[NormalizedName]
FROM [AspNetRoles] AS [a]
WHERE [a].[NormalizedName] = @__normalizedRoleName_0
[2022-10-23 13:03:39.258 -04:00  INF]  Executed DbCommand (1ms) [Parameters=[@__normalizedRoleName_0='?' (Size = 256)], CommandType='"Text"', CommandTimeout='30']
SELECT TOP(2) [a].[Id], [a].[ConcurrencyStamp], [a].[Name], [a].[NormalizedName]
FROM [AspNetRoles] AS [a]
WHERE [a].[NormalizedName] = @__normalizedRoleName_0
[2022-10-23 13:03:39.300 -04:00  ERR]  Something Went Wrong in the Register
System.InvalidOperationException: Role STRING does not exist.
   at Microsoft.AspNetCore.Identity.EntityFrameworkCore.UserStore`9.AddToRoleAsync(TUser user, String normalizedRoleName, CancellationToken cancellationToken)
   at Microsoft.AspNetCore.Identity.UserManager`1.AddToRolesAsync(TUser user, IEnumerable`1 roles)
   at Boats.API.Controllers.AccountController.Register(UserDTO userDTO) in C:\Users\Owner\Dev\BoatJobs\API\Boats.API\Boats.API\Controllers\AccountController.cs:line 51
[2022-10-23 13:03:39.334 -04:00  INF]  Executing ObjectResult, writing value of type 'Microsoft.AspNetCore.Mvc.ProblemDetails'.
[2022-10-23 13:03:39.336 -04:00  INF]  Executed action Boats.API.Controllers.AccountController.Register (Boats.API) in 331.4561ms
[2022-10-23 13:03:39.336 -04:00  INF]  Executed endpoint 'Boats.API.Controllers.AccountController.Register (Boats.API)'
[2022-10-23 13:03:39.337 -04:00  INF]  Request finished HTTP/2 POST https://localhost:7132/api/Account/register application/json-patch+json 142 - 500 248 application/problem+json;+charset=utf-8 332.0541ms
[2022-10-23 13:12:16.502 -04:00  INF]  User profile is available. Using 'C:\Users\Owner\AppData\Local\ASP.NET\DataProtection-Keys' as key repository and Windows DPAPI to encrypt keys at rest.
[2022-10-23 13:12:16.818 -04:00  INF]  Now listening on: https://localhost:7132
[2022-10-23 13:12:16.819 -04:00  INF]  Now listening on: http://localhost:5132
[2022-10-23 13:12:16.821 -04:00  INF]  Application started. Press Ctrl+C to shut down.
[2022-10-23 13:12:16.821 -04:00  INF]  Hosting environment: Development
[2022-10-23 13:12:16.821 -04:00  INF]  Content root path: C:\Users\Owner\Dev\BoatJobs\API\Boats.API\Boats.API\
[2022-10-23 13:12:17.274 -04:00  INF]  Request starting HTTP/2 GET https://localhost:7132/swagger/index.html - -
[2022-10-23 13:12:17.543 -04:00  INF]  Request starting HTTP/2 GET https://localhost:7132/_framework/aspnetcore-browser-refresh.js - -
[2022-10-23 13:12:17.548 -04:00  INF]  Request finished HTTP/2 GET https://localhost:7132/_framework/aspnetcore-browser-refresh.js - - - 200 11988 application/javascript;+charset=utf-8 3.9710ms
[2022-10-23 13:12:17.548 -04:00  INF]  Request finished HTTP/2 GET https://localhost:7132/swagger/index.html - - - 200 - text/html;charset=utf-8 277.2316ms
[2022-10-23 13:12:17.556 -04:00  INF]  Request starting HTTP/2 GET https://localhost:7132/_vs/browserLink - -
[2022-10-23 13:12:17.578 -04:00  INF]  Request finished HTTP/2 GET https://localhost:7132/_vs/browserLink - - - 200 - text/javascript;+charset=UTF-8 22.8650ms
[2022-10-23 13:12:17.688 -04:00  INF]  Request starting HTTP/2 GET https://localhost:7132/swagger/v1/swagger.json - -
[2022-10-23 13:12:17.817 -04:00  INF]  Request finished HTTP/2 GET https://localhost:7132/swagger/v1/swagger.json - - - 200 - application/json;charset=utf-8 129.5518ms
[2022-10-23 13:12:36.476 -04:00  INF]  Request starting HTTP/2 POST https://localhost:7132/api/Account/register application/json-patch+json 143
[2022-10-23 13:12:36.483 -04:00  INF]  CORS policy execution successful.
[2022-10-23 13:12:36.488 -04:00  INF]  Executing endpoint 'Boats.API.Controllers.AccountController.Register (Boats.API)'
[2022-10-23 13:12:36.513 -04:00  INF]  Route matched with {action = "Register", controller = "Account"}. Executing controller action with signature System.Threading.Tasks.Task`1[Microsoft.AspNetCore.Mvc.IActionResult] Register(Boats.API.Models.UserDTO) on controller Boats.API.Controllers.AccountController (Boats.API).
[2022-10-23 13:12:36.975 -04:00  INF]  Registration Attempt for Testing@example.com 
[2022-10-23 13:12:37.857 -04:00  INF]  Entity Framework Core 6.0.8 initialized 'BoatsDbContext' using provider 'Microsoft.EntityFrameworkCore.SqlServer:6.0.8' with options: None
[2022-10-23 13:12:38.707 -04:00  INF]  Executed DbCommand (75ms) [Parameters=[@__normalizedUserName_0='?' (Size = 256)], CommandType='"Text"', CommandTimeout='30']
SELECT TOP(1) [a].[Id], [a].[AccessFailedCount], [a].[ConcurrencyStamp], [a].[Email], [a].[EmailConfirmed], [a].[FirstName], [a].[LastName], [a].[LockoutEnabled], [a].[LockoutEnd], [a].[NormalizedEmail], [a].[NormalizedUserName], [a].[PasswordHash], [a].[PhoneNumber], [a].[PhoneNumberConfirmed], [a].[SecurityStamp], [a].[TwoFactorEnabled], [a].[UserName]
FROM [AspNetUsers] AS [a]
WHERE [a].[NormalizedUserName] = @__normalizedUserName_0
[2022-10-23 13:12:38.773 -04:00  INF]  Executed DbCommand (4ms) [Parameters=[@__normalizedEmail_0='?' (Size = 256)], CommandType='"Text"', CommandTimeout='30']
SELECT TOP(2) [a].[Id], [a].[AccessFailedCount], [a].[ConcurrencyStamp], [a].[Email], [a].[EmailConfirmed], [a].[FirstName], [a].[LastName], [a].[LockoutEnabled], [a].[LockoutEnd], [a].[NormalizedEmail], [a].[NormalizedUserName], [a].[PasswordHash], [a].[PhoneNumber], [a].[PhoneNumberConfirmed], [a].[SecurityStamp], [a].[TwoFactorEnabled], [a].[UserName]
FROM [AspNetUsers] AS [a]
WHERE [a].[NormalizedEmail] = @__normalizedEmail_0
[2022-10-23 13:12:38.972 -04:00  INF]  Executed DbCommand (4ms) [Parameters=[@p0='?' (Size = 450), @p1='?' (DbType = Int32), @p2='?' (Size = 4000), @p3='?' (Size = 256), @p4='?' (DbType = Boolean), @p5='?' (Size = 4000), @p6='?' (Size = 4000), @p7='?' (DbType = Boolean), @p8='?' (DbType = DateTimeOffset), @p9='?' (Size = 256), @p10='?' (Size = 256), @p11='?' (Size = 4000), @p12='?' (Size = 4000), @p13='?' (DbType = Boolean), @p14='?' (Size = 4000), @p15='?' (DbType = Boolean), @p16='?' (Size = 256)], CommandType='"Text"', CommandTimeout='30']
SET NOCOUNT ON;
INSERT INTO [AspNetUsers] ([Id], [AccessFailedCount], [ConcurrencyStamp], [Email], [EmailConfirmed], [FirstName], [LastName], [LockoutEnabled], [LockoutEnd], [NormalizedEmail], [NormalizedUserName], [PasswordHash], [PhoneNumber], [PhoneNumberConfirmed], [SecurityStamp], [TwoFactorEnabled], [UserName])
VALUES (@p0, @p1, @p2, @p3, @p4, @p5, @p6, @p7, @p8, @p9, @p10, @p11, @p12, @p13, @p14, @p15, @p16);
[2022-10-23 13:12:39.019 -04:00  INF]  Executed DbCommand (2ms) [Parameters=[@__normalizedRoleName_0='?' (Size = 256)], CommandType='"Text"', CommandTimeout='30']
SELECT TOP(2) [a].[Id], [a].[ConcurrencyStamp], [a].[Name], [a].[NormalizedName]
FROM [AspNetRoles] AS [a]
WHERE [a].[NormalizedName] = @__normalizedRoleName_0
[2022-10-23 13:12:39.031 -04:00  INF]  Executed DbCommand (1ms) [Parameters=[@__normalizedRoleName_0='?' (Size = 256)], CommandType='"Text"', CommandTimeout='30']
SELECT TOP(2) [a].[Id], [a].[ConcurrencyStamp], [a].[Name], [a].[NormalizedName]
FROM [AspNetRoles] AS [a]
WHERE [a].[NormalizedName] = @__normalizedRoleName_0
[2022-10-23 13:12:39.071 -04:00  ERR]  Something Went Wrong in the Register
System.InvalidOperationException: Role STRING does not exist.
   at Microsoft.AspNetCore.Identity.EntityFrameworkCore.UserStore`9.AddToRoleAsync(TUser user, String normalizedRoleName, CancellationToken cancellationToken)
   at Microsoft.AspNetCore.Identity.UserManager`1.AddToRolesAsync(TUser user, IEnumerable`1 roles)
   at Boats.API.Controllers.AccountController.Register(UserDTO userDTO) in C:\Users\Owner\Dev\BoatJobs\API\Boats.API\Boats.API\Controllers\AccountController.cs:line 51
[2022-10-23 13:12:39.109 -04:00  INF]  Executing ObjectResult, writing value of type 'Microsoft.AspNetCore.Mvc.ProblemDetails'.
[2022-10-23 13:12:39.165 -04:00  INF]  Executed action Boats.API.Controllers.AccountController.Register (Boats.API) in 2646.2923ms
[2022-10-23 13:12:39.166 -04:00  INF]  Executed endpoint 'Boats.API.Controllers.AccountController.Register (Boats.API)'
[2022-10-23 13:12:39.175 -04:00  INF]  Request finished HTTP/2 POST https://localhost:7132/api/Account/register application/json-patch+json 143 - 500 248 application/problem+json;+charset=utf-8 2698.4451ms
