[2023-02-26 12:23:15.721 -05:00  INF]  User profile is available. Using 'C:\Users\Owner\AppData\Local\ASP.NET\DataProtection-Keys' as key repository and Windows DPAPI to encrypt keys at rest.
[2023-02-26 12:23:16.275 -05:00  INF]  Now listening on: https://localhost:7132
[2023-02-26 12:23:16.275 -05:00  INF]  Now listening on: http://localhost:5132
[2023-02-26 12:23:16.277 -05:00  INF]  Application started. Press Ctrl+C to shut down.
[2023-02-26 12:23:16.278 -05:00  INF]  Hosting environment: Development
[2023-02-26 12:23:16.278 -05:00  INF]  Content root path: C:\Users\Owner\Dev\BoatJobs\API\Boats.API\Boats.API\
[2023-02-26 12:23:17.046 -05:00  INF]  Request starting HTTP/2 GET https://localhost:7132/swagger/index.html - -
[2023-02-26 12:23:17.584 -05:00  INF]  Request starting HTTP/2 GET https://localhost:7132/_framework/aspnetcore-browser-refresh.js - -
[2023-02-26 12:23:17.591 -05:00  INF]  Request finished HTTP/2 GET https://localhost:7132/swagger/index.html - - - 200 - text/html;charset=utf-8 544.9504ms
[2023-02-26 12:23:17.597 -05:00  INF]  Request finished HTTP/2 GET https://localhost:7132/_framework/aspnetcore-browser-refresh.js - - - 200 11988 application/javascript;+charset=utf-8 10.4358ms
[2023-02-26 12:23:17.601 -05:00  INF]  Request starting HTTP/2 GET https://localhost:7132/_vs/browserLink - -
[2023-02-26 12:23:17.636 -05:00  INF]  Request finished HTTP/2 GET https://localhost:7132/_vs/browserLink - - - 200 - text/javascript;+charset=UTF-8 34.4276ms
[2023-02-26 12:23:17.753 -05:00  INF]  Request starting HTTP/2 GET https://localhost:7132/swagger/v1/swagger.json - -
[2023-02-26 12:23:17.795 -05:00  INF]  Request starting HTTP/2 GET https://localhost:7132/swagger/favicon-32x32.png - -
[2023-02-26 12:23:17.808 -05:00  INF]  Sending file. Request path: '/favicon-32x32.png'. Physical path: 'N/A'
[2023-02-26 12:23:17.808 -05:00  INF]  Request finished HTTP/2 GET https://localhost:7132/swagger/favicon-32x32.png - - - 200 628 image/png 13.2678ms
[2023-02-26 12:23:17.914 -05:00  INF]  Request finished HTTP/2 GET https://localhost:7132/swagger/v1/swagger.json - - - 200 - application/json;charset=utf-8 160.2935ms
[2023-02-26 12:25:04.333 -05:00  INF]  User profile is available. Using 'C:\Users\Owner\AppData\Local\ASP.NET\DataProtection-Keys' as key repository and Windows DPAPI to encrypt keys at rest.
[2023-02-26 12:25:04.586 -05:00  INF]  Now listening on: https://localhost:7132
[2023-02-26 12:25:04.586 -05:00  INF]  Now listening on: http://localhost:5132
[2023-02-26 12:25:04.589 -05:00  INF]  Application started. Press Ctrl+C to shut down.
[2023-02-26 12:25:04.590 -05:00  INF]  Hosting environment: Development
[2023-02-26 12:25:04.590 -05:00  INF]  Content root path: C:\Users\Owner\Dev\BoatJobs\API\Boats.API\Boats.API\
[2023-02-26 12:25:05.294 -05:00  INF]  Request starting HTTP/2 GET https://localhost:7132/swagger/index.html - -
[2023-02-26 12:25:05.572 -05:00  INF]  Request starting HTTP/2 GET https://localhost:7132/_vs/browserLink - -
[2023-02-26 12:25:05.572 -05:00  INF]  Request starting HTTP/2 GET https://localhost:7132/_framework/aspnetcore-browser-refresh.js - -
[2023-02-26 12:25:05.575 -05:00  INF]  Request finished HTTP/2 GET https://localhost:7132/swagger/index.html - - - 200 - text/html;charset=utf-8 285.4640ms
[2023-02-26 12:25:05.584 -05:00  INF]  Request finished HTTP/2 GET https://localhost:7132/_framework/aspnetcore-browser-refresh.js - - - 200 11988 application/javascript;+charset=utf-8 11.7032ms
[2023-02-26 12:25:05.596 -05:00  INF]  Request finished HTTP/2 GET https://localhost:7132/_vs/browserLink - - - 200 - text/javascript;+charset=UTF-8 23.6330ms
[2023-02-26 12:25:05.678 -05:00  INF]  Request starting HTTP/2 GET https://localhost:7132/swagger/v1/swagger.json - -
[2023-02-26 12:25:05.842 -05:00  INF]  Request finished HTTP/2 GET https://localhost:7132/swagger/v1/swagger.json - - - 200 - application/json;charset=utf-8 163.5645ms
[2023-02-26 12:25:22.923 -05:00  INF]  Request starting HTTP/2 POST https://localhost:7132/api/Account/login application/json-patch+json 68
[2023-02-26 12:25:23.360 -05:00  INF]  CORS policy execution successful.
[2023-02-26 12:25:23.367 -05:00  INF]  Executing endpoint 'Boats.API.Controllers.AccountController.Login (Boats.API)'
[2023-02-26 12:25:23.398 -05:00  INF]  Route matched with {action = "Login", controller = "Account"}. Executing controller action with signature System.Threading.Tasks.Task`1[Microsoft.AspNetCore.Mvc.IActionResult] Login(Boats.API.Models.LoginUserDTO) on controller Boats.API.Controllers.AccountController (Boats.API).
[2023-02-26 12:25:24.106 -05:00  INF]  Login Attempt for bearerTest@example.com 
[2023-02-26 12:25:24.977 -05:00  INF]  Entity Framework Core 6.0.8 initialized 'BoatsDbContext' using provider 'Microsoft.EntityFrameworkCore.SqlServer:6.0.8' with options: None
[2023-02-26 12:25:26.411 -05:00  INF]  Executed DbCommand (144ms) [Parameters=[@__normalizedUserName_0='?' (Size = 256)], CommandType='"Text"', CommandTimeout='30']
SELECT TOP(1) [a].[Id], [a].[AccessFailedCount], [a].[ConcurrencyStamp], [a].[Email], [a].[EmailConfirmed], [a].[FirstName], [a].[LastName], [a].[LockoutEnabled], [a].[LockoutEnd], [a].[NormalizedEmail], [a].[NormalizedUserName], [a].[PasswordHash], [a].[PhoneNumber], [a].[PhoneNumberConfirmed], [a].[SecurityStamp], [a].[TwoFactorEnabled], [a].[UserName]
FROM [AspNetUsers] AS [a]
WHERE [a].[NormalizedUserName] = @__normalizedUserName_0
[2023-02-26 12:25:26.660 -05:00  INF]  Executed DbCommand (11ms) [Parameters=[@__userId_0='?' (Size = 450)], CommandType='"Text"', CommandTimeout='30']
SELECT [a0].[Name]
FROM [AspNetUserRoles] AS [a]
INNER JOIN [AspNetRoles] AS [a0] ON [a].[RoleId] = [a0].[Id]
WHERE [a].[UserId] = @__userId_0
[2023-02-26 12:25:26.871 -05:00  INF]  Executing AcceptedResult, writing value of type '<>f__AnonymousType0`1[[System.String, System.Private.CoreLib, Version=6.0.0.0, Culture=neutral, PublicKeyToken=7cec85d7bea7798e]]'.
[2023-02-26 12:25:26.921 -05:00  INF]  Executed action Boats.API.Controllers.AccountController.Login (Boats.API) in 3517.7731ms
[2023-02-26 12:25:26.923 -05:00  INF]  Executed endpoint 'Boats.API.Controllers.AccountController.Login (Boats.API)'
[2023-02-26 12:25:26.932 -05:00  INF]  Request finished HTTP/2 POST https://localhost:7132/api/Account/login application/json-patch+json 68 - 202 376 application/json;+charset=utf-8 4009.0505ms
[2023-02-26 12:25:37.717 -05:00  INF]  Request starting HTTP/2 GET https://localhost:7132/api/Boats?PageNumber=1&PageSize=3 - -
[2023-02-26 12:25:37.725 -05:00  INF]  Executing endpoint 'Boats.API.Controllers.BoatsController.GetAllJobs (Boats.API)'
[2023-02-26 12:25:37.728 -05:00  INF]  Route matched with {action = "GetAllJobs", controller = "Boats"}. Executing controller action with signature System.Threading.Tasks.Task`1[Microsoft.AspNetCore.Mvc.IActionResult] GetAllJobs(Boats.API.Models.RequestParams) on controller Boats.API.Controllers.BoatsController (Boats.API).
[2023-02-26 12:25:37.775 -05:00  INF]  Entity Framework Core 6.0.8 initialized 'BoatsDbContext' using provider 'Microsoft.EntityFrameworkCore.SqlServer:6.0.8' with options: None
[2023-02-26 12:25:37.809 -05:00  INF]  Executed DbCommand (6ms) [Parameters=[], CommandType='"Text"', CommandTimeout='30']
SELECT [b].[Id], [b].[Amount], [b].[County], [b].[Date], [b].[JobDesciption], [b].[JobTitle], [b].[Name], [b].[State], [b].[Zipcode]
FROM [Boats] AS [b]
[2023-02-26 12:25:37.817 -05:00  WRN]  The query uses a row limiting operator ('Skip'/'Take') without an 'OrderBy' operator. This may lead to unpredictable results. If the 'Distinct' operator is used after 'OrderBy', then make sure to use the 'OrderBy' operator after 'Distinct' as the ordering would otherwise get erased.
[2023-02-26 12:25:37.818 -05:00  WRN]  The query uses a row limiting operator ('Skip'/'Take') without an 'OrderBy' operator. This may lead to unpredictable results. If the 'Distinct' operator is used after 'OrderBy', then make sure to use the 'OrderBy' operator after 'Distinct' as the ordering would otherwise get erased.
[2023-02-26 12:25:37.827 -05:00  INF]  Executed DbCommand (8ms) [Parameters=[@__p_0='?' (DbType = Int32), @__p_1='?' (DbType = Int32)], CommandType='"Text"', CommandTimeout='30']
SELECT [b].[Id], [b].[Amount], [b].[County], [b].[Date], [b].[JobDesciption], [b].[JobTitle], [b].[Name], [b].[State], [b].[Zipcode]
FROM [Boats] AS [b]
ORDER BY (SELECT 1)
OFFSET @__p_0 ROWS FETCH NEXT @__p_1 ROWS ONLY
[2023-02-26 12:25:37.852 -05:00  INF]  Executing OkObjectResult, writing value of type 'System.Collections.Generic.List`1[[Boats.API.Models.BoatDTO, Boats.API, Version=1.0.0.0, Culture=neutral, PublicKeyToken=null]]'.
[2023-02-26 12:25:37.866 -05:00  INF]  Executed action Boats.API.Controllers.BoatsController.GetAllJobs (Boats.API) in 137.0092ms
[2023-02-26 12:25:37.866 -05:00  INF]  Executed endpoint 'Boats.API.Controllers.BoatsController.GetAllJobs (Boats.API)'
[2023-02-26 12:25:37.869 -05:00  INF]  Request finished HTTP/2 GET https://localhost:7132/api/Boats?PageNumber=1&PageSize=3 - - - 200 590 application/json;+charset=utf-8 152.2661ms
[2023-02-26 12:26:45.784 -05:00  INF]  User profile is available. Using 'C:\Users\Owner\AppData\Local\ASP.NET\DataProtection-Keys' as key repository and Windows DPAPI to encrypt keys at rest.
[2023-02-26 12:26:46.053 -05:00  INF]  Now listening on: https://localhost:7132
[2023-02-26 12:26:46.054 -05:00  INF]  Now listening on: http://localhost:5132
[2023-02-26 12:26:46.056 -05:00  INF]  Application started. Press Ctrl+C to shut down.
[2023-02-26 12:26:46.056 -05:00  INF]  Hosting environment: Development
[2023-02-26 12:26:46.056 -05:00  INF]  Content root path: C:\Users\Owner\Dev\BoatJobs\API\Boats.API\Boats.API\
[2023-02-26 12:26:47.017 -05:00  INF]  Request starting HTTP/2 GET https://localhost:7132/swagger/index.html - -
[2023-02-26 12:26:47.465 -05:00  INF]  Request starting HTTP/2 GET https://localhost:7132/_framework/aspnetcore-browser-refresh.js - -
[2023-02-26 12:26:47.465 -05:00  INF]  Request starting HTTP/2 GET https://localhost:7132/_vs/browserLink - -
[2023-02-26 12:26:47.474 -05:00  INF]  Request finished HTTP/2 GET https://localhost:7132/swagger/index.html - - - 200 - text/html;charset=utf-8 462.1788ms
[2023-02-26 12:26:47.474 -05:00  INF]  Request finished HTTP/2 GET https://localhost:7132/_framework/aspnetcore-browser-refresh.js - - - 200 11988 application/javascript;+charset=utf-8 9.0684ms
[2023-02-26 12:26:47.499 -05:00  INF]  Request finished HTTP/2 GET https://localhost:7132/_vs/browserLink - - - 200 - text/javascript;+charset=UTF-8 33.4248ms
[2023-02-26 12:26:47.608 -05:00  INF]  Request starting HTTP/2 GET https://localhost:7132/swagger/v1/swagger.json - -
[2023-02-26 12:26:47.781 -05:00  INF]  Request finished HTTP/2 GET https://localhost:7132/swagger/v1/swagger.json - - - 200 - application/json;charset=utf-8 173.7579ms
[2023-02-26 12:27:40.231 -05:00  INF]  Request starting HTTP/2 GET https://localhost:7132/api/Boats?PageNumber=2&PageSize=2 - -
[2023-02-26 12:27:40.353 -05:00  INF]  Executing endpoint 'Boats.API.Controllers.BoatsController.GetAllJobs (Boats.API)'
[2023-02-26 12:27:40.380 -05:00  INF]  Route matched with {action = "GetAllJobs", controller = "Boats"}. Executing controller action with signature System.Threading.Tasks.Task`1[Microsoft.AspNetCore.Mvc.IActionResult] GetAllJobs(Boats.API.Models.RequestParams) on controller Boats.API.Controllers.BoatsController (Boats.API).
[2023-02-26 12:27:41.577 -05:00  INF]  Entity Framework Core 6.0.8 initialized 'BoatsDbContext' using provider 'Microsoft.EntityFrameworkCore.SqlServer:6.0.8' with options: None
[2023-02-26 12:27:42.207 -05:00  INF]  Executed DbCommand (30ms) [Parameters=[], CommandType='"Text"', CommandTimeout='30']
SELECT [b].[Id], [b].[Amount], [b].[County], [b].[Date], [b].[JobDesciption], [b].[JobTitle], [b].[Name], [b].[State], [b].[Zipcode]
FROM [Boats] AS [b]
[2023-02-26 12:27:42.354 -05:00  WRN]  The query uses a row limiting operator ('Skip'/'Take') without an 'OrderBy' operator. This may lead to unpredictable results. If the 'Distinct' operator is used after 'OrderBy', then make sure to use the 'OrderBy' operator after 'Distinct' as the ordering would otherwise get erased.
[2023-02-26 12:27:42.355 -05:00  WRN]  The query uses a row limiting operator ('Skip'/'Take') without an 'OrderBy' operator. This may lead to unpredictable results. If the 'Distinct' operator is used after 'OrderBy', then make sure to use the 'OrderBy' operator after 'Distinct' as the ordering would otherwise get erased.
[2023-02-26 12:27:42.403 -05:00  INF]  Executed DbCommand (33ms) [Parameters=[@__p_0='?' (DbType = Int32)], CommandType='"Text"', CommandTimeout='30']
SELECT [b].[Id], [b].[Amount], [b].[County], [b].[Date], [b].[JobDesciption], [b].[JobTitle], [b].[Name], [b].[State], [b].[Zipcode]
FROM [Boats] AS [b]
ORDER BY (SELECT 1)
OFFSET @__p_0 ROWS FETCH NEXT @__p_0 ROWS ONLY
[2023-02-26 12:27:42.439 -05:00  INF]  Executing OkObjectResult, writing value of type 'System.Collections.Generic.List`1[[Boats.API.Models.BoatDTO, Boats.API, Version=1.0.0.0, Culture=neutral, PublicKeyToken=null]]'.
[2023-02-26 12:27:42.589 -05:00  INF]  Executed action Boats.API.Controllers.BoatsController.GetAllJobs (Boats.API) in 2203.8333ms
[2023-02-26 12:27:42.590 -05:00  INF]  Executed endpoint 'Boats.API.Controllers.BoatsController.GetAllJobs (Boats.API)'
[2023-02-26 12:27:42.598 -05:00  INF]  Request finished HTTP/2 GET https://localhost:7132/api/Boats?PageNumber=2&PageSize=2 - - - 200 387 application/json;+charset=utf-8 2366.3943ms
[2023-02-26 12:30:02.297 -05:00  INF]  User profile is available. Using 'C:\Users\Owner\AppData\Local\ASP.NET\DataProtection-Keys' as key repository and Windows DPAPI to encrypt keys at rest.
[2023-02-26 12:30:02.551 -05:00  INF]  Now listening on: https://localhost:7132
[2023-02-26 12:30:02.551 -05:00  INF]  Now listening on: http://localhost:5132
[2023-02-26 12:30:02.553 -05:00  INF]  Application started. Press Ctrl+C to shut down.
[2023-02-26 12:30:02.554 -05:00  INF]  Hosting environment: Development
[2023-02-26 12:30:02.554 -05:00  INF]  Content root path: C:\Users\Owner\Dev\BoatJobs\API\Boats.API\Boats.API\
[2023-02-26 12:30:03.557 -05:00  INF]  Request starting HTTP/2 GET https://localhost:7132/swagger/index.html - -
[2023-02-26 12:30:03.819 -05:00  INF]  Request starting HTTP/2 GET https://localhost:7132/_framework/aspnetcore-browser-refresh.js - -
[2023-02-26 12:30:03.819 -05:00  INF]  Request starting HTTP/2 GET https://localhost:7132/_vs/browserLink - -
[2023-02-26 12:30:03.819 -05:00  INF]  Request finished HTTP/2 GET https://localhost:7132/swagger/index.html - - - 200 - text/html;charset=utf-8 265.1549ms
[2023-02-26 12:30:03.830 -05:00  INF]  Request finished HTTP/2 GET https://localhost:7132/_framework/aspnetcore-browser-refresh.js - - - 200 11988 application/javascript;+charset=utf-8 11.3300ms
[2023-02-26 12:30:03.845 -05:00  INF]  Request finished HTTP/2 GET https://localhost:7132/_vs/browserLink - - - 200 - text/javascript;+charset=UTF-8 26.5684ms
[2023-02-26 12:30:03.929 -05:00  INF]  Request starting HTTP/2 GET https://localhost:7132/swagger/v1/swagger.json - -
[2023-02-26 12:30:04.067 -05:00  INF]  Request finished HTTP/2 GET https://localhost:7132/swagger/v1/swagger.json - - - 200 - application/json;charset=utf-8 138.5083ms
[2023-02-26 12:30:14.636 -05:00  INF]  Request starting HTTP/2 GET https://localhost:7132/api/Boats?PageNumber=1&PageSize=1 - -
[2023-02-26 12:30:14.646 -05:00  INF]  No cached response available for this request.
[2023-02-26 12:30:14.676 -05:00  INF]  Checking for conditional GET/HEAD.
[2023-02-26 12:30:14.681 -05:00  INF]  Not valid - no If-None-Match or If-Modified-Since headers.
[2023-02-26 12:30:14.681 -05:00  INF]  Don't generate 304 - Not Modified.  Continue.
[2023-02-26 12:30:14.687 -05:00  INF]  Checking for conditional PUT/PATCH.
[2023-02-26 12:30:14.688 -05:00  INF]  Not valid - method isn't PUT or PATCH.
[2023-02-26 12:30:14.688 -05:00  INF]  Don't generate 412 - Precondition Failed.  Continue.
[2023-02-26 12:30:14.804 -05:00  INF]  Executing endpoint 'Boats.API.Controllers.BoatsController.GetAllJobs (Boats.API)'
[2023-02-26 12:30:14.831 -05:00  INF]  Route matched with {action = "GetAllJobs", controller = "Boats"}. Executing controller action with signature System.Threading.Tasks.Task`1[Microsoft.AspNetCore.Mvc.IActionResult] GetAllJobs(Boats.API.Models.RequestParams) on controller Boats.API.Controllers.BoatsController (Boats.API).
[2023-02-26 12:30:16.008 -05:00  INF]  Entity Framework Core 6.0.8 initialized 'BoatsDbContext' using provider 'Microsoft.EntityFrameworkCore.SqlServer:6.0.8' with options: None
[2023-02-26 12:30:16.664 -05:00  INF]  Executed DbCommand (31ms) [Parameters=[], CommandType='"Text"', CommandTimeout='30']
SELECT [b].[Id], [b].[Amount], [b].[County], [b].[Date], [b].[JobDesciption], [b].[JobTitle], [b].[Name], [b].[State], [b].[Zipcode]
FROM [Boats] AS [b]
[2023-02-26 12:30:16.819 -05:00  WRN]  The query uses a row limiting operator ('Skip'/'Take') without an 'OrderBy' operator. This may lead to unpredictable results. If the 'Distinct' operator is used after 'OrderBy', then make sure to use the 'OrderBy' operator after 'Distinct' as the ordering would otherwise get erased.
[2023-02-26 12:30:16.820 -05:00  WRN]  The query uses a row limiting operator ('Skip'/'Take') without an 'OrderBy' operator. This may lead to unpredictable results. If the 'Distinct' operator is used after 'OrderBy', then make sure to use the 'OrderBy' operator after 'Distinct' as the ordering would otherwise get erased.
[2023-02-26 12:30:16.867 -05:00  INF]  Executed DbCommand (33ms) [Parameters=[@__p_0='?' (DbType = Int32), @__p_1='?' (DbType = Int32)], CommandType='"Text"', CommandTimeout='30']
SELECT [b].[Id], [b].[Amount], [b].[County], [b].[Date], [b].[JobDesciption], [b].[JobTitle], [b].[Name], [b].[State], [b].[Zipcode]
FROM [Boats] AS [b]
ORDER BY (SELECT 1)
OFFSET @__p_0 ROWS FETCH NEXT @__p_1 ROWS ONLY
[2023-02-26 12:30:16.910 -05:00  INF]  Executing OkObjectResult, writing value of type 'System.Collections.Generic.List`1[[Boats.API.Models.BoatDTO, Boats.API, Version=1.0.0.0, Culture=neutral, PublicKeyToken=null]]'.
[2023-02-26 12:30:17.056 -05:00  INF]  Executed action Boats.API.Controllers.BoatsController.GetAllJobs (Boats.API) in 2219.7238ms
[2023-02-26 12:30:17.058 -05:00  INF]  Executed endpoint 'Boats.API.Controllers.BoatsController.GetAllJobs (Boats.API)'
[2023-02-26 12:30:17.064 -05:00  INF]  Generating expiration headers.
[2023-02-26 12:30:17.064 -05:00  INF]  Expiration headers generated. Expires: Sun, 26 Feb 2023 17:31:17 GMT. Cache-Control: public,max-age=60.
[2023-02-26 12:30:17.068 -05:00  INF]  Generating Validation headers.
[2023-02-26 12:30:17.075 -05:00  INF]  Validation headers generated. ETag: Strong, "AC608CFA4DFF55E7F2711ECDA64A5CD1". Last-Modified: Sun, 26 Feb 2023 17:30:17 GMT
[2023-02-26 12:30:17.076 -05:00  INF]  Generating Vary header.
[2023-02-26 12:30:17.076 -05:00  INF]  Vary header generated: Accept, Accept-Language, Accept-Encoding.
[2023-02-26 12:30:17.084 -05:00  INF]  The response has been cached.
[2023-02-26 12:30:17.090 -05:00  INF]  Request finished HTTP/2 GET https://localhost:7132/api/Boats?PageNumber=1&PageSize=1 - - - 200 200 application/json;+charset=utf-8 2454.4082ms
[2023-02-26 12:30:42.238 -05:00  INF]  Request starting HTTP/2 POST https://localhost:7132/api/Account/login application/json-patch+json 68
[2023-02-26 12:30:42.239 -05:00  INF]  Checking for conditional GET/HEAD.
[2023-02-26 12:30:42.239 -05:00  INF]  Not valid - method isn't GET or HEAD.
[2023-02-26 12:30:42.239 -05:00  INF]  Don't generate 304 - Not Modified.  Continue.
[2023-02-26 12:30:42.239 -05:00  INF]  Checking for conditional PUT/PATCH.
[2023-02-26 12:30:42.239 -05:00  INF]  Not valid - method isn't PUT or PATCH.
[2023-02-26 12:30:42.239 -05:00  INF]  Don't generate 412 - Precondition Failed.  Continue.
[2023-02-26 12:30:42.242 -05:00  INF]  CORS policy execution successful.
[2023-02-26 12:30:42.242 -05:00  INF]  Executing endpoint 'Boats.API.Controllers.AccountController.Login (Boats.API)'
[2023-02-26 12:30:42.245 -05:00  INF]  Route matched with {action = "Login", controller = "Account"}. Executing controller action with signature System.Threading.Tasks.Task`1[Microsoft.AspNetCore.Mvc.IActionResult] Login(Boats.API.Models.LoginUserDTO) on controller Boats.API.Controllers.AccountController (Boats.API).
[2023-02-26 12:30:42.302 -05:00  INF]  Login Attempt for bearerTest@example.com 
[2023-02-26 12:30:42.345 -05:00  INF]  Entity Framework Core 6.0.8 initialized 'BoatsDbContext' using provider 'Microsoft.EntityFrameworkCore.SqlServer:6.0.8' with options: None
[2023-02-26 12:30:42.466 -05:00  INF]  Executed DbCommand (25ms) [Parameters=[@__normalizedUserName_0='?' (Size = 256)], CommandType='"Text"', CommandTimeout='30']
SELECT TOP(1) [a].[Id], [a].[AccessFailedCount], [a].[ConcurrencyStamp], [a].[Email], [a].[EmailConfirmed], [a].[FirstName], [a].[LastName], [a].[LockoutEnabled], [a].[LockoutEnd], [a].[NormalizedEmail], [a].[NormalizedUserName], [a].[PasswordHash], [a].[PhoneNumber], [a].[PhoneNumberConfirmed], [a].[SecurityStamp], [a].[TwoFactorEnabled], [a].[UserName]
FROM [AspNetUsers] AS [a]
WHERE [a].[NormalizedUserName] = @__normalizedUserName_0
[2023-02-26 12:30:42.660 -05:00  INF]  Executed DbCommand (3ms) [Parameters=[@__userId_0='?' (Size = 450)], CommandType='"Text"', CommandTimeout='30']
SELECT [a0].[Name]
FROM [AspNetUserRoles] AS [a]
INNER JOIN [AspNetRoles] AS [a0] ON [a].[RoleId] = [a0].[Id]
WHERE [a].[UserId] = @__userId_0
[2023-02-26 12:30:42.775 -05:00  INF]  Executing AcceptedResult, writing value of type '<>f__AnonymousType0`1[[System.String, System.Private.CoreLib, Version=6.0.0.0, Culture=neutral, PublicKeyToken=7cec85d7bea7798e]]'.
[2023-02-26 12:30:42.780 -05:00  INF]  Executed action Boats.API.Controllers.AccountController.Login (Boats.API) in 535.1314ms
[2023-02-26 12:30:42.780 -05:00  INF]  Executed endpoint 'Boats.API.Controllers.AccountController.Login (Boats.API)'
[2023-02-26 12:30:42.780 -05:00  INF]  Generating expiration headers.
[2023-02-26 12:30:42.780 -05:00  INF]  Expiration headers generated. Expires: Sun, 26 Feb 2023 17:31:42 GMT. Cache-Control: public,max-age=60.
[2023-02-26 12:30:42.780 -05:00  INF]  Generating Validation headers.
[2023-02-26 12:30:42.780 -05:00  INF]  Validation headers generated. ETag: Strong, "AE930AE7F6A41728940C25F96B3FCF88". Last-Modified: Sun, 26 Feb 2023 17:30:42 GMT
[2023-02-26 12:30:42.780 -05:00  INF]  Generating Vary header.
[2023-02-26 12:30:42.780 -05:00  INF]  Vary header generated: Accept, Accept-Language, Accept-Encoding.
[2023-02-26 12:30:42.788 -05:00  INF]  Request finished HTTP/2 POST https://localhost:7132/api/Account/login application/json-patch+json 68 - 202 376 application/json;+charset=utf-8 549.6092ms
[2023-02-26 12:57:00.550 -05:00  INF]  User profile is available. Using 'C:\Users\Owner\AppData\Local\ASP.NET\DataProtection-Keys' as key repository and Windows DPAPI to encrypt keys at rest.
[2023-02-26 12:57:00.855 -05:00  INF]  Now listening on: https://localhost:7132
[2023-02-26 12:57:00.856 -05:00  INF]  Now listening on: http://localhost:5132
[2023-02-26 12:57:00.858 -05:00  INF]  Application started. Press Ctrl+C to shut down.
[2023-02-26 12:57:00.858 -05:00  INF]  Hosting environment: Development
[2023-02-26 12:57:00.858 -05:00  INF]  Content root path: C:\Users\Owner\Dev\BoatJobs\API\Boats.API\Boats.API\
[2023-02-26 12:57:01.392 -05:00  INF]  Request starting HTTP/2 GET https://localhost:7132/swagger/index.html - -
[2023-02-26 12:57:01.671 -05:00  INF]  Request starting HTTP/2 GET https://localhost:7132/_framework/aspnetcore-browser-refresh.js - -
[2023-02-26 12:57:01.671 -05:00  INF]  Request starting HTTP/2 GET https://localhost:7132/_vs/browserLink - -
[2023-02-26 12:57:01.676 -05:00  INF]  Request finished HTTP/2 GET https://localhost:7132/swagger/index.html - - - 200 - text/html;charset=utf-8 286.7228ms
[2023-02-26 12:57:01.678 -05:00  INF]  Request finished HTTP/2 GET https://localhost:7132/_framework/aspnetcore-browser-refresh.js - - - 200 11988 application/javascript;+charset=utf-8 6.8488ms
[2023-02-26 12:57:01.696 -05:00  INF]  Request finished HTTP/2 GET https://localhost:7132/_vs/browserLink - - - 200 - text/javascript;+charset=UTF-8 24.9899ms
[2023-02-26 12:57:01.789 -05:00  INF]  Request starting HTTP/2 GET https://localhost:7132/swagger/v1/swagger.json - -
[2023-02-26 12:57:01.929 -05:00  INF]  Request finished HTTP/2 GET https://localhost:7132/swagger/v1/swagger.json - - - 200 - application/json;charset=utf-8 140.5530ms
[2023-02-26 12:57:16.541 -05:00  INF]  Request starting HTTP/2 POST https://localhost:7132/api/Account/login application/json-patch+json 68
[2023-02-26 12:57:16.559 -05:00  INF]  Checking for conditional GET/HEAD.
[2023-02-26 12:57:16.559 -05:00  INF]  Not valid - method isn't GET or HEAD.
[2023-02-26 12:57:16.559 -05:00  INF]  Don't generate 304 - Not Modified.  Continue.
[2023-02-26 12:57:16.564 -05:00  INF]  Checking for conditional PUT/PATCH.
[2023-02-26 12:57:16.564 -05:00  INF]  Not valid - method isn't PUT or PATCH.
[2023-02-26 12:57:16.564 -05:00  INF]  Don't generate 412 - Precondition Failed.  Continue.
[2023-02-26 12:57:16.706 -05:00  INF]  CORS policy execution successful.
[2023-02-26 12:57:16.711 -05:00  INF]  Executing endpoint 'Boats.API.Controllers.AccountController.Login (Boats.API)'
[2023-02-26 12:57:16.737 -05:00  INF]  Route matched with {action = "Login", controller = "Account"}. Executing controller action with signature System.Threading.Tasks.Task`1[Microsoft.AspNetCore.Mvc.IActionResult] Login(Boats.API.Models.LoginUserDTO) on controller Boats.API.Controllers.AccountController (Boats.API).
[2023-02-26 12:57:17.189 -05:00  INF]  Login Attempt for bearerTest@example.com 
[2023-02-26 12:57:18.098 -05:00  INF]  Entity Framework Core 6.0.8 initialized 'BoatsDbContext' using provider 'Microsoft.EntityFrameworkCore.SqlServer:6.0.8' with options: None
[2023-02-26 12:57:18.953 -05:00  INF]  Executed DbCommand (75ms) [Parameters=[@__normalizedUserName_0='?' (Size = 256)], CommandType='"Text"', CommandTimeout='30']
SELECT TOP(1) [a].[Id], [a].[AccessFailedCount], [a].[ConcurrencyStamp], [a].[Email], [a].[EmailConfirmed], [a].[FirstName], [a].[LastName], [a].[LockoutEnabled], [a].[LockoutEnd], [a].[NormalizedEmail], [a].[NormalizedUserName], [a].[PasswordHash], [a].[PhoneNumber], [a].[PhoneNumberConfirmed], [a].[SecurityStamp], [a].[TwoFactorEnabled], [a].[UserName]
FROM [AspNetUsers] AS [a]
WHERE [a].[NormalizedUserName] = @__normalizedUserName_0
[2023-02-26 12:57:19.175 -05:00  INF]  Executed DbCommand (5ms) [Parameters=[@__userId_0='?' (Size = 450)], CommandType='"Text"', CommandTimeout='30']
SELECT [a0].[Name]
FROM [AspNetUserRoles] AS [a]
INNER JOIN [AspNetRoles] AS [a0] ON [a].[RoleId] = [a0].[Id]
WHERE [a].[UserId] = @__userId_0
[2023-02-26 12:57:19.295 -05:00  INF]  Executing AcceptedResult, writing value of type '<>f__AnonymousType0`1[[System.String, System.Private.CoreLib, Version=6.0.0.0, Culture=neutral, PublicKeyToken=7cec85d7bea7798e]]'.
[2023-02-26 12:57:19.341 -05:00  INF]  Executed action Boats.API.Controllers.AccountController.Login (Boats.API) in 2598.5888ms
[2023-02-26 12:57:19.342 -05:00  INF]  Executed endpoint 'Boats.API.Controllers.AccountController.Login (Boats.API)'
[2023-02-26 12:57:19.348 -05:00  INF]  Generating expiration headers.
[2023-02-26 12:57:19.349 -05:00  INF]  Expiration headers generated. Expires: Sun, 26 Feb 2023 17:58:19 GMT. Cache-Control: public,max-age=60.
[2023-02-26 12:57:19.353 -05:00  INF]  Generating Validation headers.
[2023-02-26 12:57:19.361 -05:00  INF]  Validation headers generated. ETag: Strong, "090DB1BC6AD85F39E106C9D7FB34AC1F". Last-Modified: Sun, 26 Feb 2023 17:57:19 GMT
[2023-02-26 12:57:19.361 -05:00  INF]  Generating Vary header.
[2023-02-26 12:57:19.361 -05:00  INF]  Vary header generated: Accept, Accept-Language, Accept-Encoding.
[2023-02-26 12:57:19.375 -05:00  INF]  Request finished HTTP/2 POST https://localhost:7132/api/Account/login application/json-patch+json 68 - 202 376 application/json;+charset=utf-8 2834.2417ms
[2023-02-26 12:57:29.350 -05:00  INF]  Request starting HTTP/2 GET https://localhost:7132/api/Boats?PageNumber=1&PageSize=5 - -
[2023-02-26 12:57:29.354 -05:00  INF]  No cached response available for this request.
[2023-02-26 12:57:29.355 -05:00  INF]  Checking for conditional GET/HEAD.
[2023-02-26 12:57:29.358 -05:00  INF]  Not valid - no If-None-Match or If-Modified-Since headers.
[2023-02-26 12:57:29.358 -05:00  INF]  Don't generate 304 - Not Modified.  Continue.
[2023-02-26 12:57:29.358 -05:00  INF]  Checking for conditional PUT/PATCH.
[2023-02-26 12:57:29.358 -05:00  INF]  Not valid - method isn't PUT or PATCH.
[2023-02-26 12:57:29.358 -05:00  INF]  Don't generate 412 - Precondition Failed.  Continue.
[2023-02-26 12:57:29.365 -05:00  INF]  Executing endpoint 'Boats.API.Controllers.BoatsController.GetAllJobs (Boats.API)'
[2023-02-26 12:57:29.373 -05:00  INF]  Route matched with {action = "GetAllJobs", controller = "Boats"}. Executing controller action with signature System.Threading.Tasks.Task`1[Microsoft.AspNetCore.Mvc.IActionResult] GetAllJobs(Boats.API.Models.RequestParams) on controller Boats.API.Controllers.BoatsController (Boats.API).
[2023-02-26 12:57:29.417 -05:00  INF]  Entity Framework Core 6.0.8 initialized 'BoatsDbContext' using provider 'Microsoft.EntityFrameworkCore.SqlServer:6.0.8' with options: None
[2023-02-26 12:57:29.451 -05:00  INF]  Executed DbCommand (5ms) [Parameters=[], CommandType='"Text"', CommandTimeout='30']
SELECT [b].[Id], [b].[Amount], [b].[County], [b].[Date], [b].[JobDesciption], [b].[JobTitle], [b].[Name], [b].[State], [b].[Zipcode]
FROM [Boats] AS [b]
[2023-02-26 12:57:29.462 -05:00  WRN]  The query uses a row limiting operator ('Skip'/'Take') without an 'OrderBy' operator. This may lead to unpredictable results. If the 'Distinct' operator is used after 'OrderBy', then make sure to use the 'OrderBy' operator after 'Distinct' as the ordering would otherwise get erased.
[2023-02-26 12:57:29.462 -05:00  WRN]  The query uses a row limiting operator ('Skip'/'Take') without an 'OrderBy' operator. This may lead to unpredictable results. If the 'Distinct' operator is used after 'OrderBy', then make sure to use the 'OrderBy' operator after 'Distinct' as the ordering would otherwise get erased.
[2023-02-26 12:57:29.466 -05:00  INF]  Executed DbCommand (2ms) [Parameters=[@__p_0='?' (DbType = Int32), @__p_1='?' (DbType = Int32)], CommandType='"Text"', CommandTimeout='30']
SELECT [b].[Id], [b].[Amount], [b].[County], [b].[Date], [b].[JobDesciption], [b].[JobTitle], [b].[Name], [b].[State], [b].[Zipcode]
FROM [Boats] AS [b]
ORDER BY (SELECT 1)
OFFSET @__p_0 ROWS FETCH NEXT @__p_1 ROWS ONLY
[2023-02-26 12:57:29.493 -05:00  INF]  Executing OkObjectResult, writing value of type 'System.Collections.Generic.List`1[[Boats.API.Models.BoatDTO, Boats.API, Version=1.0.0.0, Culture=neutral, PublicKeyToken=null]]'.
[2023-02-26 12:57:29.507 -05:00  INF]  Executed action Boats.API.Controllers.BoatsController.GetAllJobs (Boats.API) in 133.5944ms
[2023-02-26 12:57:29.507 -05:00  INF]  Executed endpoint 'Boats.API.Controllers.BoatsController.GetAllJobs (Boats.API)'
[2023-02-26 12:57:29.507 -05:00  INF]  Generating expiration headers.
[2023-02-26 12:57:29.507 -05:00  INF]  Expiration headers generated. Expires: Sun, 26 Feb 2023 17:58:29 GMT. Cache-Control: public,max-age=60.
[2023-02-26 12:57:29.507 -05:00  INF]  Generating Validation headers.
[2023-02-26 12:57:29.507 -05:00  INF]  Validation headers generated. ETag: Strong, "FAA0B1227B7C8D5BF687F06A70D6B309". Last-Modified: Sun, 26 Feb 2023 17:57:29 GMT
[2023-02-26 12:57:29.507 -05:00  INF]  Generating Vary header.
[2023-02-26 12:57:29.507 -05:00  INF]  Vary header generated: Accept, Accept-Language, Accept-Encoding.
[2023-02-26 12:57:29.510 -05:00  INF]  The response has been cached.
[2023-02-26 12:57:29.512 -05:00  INF]  Request finished HTTP/2 GET https://localhost:7132/api/Boats?PageNumber=1&PageSize=5 - - - 200 998 application/json;+charset=utf-8 162.0408ms
[2023-02-26 13:03:22.651 -05:00  INF]  User profile is available. Using 'C:\Users\Owner\AppData\Local\ASP.NET\DataProtection-Keys' as key repository and Windows DPAPI to encrypt keys at rest.
[2023-02-26 13:03:23.059 -05:00  INF]  Now listening on: https://localhost:7132
[2023-02-26 13:03:23.060 -05:00  INF]  Now listening on: http://localhost:5132
[2023-02-26 13:03:23.071 -05:00  INF]  Application started. Press Ctrl+C to shut down.
[2023-02-26 13:03:23.071 -05:00  INF]  Hosting environment: Development
[2023-02-26 13:03:23.071 -05:00  INF]  Content root path: C:\Users\Owner\Dev\BoatJobs\API\Boats.API\Boats.API\
[2023-02-26 13:03:23.564 -05:00  INF]  Request starting HTTP/2 GET https://localhost:7132/swagger/index.html - -
[2023-02-26 13:03:23.973 -05:00  INF]  Request starting HTTP/2 GET https://localhost:7132/_framework/aspnetcore-browser-refresh.js - -
[2023-02-26 13:03:23.983 -05:00  INF]  Request starting HTTP/2 GET https://localhost:7132/_vs/browserLink - -
[2023-02-26 13:03:23.989 -05:00  INF]  Request finished HTTP/2 GET https://localhost:7132/swagger/index.html - - - 200 - text/html;charset=utf-8 427.6005ms
[2023-02-26 13:03:24.004 -05:00  INF]  Request finished HTTP/2 GET https://localhost:7132/_framework/aspnetcore-browser-refresh.js - - - 200 11988 application/javascript;+charset=utf-8 30.5556ms
[2023-02-26 13:03:24.019 -05:00  INF]  Request finished HTTP/2 GET https://localhost:7132/_vs/browserLink - - - 200 - text/javascript;+charset=UTF-8 35.7156ms
[2023-02-26 13:03:24.116 -05:00  INF]  Request starting HTTP/2 GET https://localhost:7132/swagger/v1/swagger.json - -
[2023-02-26 13:03:24.282 -05:00  INF]  Request finished HTTP/2 GET https://localhost:7132/swagger/v1/swagger.json - - - 200 - application/json;charset=utf-8 165.9742ms
[2023-02-26 13:03:42.138 -05:00  INF]  Request starting HTTP/2 POST https://localhost:7132/api/Account/login application/json-patch+json 68
[2023-02-26 13:03:42.155 -05:00  INF]  Checking for conditional GET/HEAD.
[2023-02-26 13:03:42.155 -05:00  INF]  Not valid - method isn't GET or HEAD.
[2023-02-26 13:03:42.155 -05:00  INF]  Don't generate 304 - Not Modified.  Continue.
[2023-02-26 13:03:42.161 -05:00  INF]  Checking for conditional PUT/PATCH.
[2023-02-26 13:03:42.161 -05:00  INF]  Not valid - method isn't PUT or PATCH.
[2023-02-26 13:03:42.161 -05:00  INF]  Don't generate 412 - Precondition Failed.  Continue.
[2023-02-26 13:03:42.271 -05:00  INF]  CORS policy execution successful.
[2023-02-26 13:03:42.278 -05:00  INF]  Executing endpoint 'Boats.API.Controllers.AccountController.Login (Boats.API)'
[2023-02-26 13:03:42.312 -05:00  INF]  Route matched with {action = "Login", controller = "Account"}. Executing controller action with signature System.Threading.Tasks.Task`1[Microsoft.AspNetCore.Mvc.IActionResult] Login(Boats.API.Models.LoginUserDTO) on controller Boats.API.Controllers.AccountController (Boats.API).
[2023-02-26 13:03:42.769 -05:00  INF]  Login Attempt for bearerTest@example.com 
[2023-02-26 13:03:43.614 -05:00  INF]  Entity Framework Core 6.0.8 initialized 'BoatsDbContext' using provider 'Microsoft.EntityFrameworkCore.SqlServer:6.0.8' with options: None
[2023-02-26 13:03:44.477 -05:00  INF]  Executed DbCommand (76ms) [Parameters=[@__normalizedUserName_0='?' (Size = 256)], CommandType='"Text"', CommandTimeout='30']
SELECT TOP(1) [a].[Id], [a].[AccessFailedCount], [a].[ConcurrencyStamp], [a].[Email], [a].[EmailConfirmed], [a].[FirstName], [a].[LastName], [a].[LockoutEnabled], [a].[LockoutEnd], [a].[NormalizedEmail], [a].[NormalizedUserName], [a].[PasswordHash], [a].[PhoneNumber], [a].[PhoneNumberConfirmed], [a].[SecurityStamp], [a].[TwoFactorEnabled], [a].[UserName]
FROM [AspNetUsers] AS [a]
WHERE [a].[NormalizedUserName] = @__normalizedUserName_0
[2023-02-26 13:03:44.703 -05:00  INF]  Executed DbCommand (5ms) [Parameters=[@__userId_0='?' (Size = 450)], CommandType='"Text"', CommandTimeout='30']
SELECT [a0].[Name]
FROM [AspNetUserRoles] AS [a]
INNER JOIN [AspNetRoles] AS [a0] ON [a].[RoleId] = [a0].[Id]
WHERE [a].[UserId] = @__userId_0
[2023-02-26 13:03:44.837 -05:00  INF]  Executing AcceptedResult, writing value of type '<>f__AnonymousType0`1[[System.String, System.Private.CoreLib, Version=6.0.0.0, Culture=neutral, PublicKeyToken=7cec85d7bea7798e]]'.
[2023-02-26 13:03:44.886 -05:00  INF]  Executed action Boats.API.Controllers.AccountController.Login (Boats.API) in 2568.3326ms
[2023-02-26 13:03:44.888 -05:00  INF]  Executed endpoint 'Boats.API.Controllers.AccountController.Login (Boats.API)'
[2023-02-26 13:03:44.894 -05:00  INF]  Generating expiration headers.
[2023-02-26 13:03:44.895 -05:00  INF]  Expiration headers generated. Expires: Sun, 26 Feb 2023 18:04:44 GMT. Cache-Control: public,max-age=60.
[2023-02-26 13:03:44.899 -05:00  INF]  Generating Validation headers.
[2023-02-26 13:03:44.907 -05:00  INF]  Validation headers generated. ETag: Strong, "866801D653560A2D94F3AC65B3438D3A". Last-Modified: Sun, 26 Feb 2023 18:03:44 GMT
[2023-02-26 13:03:44.908 -05:00  INF]  Generating Vary header.
[2023-02-26 13:03:44.908 -05:00  INF]  Vary header generated: Accept, Accept-Language, Accept-Encoding.
[2023-02-26 13:03:44.922 -05:00  INF]  Request finished HTTP/2 POST https://localhost:7132/api/Account/login application/json-patch+json 68 - 202 376 application/json;+charset=utf-8 2783.7576ms
[2023-02-26 13:03:52.847 -05:00  INF]  Request starting HTTP/2 GET https://localhost:7132/api/Boats?PageNumber=1&PageSize=19 - -
[2023-02-26 13:03:52.851 -05:00  INF]  No cached response available for this request.
[2023-02-26 13:03:52.852 -05:00  INF]  Checking for conditional GET/HEAD.
[2023-02-26 13:03:52.854 -05:00  INF]  Not valid - no If-None-Match or If-Modified-Since headers.
[2023-02-26 13:03:52.854 -05:00  INF]  Don't generate 304 - Not Modified.  Continue.
[2023-02-26 13:03:52.854 -05:00  INF]  Checking for conditional PUT/PATCH.
[2023-02-26 13:03:52.854 -05:00  INF]  Not valid - method isn't PUT or PATCH.
[2023-02-26 13:03:52.854 -05:00  INF]  Don't generate 412 - Precondition Failed.  Continue.
[2023-02-26 13:03:52.859 -05:00  INF]  Executing endpoint 'Boats.API.Controllers.BoatsController.GetAllJobs (Boats.API)'
[2023-02-26 13:03:52.863 -05:00  INF]  Route matched with {action = "GetAllJobs", controller = "Boats"}. Executing controller action with signature System.Threading.Tasks.Task`1[Microsoft.AspNetCore.Mvc.IActionResult] GetAllJobs(Boats.API.Models.RequestParams) on controller Boats.API.Controllers.BoatsController (Boats.API).
[2023-02-26 13:03:52.904 -05:00  INF]  Entity Framework Core 6.0.8 initialized 'BoatsDbContext' using provider 'Microsoft.EntityFrameworkCore.SqlServer:6.0.8' with options: None
[2023-02-26 13:03:52.937 -05:00  INF]  Executed DbCommand (4ms) [Parameters=[], CommandType='"Text"', CommandTimeout='30']
SELECT [b].[Id], [b].[Amount], [b].[County], [b].[Date], [b].[JobDesciption], [b].[JobTitle], [b].[Name], [b].[State], [b].[Zipcode]
FROM [Boats] AS [b]
[2023-02-26 13:03:52.946 -05:00  WRN]  The query uses a row limiting operator ('Skip'/'Take') without an 'OrderBy' operator. This may lead to unpredictable results. If the 'Distinct' operator is used after 'OrderBy', then make sure to use the 'OrderBy' operator after 'Distinct' as the ordering would otherwise get erased.
[2023-02-26 13:03:52.946 -05:00  WRN]  The query uses a row limiting operator ('Skip'/'Take') without an 'OrderBy' operator. This may lead to unpredictable results. If the 'Distinct' operator is used after 'OrderBy', then make sure to use the 'OrderBy' operator after 'Distinct' as the ordering would otherwise get erased.
[2023-02-26 13:03:52.950 -05:00  INF]  Executed DbCommand (2ms) [Parameters=[@__p_0='?' (DbType = Int32), @__p_1='?' (DbType = Int32)], CommandType='"Text"', CommandTimeout='30']
SELECT [b].[Id], [b].[Amount], [b].[County], [b].[Date], [b].[JobDesciption], [b].[JobTitle], [b].[Name], [b].[State], [b].[Zipcode]
FROM [Boats] AS [b]
ORDER BY (SELECT 1)
OFFSET @__p_0 ROWS FETCH NEXT @__p_1 ROWS ONLY
[2023-02-26 13:03:52.975 -05:00  INF]  Executing OkObjectResult, writing value of type 'System.Collections.Generic.List`1[[Boats.API.Models.BoatDTO, Boats.API, Version=1.0.0.0, Culture=neutral, PublicKeyToken=null]]'.
[2023-02-26 13:03:52.989 -05:00  INF]  Executed action Boats.API.Controllers.BoatsController.GetAllJobs (Boats.API) in 125.6582ms
[2023-02-26 13:03:52.989 -05:00  INF]  Executed endpoint 'Boats.API.Controllers.BoatsController.GetAllJobs (Boats.API)'
[2023-02-26 13:03:52.989 -05:00  INF]  Generating expiration headers.
[2023-02-26 13:03:52.989 -05:00  INF]  Expiration headers generated. Expires: Sun, 26 Feb 2023 18:04:52 GMT. Cache-Control: public,max-age=60.
[2023-02-26 13:03:52.989 -05:00  INF]  Generating Validation headers.
[2023-02-26 13:03:52.989 -05:00  INF]  Validation headers generated. ETag: Strong, "ED3612C693775B2D5AA2CA973AECD132". Last-Modified: Sun, 26 Feb 2023 18:03:52 GMT
[2023-02-26 13:03:52.989 -05:00  INF]  Generating Vary header.
[2023-02-26 13:03:52.989 -05:00  INF]  Vary header generated: Accept, Accept-Language, Accept-Encoding.
[2023-02-26 13:03:52.992 -05:00  INF]  The response has been cached.
[2023-02-26 13:03:52.996 -05:00  INF]  Request finished HTTP/2 GET https://localhost:7132/api/Boats?PageNumber=1&PageSize=19 - - - 200 1956 application/json;+charset=utf-8 148.8711ms
