[2022-08-22 15:49:49.902 -04:00  INF]  User profile is available. Using 'C:\Users\Owner\AppData\Local\ASP.NET\DataProtection-Keys' as key repository and Windows DPAPI to encrypt keys at rest.
[2022-08-22 15:49:50.595 -04:00  INF]  Now listening on: https://localhost:7132
[2022-08-22 15:49:50.595 -04:00  INF]  Now listening on: http://localhost:5132
[2022-08-22 15:49:50.598 -04:00  INF]  Application started. Press Ctrl+C to shut down.
[2022-08-22 15:49:50.598 -04:00  INF]  Hosting environment: Development
[2022-08-22 15:49:50.598 -04:00  INF]  Content root path: C:\Users\Owner\Dev\BoatJobs\API\Boats.API\Boats.API\
[2022-08-22 15:49:51.448 -04:00  INF]  Request starting HTTP/2 GET https://localhost:7132/swagger - -
[2022-08-22 15:49:51.617 -04:00  INF]  Request finished HTTP/2 GET https://localhost:7132/swagger - - - 301 0 - 170.6709ms
[2022-08-22 15:49:51.620 -04:00  INF]  Request starting HTTP/2 GET https://localhost:7132/swagger/index.html - -
[2022-08-22 15:49:51.900 -04:00  INF]  Request starting HTTP/2 GET https://localhost:7132/swagger/swagger-ui-bundle.js - -
[2022-08-22 15:49:51.900 -04:00  INF]  Request starting HTTP/2 GET https://localhost:7132/swagger/swagger-ui-standalone-preset.js - -
[2022-08-22 15:49:51.900 -04:00  INF]  Request starting HTTP/2 GET https://localhost:7132/swagger/swagger-ui.css - -
[2022-08-22 15:49:51.900 -04:00  INF]  Request starting HTTP/2 GET https://localhost:7132/_framework/aspnetcore-browser-refresh.js - -
[2022-08-22 15:49:51.908 -04:00  INF]  Request finished HTTP/2 GET https://localhost:7132/swagger/index.html - - - 200 - text/html;charset=utf-8 287.9747ms
[2022-08-22 15:49:51.912 -04:00  INF]  Request finished HTTP/2 GET https://localhost:7132/_framework/aspnetcore-browser-refresh.js - - - 200 11988 application/javascript;+charset=utf-8 11.5102ms
[2022-08-22 15:49:51.921 -04:00  INF]  Request starting HTTP/2 GET https://localhost:7132/_vs/browserLink - -
[2022-08-22 15:49:51.939 -04:00  INF]  Sending file. Request path: '/swagger-ui.css'. Physical path: 'N/A'
[2022-08-22 15:49:51.943 -04:00  INF]  Request finished HTTP/2 GET https://localhost:7132/swagger/swagger-ui.css - - - 200 143943 text/css 42.7670ms
[2022-08-22 15:49:51.964 -04:00  INF]  Sending file. Request path: '/swagger-ui-standalone-preset.js'. Physical path: 'N/A'
[2022-08-22 15:49:51.964 -04:00  INF]  Request finished HTTP/2 GET https://localhost:7132/swagger/swagger-ui-standalone-preset.js - - - 200 339486 application/javascript 64.4725ms
[2022-08-22 15:49:51.986 -04:00  INF]  Sending file. Request path: '/swagger-ui-bundle.js'. Physical path: 'N/A'
[2022-08-22 15:49:51.986 -04:00  INF]  Request finished HTTP/2 GET https://localhost:7132/swagger/swagger-ui-bundle.js - - - 200 1096145 application/javascript 86.2354ms
[2022-08-22 15:49:52.006 -04:00  INF]  Request finished HTTP/2 GET https://localhost:7132/_vs/browserLink - - - 200 - text/javascript;+charset=UTF-8 84.1191ms
[2022-08-22 15:49:52.179 -04:00  INF]  Request starting HTTP/2 GET https://localhost:7132/swagger/v1/swagger.json - -
[2022-08-22 15:49:52.184 -04:00  INF]  Request starting HTTP/2 GET https://localhost:7132/swagger/favicon-32x32.png - -
[2022-08-22 15:49:52.184 -04:00  INF]  Sending file. Request path: '/favicon-32x32.png'. Physical path: 'N/A'
[2022-08-22 15:49:52.184 -04:00  INF]  Request finished HTTP/2 GET https://localhost:7132/swagger/favicon-32x32.png - - - 200 628 image/png 0.3495ms
[2022-08-22 15:49:52.291 -04:00  INF]  Request finished HTTP/2 GET https://localhost:7132/swagger/v1/swagger.json - - - 200 - application/json;charset=utf-8 111.9142ms
[2022-08-22 15:49:55.552 -04:00  INF]  Request starting HTTP/2 GET https://localhost:7132/api/Boats - -
[2022-08-22 15:49:55.559 -04:00  INF]  Executing endpoint 'Boats.API.Controllers.BoatsController.GetAllJobs (Boats.API)'
[2022-08-22 15:49:55.578 -04:00  INF]  Route matched with {action = "GetAllJobs", controller = "Boats"}. Executing controller action with signature System.Threading.Tasks.Task`1[Microsoft.AspNetCore.Mvc.IActionResult] GetAllJobs() on controller Boats.API.Controllers.BoatsController (Boats.API).
[2022-08-22 15:49:56.845 -04:00  INF]  Entity Framework Core 6.0.8 initialized 'BoatsDbContext' using provider 'Microsoft.EntityFrameworkCore.SqlServer:6.0.8' with options: None
[2022-08-22 15:49:57.438 -04:00  INF]  Executing OkObjectResult, writing value of type 'System.Runtime.CompilerServices.AsyncTaskMethodBuilder`1+AsyncStateMachineBox`1[[System.Collections.Generic.IList`1[[Boats.API.Data.Boat, Boats.API, Version=1.0.0.0, Culture=neutral, PublicKeyToken=null]], System.Private.CoreLib, Version=6.0.0.0, Culture=neutral, PublicKeyToken=7cec85d7bea7798e],[Boats.API.Repository.GenericRepository`1+<GetAll>d__6[[Boats.API.Data.Boat, Boats.API, Version=1.0.0.0, Culture=neutral, PublicKeyToken=null]], Boats.API, Version=1.0.0.0, Culture=neutral, PublicKeyToken=null]]'.
[2022-08-22 15:49:57.539 -04:00  INF]  Executed action Boats.API.Controllers.BoatsController.GetAllJobs (Boats.API) in 1954.2403ms
[2022-08-22 15:49:57.541 -04:00  INF]  Executed endpoint 'Boats.API.Controllers.BoatsController.GetAllJobs (Boats.API)'
[2022-08-22 15:49:57.547 -04:00  ERR]  An unhandled exception has occurred while executing the request.
System.NotSupportedException: Serialization and deserialization of 'System.Action' instances are not supported. Path: $.MoveNextAction.
 ---> System.NotSupportedException: Serialization and deserialization of 'System.Action' instances are not supported.
   at System.Text.Json.Serialization.Converters.UnsupportedTypeConverter`1.Write(Utf8JsonWriter writer, T value, JsonSerializerOptions options)
   at System.Text.Json.Serialization.JsonConverter`1.TryWrite(Utf8JsonWriter writer, T& value, JsonSerializerOptions options, WriteStack& state)
   at System.Text.Json.Serialization.Metadata.JsonPropertyInfo`1.GetMemberAndWriteJson(Object obj, WriteStack& state, Utf8JsonWriter writer)
   at System.Text.Json.Serialization.Converters.ObjectDefaultConverter`1.OnTryWrite(Utf8JsonWriter writer, T value, JsonSerializerOptions options, WriteStack& state)
   at System.Text.Json.Serialization.JsonConverter`1.TryWrite(Utf8JsonWriter writer, T& value, JsonSerializerOptions options, WriteStack& state)
   at System.Text.Json.Serialization.JsonConverter`1.WriteCore(Utf8JsonWriter writer, T& value, JsonSerializerOptions options, WriteStack& state)
   --- End of inner exception stack trace ---
   at System.Text.Json.ThrowHelper.ThrowNotSupportedException(WriteStack& state, NotSupportedException ex)
   at System.Text.Json.Serialization.JsonConverter`1.WriteCore(Utf8JsonWriter writer, T& value, JsonSerializerOptions options, WriteStack& state)
   at System.Text.Json.Serialization.JsonConverter`1.WriteCoreAsObject(Utf8JsonWriter writer, Object value, JsonSerializerOptions options, WriteStack& state)
   at System.Text.Json.JsonSerializer.WriteCore[TValue](JsonConverter jsonConverter, Utf8JsonWriter writer, TValue& value, JsonSerializerOptions options, WriteStack& state)
   at System.Text.Json.JsonSerializer.WriteStreamAsync[TValue](Stream utf8Json, TValue value, JsonTypeInfo jsonTypeInfo, CancellationToken cancellationToken)
   at System.Text.Json.JsonSerializer.WriteStreamAsync[TValue](Stream utf8Json, TValue value, JsonTypeInfo jsonTypeInfo, CancellationToken cancellationToken)
   at System.Text.Json.JsonSerializer.WriteStreamAsync[TValue](Stream utf8Json, TValue value, JsonTypeInfo jsonTypeInfo, CancellationToken cancellationToken)
   at Microsoft.AspNetCore.Mvc.Formatters.SystemTextJsonOutputFormatter.WriteResponseBodyAsync(OutputFormatterWriteContext context, Encoding selectedEncoding)
   at Microsoft.AspNetCore.Mvc.Infrastructure.ResourceInvoker.<InvokeNextResultFilterAsync>g__Awaited|30_0[TFilter,TFilterAsync](ResourceInvoker invoker, Task lastTask, State next, Scope scope, Object state, Boolean isCompleted)
   at Microsoft.AspNetCore.Mvc.Infrastructure.ResourceInvoker.Rethrow(ResultExecutedContextSealed context)
   at Microsoft.AspNetCore.Mvc.Infrastructure.ResourceInvoker.ResultNext[TFilter,TFilterAsync](State& next, Scope& scope, Object& state, Boolean& isCompleted)
   at Microsoft.AspNetCore.Mvc.Infrastructure.ResourceInvoker.InvokeResultFilters()
--- End of stack trace from previous location ---
   at Microsoft.AspNetCore.Mvc.Infrastructure.ResourceInvoker.<InvokeFilterPipelineAsync>g__Awaited|20_0(ResourceInvoker invoker, Task lastTask, State next, Scope scope, Object state, Boolean isCompleted)
   at Microsoft.AspNetCore.Mvc.Infrastructure.ResourceInvoker.<InvokeAsync>g__Logged|17_1(ResourceInvoker invoker)
   at Microsoft.AspNetCore.Mvc.Infrastructure.ResourceInvoker.<InvokeAsync>g__Logged|17_1(ResourceInvoker invoker)
   at Microsoft.AspNetCore.Routing.EndpointMiddleware.<Invoke>g__AwaitRequestTask|6_0(Endpoint endpoint, Task requestTask, ILogger logger)
   at Microsoft.AspNetCore.Authorization.AuthorizationMiddleware.Invoke(HttpContext context)
   at Microsoft.AspNetCore.Authentication.AuthenticationMiddleware.Invoke(HttpContext context)
   at Swashbuckle.AspNetCore.SwaggerUI.SwaggerUIMiddleware.Invoke(HttpContext httpContext)
   at Swashbuckle.AspNetCore.Swagger.SwaggerMiddleware.Invoke(HttpContext httpContext, ISwaggerProvider swaggerProvider)
   at Microsoft.AspNetCore.Diagnostics.DeveloperExceptionPageMiddleware.Invoke(HttpContext context)
[2022-08-22 15:49:57.767 -04:00  INF]  Request finished HTTP/2 GET https://localhost:7132/api/Boats - - - 500 - text/plain;+charset=utf-8 2215.3787ms
[2022-08-22 15:49:57.768 -04:00  ERR]  An error occurred using the connection to database 'BoatsDb' on server 'localhost'.
[2022-08-22 15:49:57.783 -04:00  ERR]  An exception occurred while iterating over the results of a query for context type 'Boats.API.Data.BoatsDbContext'.
System.Threading.Tasks.TaskCanceledException: A task was canceled.
   at Microsoft.EntityFrameworkCore.Storage.RelationalConnection.OpenInternalAsync(Boolean errorsExpected, CancellationToken cancellationToken)
   at Microsoft.EntityFrameworkCore.Storage.RelationalConnection.OpenInternalAsync(Boolean errorsExpected, CancellationToken cancellationToken)
   at Microsoft.EntityFrameworkCore.Storage.RelationalConnection.OpenAsync(CancellationToken cancellationToken, Boolean errorsExpected)
   at Microsoft.EntityFrameworkCore.Storage.RelationalCommand.ExecuteReaderAsync(RelationalCommandParameterObject parameterObject, CancellationToken cancellationToken)
   at Microsoft.EntityFrameworkCore.Query.Internal.SingleQueryingEnumerable`1.AsyncEnumerator.InitializeReaderAsync(AsyncEnumerator enumerator, CancellationToken cancellationToken)
   at Microsoft.EntityFrameworkCore.SqlServer.Storage.Internal.SqlServerExecutionStrategy.ExecuteAsync[TState,TResult](TState state, Func`4 operation, Func`4 verifySucceeded, CancellationToken cancellationToken)
   at Microsoft.EntityFrameworkCore.Query.Internal.SingleQueryingEnumerable`1.AsyncEnumerator.MoveNextAsync()
System.Threading.Tasks.TaskCanceledException: A task was canceled.
   at Microsoft.EntityFrameworkCore.Storage.RelationalConnection.OpenInternalAsync(Boolean errorsExpected, CancellationToken cancellationToken)
   at Microsoft.EntityFrameworkCore.Storage.RelationalConnection.OpenInternalAsync(Boolean errorsExpected, CancellationToken cancellationToken)
   at Microsoft.EntityFrameworkCore.Storage.RelationalConnection.OpenAsync(CancellationToken cancellationToken, Boolean errorsExpected)
   at Microsoft.EntityFrameworkCore.Storage.RelationalCommand.ExecuteReaderAsync(RelationalCommandParameterObject parameterObject, CancellationToken cancellationToken)
   at Microsoft.EntityFrameworkCore.Query.Internal.SingleQueryingEnumerable`1.AsyncEnumerator.InitializeReaderAsync(AsyncEnumerator enumerator, CancellationToken cancellationToken)
   at Microsoft.EntityFrameworkCore.SqlServer.Storage.Internal.SqlServerExecutionStrategy.ExecuteAsync[TState,TResult](TState state, Func`4 operation, Func`4 verifySucceeded, CancellationToken cancellationToken)
   at Microsoft.EntityFrameworkCore.Query.Internal.SingleQueryingEnumerable`1.AsyncEnumerator.MoveNextAsync()
[2022-08-22 15:53:43.802 -04:00  INF]  User profile is available. Using 'C:\Users\Owner\AppData\Local\ASP.NET\DataProtection-Keys' as key repository and Windows DPAPI to encrypt keys at rest.
[2022-08-22 15:53:44.076 -04:00  INF]  Now listening on: https://localhost:7132
[2022-08-22 15:53:44.076 -04:00  INF]  Now listening on: http://localhost:5132
[2022-08-22 15:53:44.079 -04:00  INF]  Application started. Press Ctrl+C to shut down.
[2022-08-22 15:53:44.079 -04:00  INF]  Hosting environment: Development
[2022-08-22 15:53:44.079 -04:00  INF]  Content root path: C:\Users\Owner\Dev\BoatJobs\API\Boats.API\Boats.API\
[2022-08-22 15:53:44.977 -04:00  INF]  Request starting HTTP/2 GET https://localhost:7132/swagger/index.html - -
[2022-08-22 15:53:45.249 -04:00  INF]  Request starting HTTP/2 GET https://localhost:7132/_framework/aspnetcore-browser-refresh.js - -
[2022-08-22 15:53:45.255 -04:00  INF]  Request finished HTTP/2 GET https://localhost:7132/_framework/aspnetcore-browser-refresh.js - - - 200 11988 application/javascript;+charset=utf-8 5.4956ms
[2022-08-22 15:53:45.255 -04:00  INF]  Request finished HTTP/2 GET https://localhost:7132/swagger/index.html - - - 200 - text/html;charset=utf-8 280.6742ms
[2022-08-22 15:53:45.266 -04:00  INF]  Request starting HTTP/2 GET https://localhost:7132/_vs/browserLink - -
[2022-08-22 15:53:45.288 -04:00  INF]  Request finished HTTP/2 GET https://localhost:7132/_vs/browserLink - - - 200 - text/javascript;+charset=UTF-8 21.7516ms
[2022-08-22 15:53:45.511 -04:00  INF]  Request starting HTTP/2 GET https://localhost:7132/swagger/v1/swagger.json - -
[2022-08-22 15:53:45.617 -04:00  INF]  Request finished HTTP/2 GET https://localhost:7132/swagger/v1/swagger.json - - - 200 - application/json;charset=utf-8 105.2094ms
[2022-08-22 15:54:01.563 -04:00  INF]  User profile is available. Using 'C:\Users\Owner\AppData\Local\ASP.NET\DataProtection-Keys' as key repository and Windows DPAPI to encrypt keys at rest.
[2022-08-22 15:54:02.006 -04:00  INF]  Now listening on: https://localhost:7132
[2022-08-22 15:54:02.006 -04:00  INF]  Now listening on: http://localhost:5132
[2022-08-22 15:54:02.010 -04:00  INF]  Application started. Press Ctrl+C to shut down.
[2022-08-22 15:54:02.010 -04:00  INF]  Hosting environment: Development
[2022-08-22 15:54:02.010 -04:00  INF]  Content root path: C:\Users\Owner\Dev\BoatJobs\API\Boats.API\Boats.API\
[2022-08-22 15:54:02.540 -04:00  INF]  Request starting HTTP/2 GET https://localhost:7132/swagger/index.html - -
[2022-08-22 15:54:02.814 -04:00  INF]  Request starting HTTP/2 GET https://localhost:7132/_framework/aspnetcore-browser-refresh.js - -
[2022-08-22 15:54:02.819 -04:00  INF]  Request finished HTTP/2 GET https://localhost:7132/_framework/aspnetcore-browser-refresh.js - - - 200 11988 application/javascript;+charset=utf-8 4.2666ms
[2022-08-22 15:54:02.819 -04:00  INF]  Request finished HTTP/2 GET https://localhost:7132/swagger/index.html - - - 200 - text/html;charset=utf-8 282.7451ms
[2022-08-22 15:54:02.830 -04:00  INF]  Request starting HTTP/2 GET https://localhost:7132/_vs/browserLink - -
[2022-08-22 15:54:02.847 -04:00  INF]  Request finished HTTP/2 GET https://localhost:7132/_vs/browserLink - - - 200 - text/javascript;+charset=UTF-8 17.1853ms
[2022-08-22 15:54:02.955 -04:00  INF]  Request starting HTTP/2 GET https://localhost:7132/swagger/v1/swagger.json - -
[2022-08-22 15:54:03.066 -04:00  INF]  Request finished HTTP/2 GET https://localhost:7132/swagger/v1/swagger.json - - - 200 - application/json;charset=utf-8 110.9092ms
[2022-08-22 15:54:07.199 -04:00  INF]  Request starting HTTP/2 GET https://localhost:7132/api/Boats - -
[2022-08-22 15:54:07.207 -04:00  INF]  Executing endpoint 'Boats.API.Controllers.BoatsController.GetAllJobs (Boats.API)'
[2022-08-22 15:54:07.223 -04:00  INF]  Route matched with {action = "GetAllJobs", controller = "Boats"}. Executing controller action with signature System.Threading.Tasks.Task`1[Microsoft.AspNetCore.Mvc.IActionResult] GetAllJobs() on controller Boats.API.Controllers.BoatsController (Boats.API).
[2022-08-22 15:54:08.201 -04:00  INF]  Entity Framework Core 6.0.8 initialized 'BoatsDbContext' using provider 'Microsoft.EntityFrameworkCore.SqlServer:6.0.8' with options: None
[2022-08-22 15:54:08.919 -04:00  INF]  Executed DbCommand (71ms) [Parameters=[], CommandType='"Text"', CommandTimeout='30']
SELECT [b].[Id], [b].[Amount], [b].[County], [b].[Date], [b].[JobDesciption], [b].[JobTitle], [b].[Name], [b].[State], [b].[Zipcode]
FROM [Boats] AS [b]
[2022-08-22 15:54:08.989 -04:00  INF]  Executing OkObjectResult, writing value of type 'System.Collections.Generic.List`1[[Boats.API.Data.Boat, Boats.API, Version=1.0.0.0, Culture=neutral, PublicKeyToken=null]]'.
[2022-08-22 15:54:09.247 -04:00  INF]  Executed action Boats.API.Controllers.BoatsController.GetAllJobs (Boats.API) in 2019.5692ms
[2022-08-22 15:54:09.248 -04:00  INF]  Executed endpoint 'Boats.API.Controllers.BoatsController.GetAllJobs (Boats.API)'
[2022-08-22 15:54:09.256 -04:00  INF]  Request finished HTTP/2 GET https://localhost:7132/api/Boats - - - 200 536 application/json;+charset=utf-8 2057.3180ms
[2022-08-22 18:50:52.527 -04:00  INF]  User profile is available. Using 'C:\Users\Owner\AppData\Local\ASP.NET\DataProtection-Keys' as key repository and Windows DPAPI to encrypt keys at rest.
[2022-08-22 18:50:52.778 -04:00  INF]  Now listening on: https://localhost:7132
[2022-08-22 18:50:52.778 -04:00  INF]  Now listening on: http://localhost:5132
[2022-08-22 18:50:52.781 -04:00  INF]  Application started. Press Ctrl+C to shut down.
[2022-08-22 18:50:52.781 -04:00  INF]  Hosting environment: Development
[2022-08-22 18:50:52.781 -04:00  INF]  Content root path: C:\Users\Owner\Dev\BoatJobs\API\Boats.API\Boats.API\
[2022-08-22 18:50:53.585 -04:00  INF]  Request starting HTTP/2 GET https://localhost:7132/swagger/index.html - -
[2022-08-22 18:50:53.883 -04:00  INF]  Request starting HTTP/2 GET https://localhost:7132/_framework/aspnetcore-browser-refresh.js - -
[2022-08-22 18:50:53.889 -04:00  INF]  Request finished HTTP/2 GET https://localhost:7132/_framework/aspnetcore-browser-refresh.js - - - 200 11988 application/javascript;+charset=utf-8 4.9904ms
[2022-08-22 18:50:53.889 -04:00  INF]  Request finished HTTP/2 GET https://localhost:7132/swagger/index.html - - - 200 - text/html;charset=utf-8 310.5261ms
[2022-08-22 18:50:53.900 -04:00  INF]  Request starting HTTP/2 GET https://localhost:7132/_vs/browserLink - -
[2022-08-22 18:50:53.917 -04:00  INF]  Request finished HTTP/2 GET https://localhost:7132/_vs/browserLink - - - 200 - text/javascript;+charset=UTF-8 17.3039ms
[2022-08-22 18:50:54.034 -04:00  INF]  Request starting HTTP/2 GET https://localhost:7132/swagger/v1/swagger.json - -
[2022-08-22 18:50:54.149 -04:00  INF]  Request finished HTTP/2 GET https://localhost:7132/swagger/v1/swagger.json - - - 200 - application/json;charset=utf-8 114.8597ms
[2022-08-22 18:50:58.605 -04:00  INF]  Request starting HTTP/2 GET https://localhost:7132/api/Boats - -
[2022-08-22 18:50:58.614 -04:00  INF]  Executing endpoint 'Boats.API.Controllers.BoatsController.GetAllJobs (Boats.API)'
[2022-08-22 18:50:58.629 -04:00  INF]  Route matched with {action = "GetAllJobs", controller = "Boats"}. Executing controller action with signature System.Threading.Tasks.Task`1[Microsoft.AspNetCore.Mvc.IActionResult] GetAllJobs() on controller Boats.API.Controllers.BoatsController (Boats.API).
[2022-08-22 18:50:59.819 -04:00  INF]  Entity Framework Core 6.0.8 initialized 'BoatsDbContext' using provider 'Microsoft.EntityFrameworkCore.SqlServer:6.0.8' with options: None
[2022-08-22 18:51:00.791 -04:00  INF]  Executed DbCommand (50ms) [Parameters=[], CommandType='"Text"', CommandTimeout='30']
SELECT [b].[Id], [b].[Amount], [b].[County], [b].[Date], [b].[JobDesciption], [b].[JobTitle], [b].[Name], [b].[State], [b].[Zipcode]
FROM [Boats] AS [b]
[2022-08-22 18:51:00.879 -04:00  INF]  Executing OkObjectResult, writing value of type 'System.Collections.Generic.List`1[[Boats.API.Models.BoatDTO, Boats.API, Version=1.0.0.0, Culture=neutral, PublicKeyToken=null]]'.
[2022-08-22 18:51:01.025 -04:00  INF]  Executed action Boats.API.Controllers.BoatsController.GetAllJobs (Boats.API) in 2391.8593ms
[2022-08-22 18:51:01.027 -04:00  INF]  Executed endpoint 'Boats.API.Controllers.BoatsController.GetAllJobs (Boats.API)'
[2022-08-22 18:51:01.033 -04:00  INF]  Request finished HTTP/2 GET https://localhost:7132/api/Boats - - - 200 536 application/json;+charset=utf-8 2428.4235ms
