[2022-08-29 21:23:50.375 -04:00  INF]  User profile is available. Using 'C:\Users\Owner\AppData\Local\ASP.NET\DataProtection-Keys' as key repository and Windows DPAPI to encrypt keys at rest.
[2022-08-29 21:23:51.051 -04:00  INF]  Now listening on: https://localhost:7132
[2022-08-29 21:23:51.051 -04:00  INF]  Now listening on: http://localhost:5132
[2022-08-29 21:23:51.053 -04:00  INF]  Application started. Press Ctrl+C to shut down.
[2022-08-29 21:23:51.053 -04:00  INF]  Hosting environment: Development
[2022-08-29 21:23:51.053 -04:00  INF]  Content root path: C:\Users\Owner\Dev\BoatJobs\API\Boats.API\Boats.API\
[2022-08-29 21:23:51.621 -04:00  INF]  Request starting HTTP/2 GET https://localhost:7132/swagger - -
[2022-08-29 21:23:51.792 -04:00  INF]  Request finished HTTP/2 GET https://localhost:7132/swagger - - - 301 0 - 174.6801ms
[2022-08-29 21:23:51.794 -04:00  INF]  Request starting HTTP/2 GET https://localhost:7132/swagger/index.html - -
[2022-08-29 21:23:52.150 -04:00  INF]  Request starting HTTP/2 GET https://localhost:7132/swagger/swagger-ui-standalone-preset.js - -
[2022-08-29 21:23:52.150 -04:00  INF]  Request starting HTTP/2 GET https://localhost:7132/swagger/swagger-ui-bundle.js - -
[2022-08-29 21:23:52.151 -04:00  INF]  Request starting HTTP/2 GET https://localhost:7132/_framework/aspnetcore-browser-refresh.js - -
[2022-08-29 21:23:52.151 -04:00  INF]  Request starting HTTP/2 GET https://localhost:7132/swagger/swagger-ui.css - -
[2022-08-29 21:23:52.153 -04:00  INF]  Request finished HTTP/2 GET https://localhost:7132/swagger/index.html - - - 200 - text/html;charset=utf-8 358.9474ms
[2022-08-29 21:23:52.156 -04:00  INF]  Request finished HTTP/2 GET https://localhost:7132/_framework/aspnetcore-browser-refresh.js - - - 200 11988 application/javascript;+charset=utf-8 5.0047ms
[2022-08-29 21:23:52.165 -04:00  INF]  Request starting HTTP/2 GET https://localhost:7132/_vs/browserLink - -
[2022-08-29 21:23:52.174 -04:00  INF]  Sending file. Request path: '/swagger-ui.css'. Physical path: 'N/A'
[2022-08-29 21:23:52.174 -04:00  INF]  Request finished HTTP/2 GET https://localhost:7132/swagger/swagger-ui.css - - - 200 143943 text/css 23.1182ms
[2022-08-29 21:23:52.180 -04:00  INF]  Sending file. Request path: '/swagger-ui-standalone-preset.js'. Physical path: 'N/A'
[2022-08-29 21:23:52.180 -04:00  INF]  Request finished HTTP/2 GET https://localhost:7132/swagger/swagger-ui-standalone-preset.js - - - 200 339486 application/javascript 29.6845ms
[2022-08-29 21:23:52.222 -04:00  INF]  Sending file. Request path: '/swagger-ui-bundle.js'. Physical path: 'N/A'
[2022-08-29 21:23:52.222 -04:00  INF]  Request finished HTTP/2 GET https://localhost:7132/swagger/swagger-ui-bundle.js - - - 200 1096145 application/javascript 71.5517ms
[2022-08-29 21:23:52.294 -04:00  INF]  Request finished HTTP/2 GET https://localhost:7132/_vs/browserLink - - - 200 - text/javascript;+charset=UTF-8 128.9711ms
[2022-08-29 21:23:52.425 -04:00  INF]  Request starting HTTP/2 GET https://localhost:7132/swagger/v1/swagger.json - -
[2022-08-29 21:23:52.430 -04:00  INF]  Request starting HTTP/2 GET https://localhost:7132/swagger/favicon-32x32.png - -
[2022-08-29 21:23:52.430 -04:00  INF]  Sending file. Request path: '/favicon-32x32.png'. Physical path: 'N/A'
[2022-08-29 21:23:52.430 -04:00  INF]  Request finished HTTP/2 GET https://localhost:7132/swagger/favicon-32x32.png - - - 200 628 image/png 0.5991ms
[2022-08-29 21:23:52.545 -04:00  INF]  Request finished HTTP/2 GET https://localhost:7132/swagger/v1/swagger.json - - - 200 - application/json;charset=utf-8 120.3968ms
[2022-08-29 21:45:46.563 -04:00  INF]  User profile is available. Using 'C:\Users\Owner\AppData\Local\ASP.NET\DataProtection-Keys' as key repository and Windows DPAPI to encrypt keys at rest.
[2022-08-29 21:45:46.820 -04:00  INF]  Now listening on: https://localhost:7132
[2022-08-29 21:45:46.820 -04:00  INF]  Now listening on: http://localhost:5132
[2022-08-29 21:45:46.822 -04:00  INF]  Application started. Press Ctrl+C to shut down.
[2022-08-29 21:45:46.822 -04:00  INF]  Hosting environment: Development
[2022-08-29 21:45:46.822 -04:00  INF]  Content root path: C:\Users\Owner\Dev\BoatJobs\API\Boats.API\Boats.API\
[2022-08-29 21:45:47.278 -04:00  INF]  Request starting HTTP/2 GET https://localhost:7132/swagger/index.html - -
[2022-08-29 21:45:47.549 -04:00  INF]  Request starting HTTP/2 GET https://localhost:7132/_framework/aspnetcore-browser-refresh.js - -
[2022-08-29 21:45:47.554 -04:00  INF]  Request finished HTTP/2 GET https://localhost:7132/_framework/aspnetcore-browser-refresh.js - - - 200 11988 application/javascript;+charset=utf-8 4.7547ms
[2022-08-29 21:45:47.554 -04:00  INF]  Request finished HTTP/2 GET https://localhost:7132/swagger/index.html - - - 200 - text/html;charset=utf-8 279.8918ms
[2022-08-29 21:45:47.566 -04:00  INF]  Request starting HTTP/2 GET https://localhost:7132/_vs/browserLink - -
[2022-08-29 21:45:47.585 -04:00  INF]  Request finished HTTP/2 GET https://localhost:7132/_vs/browserLink - - - 200 - text/javascript;+charset=UTF-8 19.1417ms
[2022-08-29 21:45:47.832 -04:00  INF]  Request starting HTTP/2 GET https://localhost:7132/swagger/v1/swagger.json - -
[2022-08-29 21:45:47.946 -04:00  INF]  Request finished HTTP/2 GET https://localhost:7132/swagger/v1/swagger.json - - - 200 - application/json;charset=utf-8 114.1278ms
[2022-08-29 21:46:06.221 -04:00  INF]  Request starting HTTP/2 POST https://localhost:7132/api/Account/register application/json-patch+json 113
[2022-08-29 21:46:06.231 -04:00  INF]  CORS policy execution successful.
[2022-08-29 21:46:06.238 -04:00  INF]  Executing endpoint 'Boats.API.Controllers.AccountController.Register (Boats.API)'
[2022-08-29 21:46:06.279 -04:00  INF]  Route matched with {action = "Register", controller = "Account"}. Executing controller action with signature System.Threading.Tasks.Task`1[Microsoft.AspNetCore.Mvc.IActionResult] Register(Boats.API.Models.UserDTO) on controller Boats.API.Controllers.AccountController (Boats.API).
[2022-08-29 21:46:07.158 -04:00  INF]  Registration Attempt for griffin@example.com 
[2022-08-29 21:46:07.181 -04:00  WRN]  User password validation failed: PasswordRequiresNonAlphanumeric;PasswordRequiresUpper.
[2022-08-29 21:46:07.188 -04:00  INF]  Executing BadRequestObjectResult, writing value of type 'Microsoft.AspNetCore.Mvc.SerializableError'.
[2022-08-29 21:46:07.243 -04:00  INF]  Executed action Boats.API.Controllers.AccountController.Register (Boats.API) in 957.9626ms
[2022-08-29 21:46:07.244 -04:00  INF]  Executed endpoint 'Boats.API.Controllers.AccountController.Register (Boats.API)'
[2022-08-29 21:46:07.248 -04:00  INF]  Request finished HTTP/2 POST https://localhost:7132/api/Account/register application/json-patch+json 113 - 400 182 application/json;+charset=utf-8 1026.4736ms
[2022-08-29 21:46:27.388 -04:00  INF]  Request starting HTTP/2 POST https://localhost:7132/api/Account/register application/json-patch+json 113
[2022-08-29 21:46:27.392 -04:00  INF]  CORS policy execution successful.
[2022-08-29 21:46:27.392 -04:00  INF]  Executing endpoint 'Boats.API.Controllers.AccountController.Register (Boats.API)'
[2022-08-29 21:46:27.392 -04:00  INF]  Route matched with {action = "Register", controller = "Account"}. Executing controller action with signature System.Threading.Tasks.Task`1[Microsoft.AspNetCore.Mvc.IActionResult] Register(Boats.API.Models.UserDTO) on controller Boats.API.Controllers.AccountController (Boats.API).
[2022-08-29 21:46:27.410 -04:00  INF]  Registration Attempt for griffin@example.com 
[2022-08-29 21:46:27.416 -04:00  WRN]  User password validation failed: PasswordRequiresNonAlphanumeric.
[2022-08-29 21:46:27.417 -04:00  INF]  Executing BadRequestObjectResult, writing value of type 'Microsoft.AspNetCore.Mvc.SerializableError'.
[2022-08-29 21:46:27.420 -04:00  INF]  Executed action Boats.API.Controllers.AccountController.Register (Boats.API) in 27.3156ms
[2022-08-29 21:46:27.420 -04:00  INF]  Executed endpoint 'Boats.API.Controllers.AccountController.Register (Boats.API)'
[2022-08-29 21:46:27.423 -04:00  INF]  Request finished HTTP/2 POST https://localhost:7132/api/Account/register application/json-patch+json 113 - 400 100 application/json;+charset=utf-8 34.3870ms
[2022-08-29 21:46:37.225 -04:00  INF]  Request starting HTTP/2 POST https://localhost:7132/api/Account/register application/json-patch+json 114
[2022-08-29 21:46:37.227 -04:00  INF]  CORS policy execution successful.
[2022-08-29 21:46:37.227 -04:00  INF]  Executing endpoint 'Boats.API.Controllers.AccountController.Register (Boats.API)'
[2022-08-29 21:46:37.227 -04:00  INF]  Route matched with {action = "Register", controller = "Account"}. Executing controller action with signature System.Threading.Tasks.Task`1[Microsoft.AspNetCore.Mvc.IActionResult] Register(Boats.API.Models.UserDTO) on controller Boats.API.Controllers.AccountController (Boats.API).
[2022-08-29 21:46:37.233 -04:00  INF]  Registration Attempt for griffin@example.com 
[2022-08-29 21:46:38.161 -04:00  INF]  Entity Framework Core 6.0.8 initialized 'BoatsDbContext' using provider 'Microsoft.EntityFrameworkCore.SqlServer:6.0.8' with options: None
[2022-08-29 21:46:39.543 -04:00  INF]  Executed DbCommand (82ms) [Parameters=[@__normalizedUserName_0='?' (Size = 256)], CommandType='"Text"', CommandTimeout='30']
SELECT TOP(1) [a].[Id], [a].[AccessFailedCount], [a].[ConcurrencyStamp], [a].[Email], [a].[EmailConfirmed], [a].[FirstName], [a].[LastName], [a].[LockoutEnabled], [a].[LockoutEnd], [a].[NormalizedEmail], [a].[NormalizedUserName], [a].[PasswordHash], [a].[PhoneNumber], [a].[PhoneNumberConfirmed], [a].[SecurityStamp], [a].[TwoFactorEnabled], [a].[UserName]
FROM [AspNetUsers] AS [a]
WHERE [a].[NormalizedUserName] = @__normalizedUserName_0
[2022-08-29 21:46:39.616 -04:00  INF]  Executed DbCommand (5ms) [Parameters=[@__normalizedEmail_0='?' (Size = 256)], CommandType='"Text"', CommandTimeout='30']
SELECT TOP(2) [a].[Id], [a].[AccessFailedCount], [a].[ConcurrencyStamp], [a].[Email], [a].[EmailConfirmed], [a].[FirstName], [a].[LastName], [a].[LockoutEnabled], [a].[LockoutEnd], [a].[NormalizedEmail], [a].[NormalizedUserName], [a].[PasswordHash], [a].[PhoneNumber], [a].[PhoneNumberConfirmed], [a].[SecurityStamp], [a].[TwoFactorEnabled], [a].[UserName]
FROM [AspNetUsers] AS [a]
WHERE [a].[NormalizedEmail] = @__normalizedEmail_0
[2022-08-29 21:46:39.855 -04:00  INF]  Executed DbCommand (16ms) [Parameters=[@p0='?' (Size = 450), @p1='?' (DbType = Int32), @p2='?' (Size = 4000), @p3='?' (Size = 256), @p4='?' (DbType = Boolean), @p5='?' (Size = 4000), @p6='?' (Size = 4000), @p7='?' (DbType = Boolean), @p8='?' (DbType = DateTimeOffset), @p9='?' (Size = 256), @p10='?' (Size = 256), @p11='?' (Size = 4000), @p12='?' (Size = 4000), @p13='?' (DbType = Boolean), @p14='?' (Size = 4000), @p15='?' (DbType = Boolean), @p16='?' (Size = 256)], CommandType='"Text"', CommandTimeout='30']
SET NOCOUNT ON;
INSERT INTO [AspNetUsers] ([Id], [AccessFailedCount], [ConcurrencyStamp], [Email], [EmailConfirmed], [FirstName], [LastName], [LockoutEnabled], [LockoutEnd], [NormalizedEmail], [NormalizedUserName], [PasswordHash], [PhoneNumber], [PhoneNumberConfirmed], [SecurityStamp], [TwoFactorEnabled], [UserName])
VALUES (@p0, @p1, @p2, @p3, @p4, @p5, @p6, @p7, @p8, @p9, @p10, @p11, @p12, @p13, @p14, @p15, @p16);
[2022-08-29 21:46:39.898 -04:00  INF]  Executing AcceptedResult, writing value of type 'null'.
[2022-08-29 21:46:39.899 -04:00  INF]  Executed action Boats.API.Controllers.AccountController.Register (Boats.API) in 2671.8327ms
[2022-08-29 21:46:39.899 -04:00  INF]  Executed endpoint 'Boats.API.Controllers.AccountController.Register (Boats.API)'
[2022-08-29 21:46:39.905 -04:00  INF]  Request finished HTTP/2 POST https://localhost:7132/api/Account/register application/json-patch+json 114 - 202 0 - 2680.5233ms
[2022-08-29 22:07:41.645 -04:00  INF]  Entity Framework Core 6.0.8 initialized 'BoatsDbContext' using provider 'Microsoft.EntityFrameworkCore.SqlServer:6.0.8' with options: None
[2022-08-29 22:08:31.737 -04:00  INF]  Entity Framework Core 6.0.8 initialized 'BoatsDbContext' using provider 'Microsoft.EntityFrameworkCore.SqlServer:6.0.8' with options: None
[2022-08-29 22:08:31.983 -04:00  INF]  Executed DbCommand (13ms) [Parameters=[], CommandType='"Text"', CommandTimeout='30']
SELECT 1
[2022-08-29 22:08:32.005 -04:00  INF]  Executed DbCommand (12ms) [Parameters=[], CommandType='"Text"', CommandTimeout='30']
SELECT OBJECT_ID(N'[__EFMigrationsHistory]');
[2022-08-29 22:08:32.007 -04:00  INF]  Executed DbCommand (1ms) [Parameters=[], CommandType='"Text"', CommandTimeout='30']
SELECT 1
[2022-08-29 22:08:32.008 -04:00  INF]  Executed DbCommand (0ms) [Parameters=[], CommandType='"Text"', CommandTimeout='30']
SELECT OBJECT_ID(N'[__EFMigrationsHistory]');
[2022-08-29 22:08:32.018 -04:00  INF]  Executed DbCommand (2ms) [Parameters=[], CommandType='"Text"', CommandTimeout='30']
SELECT [MigrationId], [ProductVersion]
FROM [__EFMigrationsHistory]
ORDER BY [MigrationId];
[2022-08-29 22:08:32.032 -04:00  INF]  Applying migration '20220830020741_AddedDefaultRoles'.
[2022-08-29 22:08:32.090 -04:00  INF]  Executed DbCommand (10ms) [Parameters=[], CommandType='"Text"', CommandTimeout='30']
IF EXISTS (SELECT * FROM [sys].[identity_columns] WHERE [name] IN (N'Id', N'ConcurrencyStamp', N'Name', N'NormalizedName') AND [object_id] = OBJECT_ID(N'[AspNetRoles]'))
    SET IDENTITY_INSERT [AspNetRoles] ON;
INSERT INTO [AspNetRoles] ([Id], [ConcurrencyStamp], [Name], [NormalizedName])
VALUES (N'3d2c8339-8a2c-4585-b164-762b8b246724', N'b2859f90-e0b2-492c-84fd-9bec7af025ff', N'User', N'USER');
IF EXISTS (SELECT * FROM [sys].[identity_columns] WHERE [name] IN (N'Id', N'ConcurrencyStamp', N'Name', N'NormalizedName') AND [object_id] = OBJECT_ID(N'[AspNetRoles]'))
    SET IDENTITY_INSERT [AspNetRoles] OFF;
[2022-08-29 22:08:32.098 -04:00  INF]  Executed DbCommand (7ms) [Parameters=[], CommandType='"Text"', CommandTimeout='30']
IF EXISTS (SELECT * FROM [sys].[identity_columns] WHERE [name] IN (N'Id', N'ConcurrencyStamp', N'Name', N'NormalizedName') AND [object_id] = OBJECT_ID(N'[AspNetRoles]'))
    SET IDENTITY_INSERT [AspNetRoles] ON;
INSERT INTO [AspNetRoles] ([Id], [ConcurrencyStamp], [Name], [NormalizedName])
VALUES (N'53ff9c2c-9c71-4af1-b330-e6ed1cbc809a', N'8857aa83-33e5-485c-b80c-26081adc10ac', N'Administrator', N'ADMINISTRATOR');
IF EXISTS (SELECT * FROM [sys].[identity_columns] WHERE [name] IN (N'Id', N'ConcurrencyStamp', N'Name', N'NormalizedName') AND [object_id] = OBJECT_ID(N'[AspNetRoles]'))
    SET IDENTITY_INSERT [AspNetRoles] OFF;
[2022-08-29 22:08:32.098 -04:00  INF]  Executed DbCommand (1ms) [Parameters=[], CommandType='"Text"', CommandTimeout='30']
INSERT INTO [__EFMigrationsHistory] ([MigrationId], [ProductVersion])
VALUES (N'20220830020741_AddedDefaultRoles', N'6.0.8');
