[2023-01-02 21:28:17.886 -05:00  INF]  User profile is available. Using 'C:\Users\Owner\AppData\Local\ASP.NET\DataProtection-Keys' as key repository and Windows DPAPI to encrypt keys at rest.
[2023-01-02 21:28:18.439 -05:00  INF]  Now listening on: https://localhost:7132
[2023-01-02 21:28:18.439 -05:00  INF]  Now listening on: http://localhost:5132
[2023-01-02 21:28:18.442 -05:00  INF]  Application started. Press Ctrl+C to shut down.
[2023-01-02 21:28:18.442 -05:00  INF]  Hosting environment: Development
[2023-01-02 21:28:18.442 -05:00  INF]  Content root path: C:\Users\Owner\Dev\BoatJobs\API\Boats.API\Boats.API\
[2023-01-02 21:28:19.017 -05:00  INF]  Request starting HTTP/2 GET https://localhost:7132/swagger - -
[2023-01-02 21:28:19.145 -05:00  INF]  Request finished HTTP/2 GET https://localhost:7132/swagger - - - 301 0 - 131.7176ms
[2023-01-02 21:28:19.155 -05:00  INF]  Request starting HTTP/2 GET https://localhost:7132/swagger/index.html - -
[2023-01-02 21:28:19.440 -05:00  INF]  Request starting HTTP/2 GET https://localhost:7132/swagger/swagger-ui-bundle.js - -
[2023-01-02 21:28:19.440 -05:00  INF]  Request starting HTTP/2 GET https://localhost:7132/swagger/swagger-ui-standalone-preset.js - -
[2023-01-02 21:28:19.440 -05:00  INF]  Request starting HTTP/2 GET https://localhost:7132/_framework/aspnetcore-browser-refresh.js - -
[2023-01-02 21:28:19.441 -05:00  INF]  Request starting HTTP/2 GET https://localhost:7132/swagger/swagger-ui.css - -
[2023-01-02 21:28:19.443 -05:00  INF]  Request finished HTTP/2 GET https://localhost:7132/swagger/index.html - - - 200 - text/html;charset=utf-8 288.0633ms
[2023-01-02 21:28:19.449 -05:00  INF]  Request finished HTTP/2 GET https://localhost:7132/_framework/aspnetcore-browser-refresh.js - - - 200 11988 application/javascript;+charset=utf-8 8.9810ms
[2023-01-02 21:28:19.456 -05:00  INF]  Request starting HTTP/2 GET https://localhost:7132/_vs/browserLink - -
[2023-01-02 21:28:19.520 -05:00  INF]  Sending file. Request path: '/swagger-ui-standalone-preset.js'. Physical path: 'N/A'
[2023-01-02 21:28:19.520 -05:00  INF]  Sending file. Request path: '/swagger-ui.css'. Physical path: 'N/A'
[2023-01-02 21:28:19.521 -05:00  INF]  Request finished HTTP/2 GET https://localhost:7132/swagger/swagger-ui.css - - - 200 143943 text/css 80.0744ms
[2023-01-02 21:28:19.521 -05:00  INF]  Request finished HTTP/2 GET https://localhost:7132/swagger/swagger-ui-standalone-preset.js - - - 200 339486 application/javascript 80.7922ms
[2023-01-02 21:28:19.547 -05:00  INF]  Sending file. Request path: '/swagger-ui-bundle.js'. Physical path: 'N/A'
[2023-01-02 21:28:19.547 -05:00  INF]  Request finished HTTP/2 GET https://localhost:7132/swagger/swagger-ui-bundle.js - - - 200 1096145 application/javascript 107.1834ms
[2023-01-02 21:28:19.560 -05:00  INF]  Request finished HTTP/2 GET https://localhost:7132/_vs/browserLink - - - 200 - text/javascript;+charset=UTF-8 104.4955ms
[2023-01-02 21:28:19.780 -05:00  INF]  Request starting HTTP/2 GET https://localhost:7132/swagger/v1/swagger.json - -
[2023-01-02 21:28:19.800 -05:00  INF]  Request starting HTTP/2 GET https://localhost:7132/swagger/favicon-32x32.png - -
[2023-01-02 21:28:19.801 -05:00  INF]  Sending file. Request path: '/favicon-32x32.png'. Physical path: 'N/A'
[2023-01-02 21:28:19.801 -05:00  INF]  Request finished HTTP/2 GET https://localhost:7132/swagger/favicon-32x32.png - - - 200 628 image/png 0.5684ms
[2023-01-02 21:28:19.918 -05:00  INF]  Request finished HTTP/2 GET https://localhost:7132/swagger/v1/swagger.json - - - 200 - application/json;charset=utf-8 138.4730ms
[2023-01-02 21:36:40.792 -05:00  INF]  User profile is available. Using 'C:\Users\Owner\AppData\Local\ASP.NET\DataProtection-Keys' as key repository and Windows DPAPI to encrypt keys at rest.
[2023-01-02 21:36:41.072 -05:00  INF]  Now listening on: https://localhost:7132
[2023-01-02 21:36:41.072 -05:00  INF]  Now listening on: http://localhost:5132
[2023-01-02 21:36:41.075 -05:00  INF]  Application started. Press Ctrl+C to shut down.
[2023-01-02 21:36:41.075 -05:00  INF]  Hosting environment: Development
[2023-01-02 21:36:41.075 -05:00  INF]  Content root path: C:\Users\Owner\Dev\BoatJobs\API\Boats.API\Boats.API\
[2023-01-02 21:36:41.521 -05:00  INF]  Request starting HTTP/2 GET https://localhost:7132/swagger/index.html - -
[2023-01-02 21:36:41.818 -05:00  INF]  Request starting HTTP/2 GET https://localhost:7132/_framework/aspnetcore-browser-refresh.js - -
[2023-01-02 21:36:41.818 -05:00  INF]  Request finished HTTP/2 GET https://localhost:7132/swagger/index.html - - - 200 - text/html;charset=utf-8 299.9193ms
[2023-01-02 21:36:41.828 -05:00  INF]  Request finished HTTP/2 GET https://localhost:7132/_framework/aspnetcore-browser-refresh.js - - - 200 11988 application/javascript;+charset=utf-8 9.7061ms
[2023-01-02 21:36:41.834 -05:00  INF]  Request starting HTTP/2 GET https://localhost:7132/_vs/browserLink - -
[2023-01-02 21:36:41.851 -05:00  INF]  Request finished HTTP/2 GET https://localhost:7132/_vs/browserLink - - - 200 - text/javascript;+charset=UTF-8 16.9934ms
[2023-01-02 21:36:42.077 -05:00  INF]  Request starting HTTP/2 GET https://localhost:7132/swagger/v1/swagger.json - -
[2023-01-02 21:36:42.211 -05:00  INF]  Request finished HTTP/2 GET https://localhost:7132/swagger/v1/swagger.json - - - 200 - application/json;charset=utf-8 134.0234ms
[2023-01-02 21:37:33.117 -05:00  INF]  Request starting HTTP/2 POST https://localhost:7132/api/Account/register application/json-patch+json 137
[2023-01-02 21:37:33.247 -05:00  INF]  CORS policy execution successful.
[2023-01-02 21:37:33.255 -05:00  INF]  Executing endpoint 'Boats.API.Controllers.AccountController.Register (Boats.API)'
[2023-01-02 21:37:33.302 -05:00  INF]  Route matched with {action = "Register", controller = "Account"}. Executing controller action with signature System.Threading.Tasks.Task`1[Microsoft.AspNetCore.Mvc.IActionResult] Register(Boats.API.Models.UserDTO) on controller Boats.API.Controllers.AccountController (Boats.API).
[2023-01-02 21:37:34.011 -05:00  INF]  Registration Attempt for user@example.com 
[2023-01-02 21:37:34.037 -05:00  WRN]  User password validation failed: PasswordRequiresNonAlphanumeric;PasswordRequiresDigit;PasswordRequiresUpper.
[2023-01-02 21:37:34.044 -05:00  INF]  Executing BadRequestObjectResult, writing value of type 'Microsoft.AspNetCore.Mvc.SerializableError'.
[2023-01-02 21:37:34.092 -05:00  INF]  Executed action Boats.API.Controllers.AccountController.Register (Boats.API) in 783.6019ms
[2023-01-02 21:37:34.093 -05:00  INF]  Executed endpoint 'Boats.API.Controllers.AccountController.Register (Boats.API)'
[2023-01-02 21:37:34.096 -05:00  INF]  Request finished HTTP/2 POST https://localhost:7132/api/Account/register application/json-patch+json 137 - 400 260 application/json;+charset=utf-8 979.4515ms
[2023-01-02 21:38:05.187 -05:00  INF]  Request starting HTTP/2 POST https://localhost:7132/api/Account/register application/json-patch+json 141
[2023-01-02 21:38:05.193 -05:00  INF]  CORS policy execution successful.
[2023-01-02 21:38:05.194 -05:00  INF]  Executing endpoint 'Boats.API.Controllers.AccountController.Register (Boats.API)'
[2023-01-02 21:38:05.194 -05:00  INF]  Route matched with {action = "Register", controller = "Account"}. Executing controller action with signature System.Threading.Tasks.Task`1[Microsoft.AspNetCore.Mvc.IActionResult] Register(Boats.API.Models.UserDTO) on controller Boats.API.Controllers.AccountController (Boats.API).
[2023-01-02 21:38:05.238 -05:00  INF]  Registration Attempt for admin@example.com 
[2023-01-02 21:38:06.251 -05:00  INF]  Entity Framework Core 6.0.8 initialized 'BoatsDbContext' using provider 'Microsoft.EntityFrameworkCore.SqlServer:6.0.8' with options: None
[2023-01-02 21:38:07.418 -05:00  INF]  Executed DbCommand (86ms) [Parameters=[@__normalizedUserName_0='?' (Size = 256)], CommandType='"Text"', CommandTimeout='30']
SELECT TOP(1) [a].[Id], [a].[AccessFailedCount], [a].[ConcurrencyStamp], [a].[Email], [a].[EmailConfirmed], [a].[FirstName], [a].[LastName], [a].[LockoutEnabled], [a].[LockoutEnd], [a].[NormalizedEmail], [a].[NormalizedUserName], [a].[PasswordHash], [a].[PhoneNumber], [a].[PhoneNumberConfirmed], [a].[SecurityStamp], [a].[TwoFactorEnabled], [a].[UserName]
FROM [AspNetUsers] AS [a]
WHERE [a].[NormalizedUserName] = @__normalizedUserName_0
[2023-01-02 21:38:07.481 -05:00  INF]  Executed DbCommand (4ms) [Parameters=[@__normalizedEmail_0='?' (Size = 256)], CommandType='"Text"', CommandTimeout='30']
SELECT TOP(2) [a].[Id], [a].[AccessFailedCount], [a].[ConcurrencyStamp], [a].[Email], [a].[EmailConfirmed], [a].[FirstName], [a].[LastName], [a].[LockoutEnabled], [a].[LockoutEnd], [a].[NormalizedEmail], [a].[NormalizedUserName], [a].[PasswordHash], [a].[PhoneNumber], [a].[PhoneNumberConfirmed], [a].[SecurityStamp], [a].[TwoFactorEnabled], [a].[UserName]
FROM [AspNetUsers] AS [a]
WHERE [a].[NormalizedEmail] = @__normalizedEmail_0
[2023-01-02 21:38:07.698 -05:00  INF]  Executed DbCommand (18ms) [Parameters=[@p0='?' (Size = 450), @p1='?' (DbType = Int32), @p2='?' (Size = 4000), @p3='?' (Size = 256), @p4='?' (DbType = Boolean), @p5='?' (Size = 4000), @p6='?' (Size = 4000), @p7='?' (DbType = Boolean), @p8='?' (DbType = DateTimeOffset), @p9='?' (Size = 256), @p10='?' (Size = 256), @p11='?' (Size = 4000), @p12='?' (Size = 4000), @p13='?' (DbType = Boolean), @p14='?' (Size = 4000), @p15='?' (DbType = Boolean), @p16='?' (Size = 256)], CommandType='"Text"', CommandTimeout='30']
SET NOCOUNT ON;
INSERT INTO [AspNetUsers] ([Id], [AccessFailedCount], [ConcurrencyStamp], [Email], [EmailConfirmed], [FirstName], [LastName], [LockoutEnabled], [LockoutEnd], [NormalizedEmail], [NormalizedUserName], [PasswordHash], [PhoneNumber], [PhoneNumberConfirmed], [SecurityStamp], [TwoFactorEnabled], [UserName])
VALUES (@p0, @p1, @p2, @p3, @p4, @p5, @p6, @p7, @p8, @p9, @p10, @p11, @p12, @p13, @p14, @p15, @p16);
[2023-01-02 21:38:07.747 -05:00  INF]  Executed DbCommand (3ms) [Parameters=[@__normalizedRoleName_0='?' (Size = 256)], CommandType='"Text"', CommandTimeout='30']
SELECT TOP(2) [a].[Id], [a].[ConcurrencyStamp], [a].[Name], [a].[NormalizedName]
FROM [AspNetRoles] AS [a]
WHERE [a].[NormalizedName] = @__normalizedRoleName_0
[2023-01-02 21:38:07.755 -05:00  INF]  Executed DbCommand (1ms) [Parameters=[@__normalizedRoleName_0='?' (Size = 256)], CommandType='"Text"', CommandTimeout='30']
SELECT TOP(2) [a].[Id], [a].[ConcurrencyStamp], [a].[Name], [a].[NormalizedName]
FROM [AspNetRoles] AS [a]
WHERE [a].[NormalizedName] = @__normalizedRoleName_0
[2023-01-02 21:38:07.832 -05:00  ERR]  Something Went Wrong in the Register
System.InvalidOperationException: Role ADMIN does not exist.
   at Microsoft.AspNetCore.Identity.EntityFrameworkCore.UserStore`9.AddToRoleAsync(TUser user, String normalizedRoleName, CancellationToken cancellationToken)
   at Microsoft.AspNetCore.Identity.UserManager`1.AddToRolesAsync(TUser user, IEnumerable`1 roles)
   at Boats.API.Controllers.AccountController.Register(UserDTO userDTO) in C:\Users\Owner\Dev\BoatJobs\API\Boats.API\Boats.API\Controllers\AccountController.cs:line 53
[2023-01-02 21:38:07.949 -05:00  INF]  Executing ObjectResult, writing value of type 'Microsoft.AspNetCore.Mvc.ProblemDetails'.
[2023-01-02 21:38:07.966 -05:00  INF]  Executed action Boats.API.Controllers.AccountController.Register (Boats.API) in 2771.6494ms
[2023-01-02 21:38:07.966 -05:00  INF]  Executed endpoint 'Boats.API.Controllers.AccountController.Register (Boats.API)'
[2023-01-02 21:38:07.973 -05:00  INF]  Request finished HTTP/2 POST https://localhost:7132/api/Account/register application/json-patch+json 141 - 500 248 application/problem+json;+charset=utf-8 2786.0923ms
[2023-01-02 21:38:23.974 -05:00  INF]  Request starting HTTP/2 POST https://localhost:7132/api/Account/register application/json-patch+json 141
[2023-01-02 21:38:23.982 -05:00  INF]  CORS policy execution successful.
[2023-01-02 21:38:23.982 -05:00  INF]  Executing endpoint 'Boats.API.Controllers.AccountController.Register (Boats.API)'
[2023-01-02 21:38:23.982 -05:00  INF]  Route matched with {action = "Register", controller = "Account"}. Executing controller action with signature System.Threading.Tasks.Task`1[Microsoft.AspNetCore.Mvc.IActionResult] Register(Boats.API.Models.UserDTO) on controller Boats.API.Controllers.AccountController (Boats.API).
[2023-01-02 21:38:23.989 -05:00  INF]  Registration Attempt for admin@example.com 
[2023-01-02 21:38:24.030 -05:00  INF]  Entity Framework Core 6.0.8 initialized 'BoatsDbContext' using provider 'Microsoft.EntityFrameworkCore.SqlServer:6.0.8' with options: None
[2023-01-02 21:38:24.033 -05:00  INF]  Executed DbCommand (3ms) [Parameters=[@__normalizedUserName_0='?' (Size = 256)], CommandType='"Text"', CommandTimeout='30']
SELECT TOP(1) [a].[Id], [a].[AccessFailedCount], [a].[ConcurrencyStamp], [a].[Email], [a].[EmailConfirmed], [a].[FirstName], [a].[LastName], [a].[LockoutEnabled], [a].[LockoutEnd], [a].[NormalizedEmail], [a].[NormalizedUserName], [a].[PasswordHash], [a].[PhoneNumber], [a].[PhoneNumberConfirmed], [a].[SecurityStamp], [a].[TwoFactorEnabled], [a].[UserName]
FROM [AspNetUsers] AS [a]
WHERE [a].[NormalizedUserName] = @__normalizedUserName_0
[2023-01-02 21:38:24.052 -05:00  INF]  Executed DbCommand (2ms) [Parameters=[@__normalizedEmail_0='?' (Size = 256)], CommandType='"Text"', CommandTimeout='30']
SELECT TOP(2) [a].[Id], [a].[AccessFailedCount], [a].[ConcurrencyStamp], [a].[Email], [a].[EmailConfirmed], [a].[FirstName], [a].[LastName], [a].[LockoutEnabled], [a].[LockoutEnd], [a].[NormalizedEmail], [a].[NormalizedUserName], [a].[PasswordHash], [a].[PhoneNumber], [a].[PhoneNumberConfirmed], [a].[SecurityStamp], [a].[TwoFactorEnabled], [a].[UserName]
FROM [AspNetUsers] AS [a]
WHERE [a].[NormalizedEmail] = @__normalizedEmail_0
[2023-01-02 21:38:24.053 -05:00  WRN]  User validation failed: DuplicateUserName;DuplicateEmail.
[2023-01-02 21:38:24.053 -05:00  INF]  Executing BadRequestObjectResult, writing value of type 'Microsoft.AspNetCore.Mvc.SerializableError'.
[2023-01-02 21:38:24.053 -05:00  INF]  Executed action Boats.API.Controllers.AccountController.Register (Boats.API) in 71.2182ms
[2023-01-02 21:38:24.053 -05:00  INF]  Executed endpoint 'Boats.API.Controllers.AccountController.Register (Boats.API)'
[2023-01-02 21:38:24.053 -05:00  INF]  Request finished HTTP/2 POST https://localhost:7132/api/Account/register application/json-patch+json 141 - 400 137 application/json;+charset=utf-8 79.2667ms
[2023-01-02 21:39:10.900 -05:00  INF]  Request starting HTTP/2 POST https://localhost:7132/api/Account/login application/json-patch+json 62
[2023-01-02 21:39:10.901 -05:00  INF]  CORS policy execution successful.
[2023-01-02 21:39:10.901 -05:00  INF]  Executing endpoint 'Boats.API.Controllers.AccountController.Login (Boats.API)'
[2023-01-02 21:39:10.914 -05:00  INF]  Route matched with {action = "Login", controller = "Account"}. Executing controller action with signature System.Threading.Tasks.Task`1[Microsoft.AspNetCore.Mvc.IActionResult] Login(Boats.API.Models.LoginUserDTO) on controller Boats.API.Controllers.AccountController (Boats.API).
[2023-01-02 21:39:10.916 -05:00  INF]  Login Attempt for admin@example.com 
[2023-01-02 21:39:10.924 -05:00  INF]  Entity Framework Core 6.0.8 initialized 'BoatsDbContext' using provider 'Microsoft.EntityFrameworkCore.SqlServer:6.0.8' with options: None
[2023-01-02 21:39:10.926 -05:00  INF]  Executed DbCommand (2ms) [Parameters=[@__normalizedUserName_0='?' (Size = 256)], CommandType='"Text"', CommandTimeout='30']
SELECT TOP(1) [a].[Id], [a].[AccessFailedCount], [a].[ConcurrencyStamp], [a].[Email], [a].[EmailConfirmed], [a].[FirstName], [a].[LastName], [a].[LockoutEnabled], [a].[LockoutEnd], [a].[NormalizedEmail], [a].[NormalizedUserName], [a].[PasswordHash], [a].[PhoneNumber], [a].[PhoneNumberConfirmed], [a].[SecurityStamp], [a].[TwoFactorEnabled], [a].[UserName]
FROM [AspNetUsers] AS [a]
WHERE [a].[NormalizedUserName] = @__normalizedUserName_0
[2023-01-02 21:39:11.026 -05:00  INF]  Executed DbCommand (2ms) [Parameters=[@__userId_0='?' (Size = 450)], CommandType='"Text"', CommandTimeout='30']
SELECT [a0].[Name]
FROM [AspNetUserRoles] AS [a]
INNER JOIN [AspNetRoles] AS [a0] ON [a].[RoleId] = [a0].[Id]
WHERE [a].[UserId] = @__userId_0
[2023-01-02 21:39:11.145 -05:00  INF]  Executing AcceptedResult, writing value of type '<>f__AnonymousType0`1[[System.String, System.Private.CoreLib, Version=6.0.0.0, Culture=neutral, PublicKeyToken=7cec85d7bea7798e]]'.
[2023-01-02 21:39:11.148 -05:00  INF]  Executed action Boats.API.Controllers.AccountController.Login (Boats.API) in 234.0863ms
[2023-01-02 21:39:11.148 -05:00  INF]  Executed endpoint 'Boats.API.Controllers.AccountController.Login (Boats.API)'
[2023-01-02 21:39:11.148 -05:00  INF]  Request finished HTTP/2 POST https://localhost:7132/api/Account/login application/json-patch+json 62 - 202 225 application/json;+charset=utf-8 247.7525ms
[2023-01-02 21:58:02.935 -05:00  INF]  User profile is available. Using 'C:\Users\Owner\AppData\Local\ASP.NET\DataProtection-Keys' as key repository and Windows DPAPI to encrypt keys at rest.
[2023-01-02 21:58:03.232 -05:00  INF]  Now listening on: https://localhost:7132
[2023-01-02 21:58:03.233 -05:00  INF]  Now listening on: http://localhost:5132
[2023-01-02 21:58:03.237 -05:00  INF]  Application started. Press Ctrl+C to shut down.
[2023-01-02 21:58:03.237 -05:00  INF]  Hosting environment: Development
[2023-01-02 21:58:03.237 -05:00  INF]  Content root path: C:\Users\Owner\Dev\BoatJobs\API\Boats.API\Boats.API\
[2023-01-02 21:58:03.652 -05:00  INF]  Request starting HTTP/2 GET https://localhost:7132/swagger/index.html - -
[2023-01-02 21:58:03.922 -05:00  INF]  Request finished HTTP/2 GET https://localhost:7132/swagger/index.html - - - 200 - text/html;charset=utf-8 272.9374ms
[2023-01-02 21:58:03.922 -05:00  INF]  Request starting HTTP/2 GET https://localhost:7132/_framework/aspnetcore-browser-refresh.js - -
[2023-01-02 21:58:03.932 -05:00  INF]  Request finished HTTP/2 GET https://localhost:7132/_framework/aspnetcore-browser-refresh.js - - - 200 11988 application/javascript;+charset=utf-8 9.8397ms
[2023-01-02 21:58:03.936 -05:00  INF]  Request starting HTTP/2 GET https://localhost:7132/_vs/browserLink - -
[2023-01-02 21:58:03.959 -05:00  INF]  Request finished HTTP/2 GET https://localhost:7132/_vs/browserLink - - - 200 - text/javascript;+charset=UTF-8 22.9099ms
[2023-01-02 21:58:04.056 -05:00  INF]  Request starting HTTP/2 GET https://localhost:7132/swagger/v1/swagger.json - -
[2023-01-02 21:58:04.184 -05:00  INF]  Request finished HTTP/2 GET https://localhost:7132/swagger/v1/swagger.json - - - 200 - application/json;charset=utf-8 128.4773ms
[2023-01-02 21:58:31.121 -05:00  INF]  Request starting HTTP/2 POST https://localhost:7132/api/Boats application/json-patch+json 232
[2023-01-02 21:58:31.198 -05:00  INF]  CORS policy execution successful.
[2023-01-02 21:58:31.203 -05:00  INF]  Executing endpoint 'Boats.API.Controllers.BoatsController.CreateJob (Boats.API)'
[2023-01-02 21:58:31.228 -05:00  INF]  Route matched with {action = "CreateJob", controller = "Boats"}. Executing controller action with signature System.Threading.Tasks.Task`1[Microsoft.AspNetCore.Mvc.IActionResult] CreateJob(Boats.API.Models.BoatDTO) on controller Boats.API.Controllers.BoatsController (Boats.API).
[2023-01-02 21:58:32.536 -05:00  INF]  Entity Framework Core 6.0.8 initialized 'BoatsDbContext' using provider 'Microsoft.EntityFrameworkCore.SqlServer:6.0.8' with options: None
[2023-01-02 21:58:33.172 -05:00  INF]  Executed DbCommand (78ms) [Parameters=[@p0='?' (DbType = Guid), @p1='?' (DbType = Single), @p2='?' (Size = 4000), @p3='?' (Size = 4000), @p4='?' (Size = 4000), @p5='?' (Size = 4000), @p6='?' (Size = 4000), @p7='?' (Size = 4000), @p8='?' (Size = 4000)], CommandType='"Text"', CommandTimeout='30']
SET NOCOUNT ON;
INSERT INTO [Boats] ([Id], [Amount], [County], [Date], [JobDesciption], [JobTitle], [Name], [State], [Zipcode])
VALUES (@p0, @p1, @p2, @p3, @p4, @p5, @p6, @p7, @p8);
[2023-01-02 21:58:33.244 -05:00  INF]  Executing CreatedAtActionResult, writing value of type 'Boats.API.Data.Boat'.
[2023-01-02 21:58:33.315 -05:00  INF]  Executed action Boats.API.Controllers.BoatsController.CreateJob (Boats.API) in 2082.0735ms
[2023-01-02 21:58:33.316 -05:00  INF]  Executed endpoint 'Boats.API.Controllers.BoatsController.CreateJob (Boats.API)'
[2023-01-02 21:58:33.323 -05:00  INF]  Request finished HTTP/2 POST https://localhost:7132/api/Boats application/json-patch+json 232 - 201 197 application/json;+charset=utf-8 2201.4741ms
[2023-01-02 21:59:23.724 -05:00  INF]  User profile is available. Using 'C:\Users\Owner\AppData\Local\ASP.NET\DataProtection-Keys' as key repository and Windows DPAPI to encrypt keys at rest.
[2023-01-02 21:59:24.001 -05:00  INF]  Now listening on: https://localhost:7132
[2023-01-02 21:59:24.001 -05:00  INF]  Now listening on: http://localhost:5132
[2023-01-02 21:59:24.004 -05:00  INF]  Application started. Press Ctrl+C to shut down.
[2023-01-02 21:59:24.004 -05:00  INF]  Hosting environment: Development
[2023-01-02 21:59:24.004 -05:00  INF]  Content root path: C:\Users\Owner\Dev\BoatJobs\API\Boats.API\Boats.API\
[2023-01-02 21:59:24.376 -05:00  INF]  Request starting HTTP/2 GET https://localhost:7132/swagger/index.html - -
[2023-01-02 21:59:24.695 -05:00  INF]  Request starting HTTP/2 GET https://localhost:7132/_framework/aspnetcore-browser-refresh.js - -
[2023-01-02 21:59:24.698 -05:00  INF]  Request finished HTTP/2 GET https://localhost:7132/swagger/index.html - - - 200 - text/html;charset=utf-8 327.6197ms
[2023-01-02 21:59:24.699 -05:00  INF]  Request finished HTTP/2 GET https://localhost:7132/_framework/aspnetcore-browser-refresh.js - - - 200 11988 application/javascript;+charset=utf-8 4.0629ms
[2023-01-02 21:59:24.707 -05:00  INF]  Request starting HTTP/2 GET https://localhost:7132/_vs/browserLink - -
[2023-01-02 21:59:24.729 -05:00  INF]  Request finished HTTP/2 GET https://localhost:7132/_vs/browserLink - - - 200 - text/javascript;+charset=UTF-8 21.7416ms
[2023-01-02 21:59:24.830 -05:00  INF]  Request starting HTTP/2 GET https://localhost:7132/swagger/v1/swagger.json - -
[2023-01-02 21:59:24.985 -05:00  INF]  Request finished HTTP/2 GET https://localhost:7132/swagger/v1/swagger.json - - - 200 - application/json;charset=utf-8 155.2641ms
[2023-01-02 22:00:03.169 -05:00  INF]  Request starting HTTP/2 POST https://localhost:7132/api/Boats application/json-patch+json 197
[2023-01-02 22:00:03.251 -05:00  INF]  CORS policy execution successful.
[2023-01-02 22:00:03.256 -05:00  INF]  Executing endpoint 'Boats.API.Controllers.BoatsController.CreateJob (Boats.API)'
[2023-01-02 22:00:03.281 -05:00  INF]  Route matched with {action = "CreateJob", controller = "Boats"}. Executing controller action with signature System.Threading.Tasks.Task`1[Microsoft.AspNetCore.Mvc.IActionResult] CreateJob(Boats.API.Models.BoatDTO) on controller Boats.API.Controllers.BoatsController (Boats.API).
[2023-01-02 22:00:03.788 -05:00  INF]  Executing BadRequestObjectResult, writing value of type 'Microsoft.AspNetCore.Mvc.ValidationProblemDetails'.
[2023-01-02 22:00:03.857 -05:00  INF]  Executed action Boats.API.Controllers.BoatsController.CreateJob (Boats.API) in 570.6936ms
[2023-01-02 22:00:03.859 -05:00  INF]  Executed endpoint 'Boats.API.Controllers.BoatsController.CreateJob (Boats.API)'
[2023-01-02 22:00:03.863 -05:00  INF]  Request finished HTTP/2 POST https://localhost:7132/api/Boats application/json-patch+json 197 - 400 340 application/problem+json;+charset=utf-8 694.1992ms
[2023-01-02 22:00:54.954 -05:00  INF]  User profile is available. Using 'C:\Users\Owner\AppData\Local\ASP.NET\DataProtection-Keys' as key repository and Windows DPAPI to encrypt keys at rest.
[2023-01-02 22:00:55.313 -05:00  INF]  Now listening on: https://localhost:7132
[2023-01-02 22:00:55.313 -05:00  INF]  Now listening on: http://localhost:5132
[2023-01-02 22:00:55.316 -05:00  INF]  Application started. Press Ctrl+C to shut down.
[2023-01-02 22:00:55.316 -05:00  INF]  Hosting environment: Development
[2023-01-02 22:00:55.316 -05:00  INF]  Content root path: C:\Users\Owner\Dev\BoatJobs\API\Boats.API\Boats.API\
[2023-01-02 22:00:55.677 -05:00  INF]  Request starting HTTP/2 GET https://localhost:7132/swagger/index.html - -
[2023-01-02 22:00:55.972 -05:00  INF]  Request finished HTTP/2 GET https://localhost:7132/swagger/index.html - - - 200 - text/html;charset=utf-8 297.5910ms
[2023-01-02 22:00:55.979 -05:00  INF]  Request starting HTTP/2 GET https://localhost:7132/_framework/aspnetcore-browser-refresh.js - -
[2023-01-02 22:00:55.984 -05:00  INF]  Request finished HTTP/2 GET https://localhost:7132/_framework/aspnetcore-browser-refresh.js - - - 200 11988 application/javascript;+charset=utf-8 4.9241ms
[2023-01-02 22:00:55.986 -05:00  INF]  Request starting HTTP/2 GET https://localhost:7132/_vs/browserLink - -
[2023-01-02 22:00:56.007 -05:00  INF]  Request finished HTTP/2 GET https://localhost:7132/_vs/browserLink - - - 200 - text/javascript;+charset=UTF-8 21.3865ms
[2023-01-02 22:00:56.111 -05:00  INF]  Request starting HTTP/2 GET https://localhost:7132/swagger/v1/swagger.json - -
[2023-01-02 22:00:56.234 -05:00  INF]  Request finished HTTP/2 GET https://localhost:7132/swagger/v1/swagger.json - - - 200 - application/json;charset=utf-8 123.1779ms
[2023-01-02 22:02:28.290 -05:00  INF]  User profile is available. Using 'C:\Users\Owner\AppData\Local\ASP.NET\DataProtection-Keys' as key repository and Windows DPAPI to encrypt keys at rest.
[2023-01-02 22:02:28.581 -05:00  INF]  Now listening on: https://localhost:7132
[2023-01-02 22:02:28.581 -05:00  INF]  Now listening on: http://localhost:5132
[2023-01-02 22:02:28.584 -05:00  INF]  Application started. Press Ctrl+C to shut down.
[2023-01-02 22:02:28.584 -05:00  INF]  Hosting environment: Development
[2023-01-02 22:02:28.584 -05:00  INF]  Content root path: C:\Users\Owner\Dev\BoatJobs\API\Boats.API\Boats.API\
[2023-01-02 22:02:28.934 -05:00  INF]  Request starting HTTP/2 GET https://localhost:7132/swagger/index.html - -
[2023-01-02 22:02:29.220 -05:00  INF]  Request finished HTTP/2 GET https://localhost:7132/swagger/index.html - - - 200 - text/html;charset=utf-8 288.5002ms
[2023-01-02 22:02:29.221 -05:00  INF]  Request starting HTTP/2 GET https://localhost:7132/_framework/aspnetcore-browser-refresh.js - -
[2023-01-02 22:02:29.233 -05:00  INF]  Request finished HTTP/2 GET https://localhost:7132/_framework/aspnetcore-browser-refresh.js - - - 200 11988 application/javascript;+charset=utf-8 11.9753ms
[2023-01-02 22:02:29.238 -05:00  INF]  Request starting HTTP/2 GET https://localhost:7132/_vs/browserLink - -
[2023-01-02 22:02:29.261 -05:00  INF]  Request finished HTTP/2 GET https://localhost:7132/_vs/browserLink - - - 200 - text/javascript;+charset=UTF-8 22.3437ms
[2023-01-02 22:02:29.372 -05:00  INF]  Request starting HTTP/2 GET https://localhost:7132/swagger/v1/swagger.json - -
[2023-01-02 22:02:29.507 -05:00  INF]  Request finished HTTP/2 GET https://localhost:7132/swagger/v1/swagger.json - - - 200 - application/json;charset=utf-8 134.7942ms
[2023-01-02 22:02:46.805 -05:00  INF]  Request starting HTTP/2 POST https://localhost:7132/api/Boats application/json-patch+json 201
[2023-01-02 22:02:46.878 -05:00  INF]  CORS policy execution successful.
[2023-01-02 22:02:46.883 -05:00  INF]  Executing endpoint 'Boats.API.Controllers.BoatsController.CreateJob (Boats.API)'
[2023-01-02 22:02:46.908 -05:00  INF]  Route matched with {action = "CreateJob", controller = "Boats"}. Executing controller action with signature System.Threading.Tasks.Task`1[Microsoft.AspNetCore.Mvc.IActionResult] CreateJob(Boats.API.Models.BoatDTO) on controller Boats.API.Controllers.BoatsController (Boats.API).
[2023-01-02 22:02:47.385 -05:00  INF]  Executing BadRequestObjectResult, writing value of type 'Microsoft.AspNetCore.Mvc.ValidationProblemDetails'.
[2023-01-02 22:02:47.473 -05:00  INF]  Executed action Boats.API.Controllers.BoatsController.CreateJob (Boats.API) in 555.8127ms
[2023-01-02 22:02:47.475 -05:00  INF]  Executed endpoint 'Boats.API.Controllers.BoatsController.CreateJob (Boats.API)'
[2023-01-02 22:02:47.478 -05:00  INF]  Request finished HTTP/2 POST https://localhost:7132/api/Boats application/json-patch+json 201 - 400 340 application/problem+json;+charset=utf-8 672.6877ms
[2023-01-02 22:04:21.499 -05:00  INF]  User profile is available. Using 'C:\Users\Owner\AppData\Local\ASP.NET\DataProtection-Keys' as key repository and Windows DPAPI to encrypt keys at rest.
[2023-01-02 22:04:21.827 -05:00  INF]  Now listening on: https://localhost:7132
[2023-01-02 22:04:21.827 -05:00  INF]  Now listening on: http://localhost:5132
[2023-01-02 22:04:21.832 -05:00  INF]  Application started. Press Ctrl+C to shut down.
[2023-01-02 22:04:21.833 -05:00  INF]  Hosting environment: Development
[2023-01-02 22:04:21.833 -05:00  INF]  Content root path: C:\Users\Owner\Dev\BoatJobs\API\Boats.API\Boats.API\
[2023-01-02 22:04:22.368 -05:00  INF]  Request starting HTTP/2 GET https://localhost:7132/swagger/index.html - -
[2023-01-02 22:04:22.661 -05:00  INF]  Request starting HTTP/2 GET https://localhost:7132/_framework/aspnetcore-browser-refresh.js - -
[2023-01-02 22:04:22.667 -05:00  INF]  Request finished HTTP/2 GET https://localhost:7132/swagger/index.html - - - 200 - text/html;charset=utf-8 303.5249ms
[2023-01-02 22:04:22.669 -05:00  INF]  Request finished HTTP/2 GET https://localhost:7132/_framework/aspnetcore-browser-refresh.js - - - 200 11988 application/javascript;+charset=utf-8 6.2338ms
[2023-01-02 22:04:22.678 -05:00  INF]  Request starting HTTP/2 GET https://localhost:7132/_vs/browserLink - -
[2023-01-02 22:04:22.700 -05:00  INF]  Request finished HTTP/2 GET https://localhost:7132/_vs/browserLink - - - 200 - text/javascript;+charset=UTF-8 22.0615ms
[2023-01-02 22:04:22.802 -05:00  INF]  Request starting HTTP/2 GET https://localhost:7132/swagger/v1/swagger.json - -
[2023-01-02 22:04:22.945 -05:00  INF]  Request finished HTTP/2 GET https://localhost:7132/swagger/v1/swagger.json - - - 200 - application/json;charset=utf-8 143.2557ms
[2023-01-02 22:04:41.384 -05:00  INF]  Request starting HTTP/2 POST https://localhost:7132/api/Boats application/json-patch+json 185
[2023-01-02 22:04:41.495 -05:00  INF]  CORS policy execution successful.
[2023-01-02 22:04:41.500 -05:00  INF]  Executing endpoint 'Boats.API.Controllers.BoatsController.CreateJob (Boats.API)'
[2023-01-02 22:04:41.526 -05:00  INF]  Route matched with {action = "CreateJob", controller = "Boats"}. Executing controller action with signature System.Threading.Tasks.Task`1[Microsoft.AspNetCore.Mvc.IActionResult] CreateJob(Boats.API.Models.CreateBoatDTO) on controller Boats.API.Controllers.BoatsController (Boats.API).
[2023-01-02 22:04:42.845 -05:00  INF]  Entity Framework Core 6.0.8 initialized 'BoatsDbContext' using provider 'Microsoft.EntityFrameworkCore.SqlServer:6.0.8' with options: None
[2023-01-02 22:04:43.479 -05:00  INF]  Executed DbCommand (77ms) [Parameters=[@p0='?' (DbType = Guid), @p1='?' (DbType = Single), @p2='?' (Size = 4000), @p3='?' (Size = 4000), @p4='?' (Size = 4000), @p5='?' (Size = 4000), @p6='?' (Size = 4000), @p7='?' (Size = 4000), @p8='?' (Size = 4000)], CommandType='"Text"', CommandTimeout='30']
SET NOCOUNT ON;
INSERT INTO [Boats] ([Id], [Amount], [County], [Date], [JobDesciption], [JobTitle], [Name], [State], [Zipcode])
VALUES (@p0, @p1, @p2, @p3, @p4, @p5, @p6, @p7, @p8);
[2023-01-02 22:04:43.549 -05:00  INF]  Executing CreatedAtActionResult, writing value of type 'Boats.API.Data.Boat'.
[2023-01-02 22:04:43.618 -05:00  INF]  Executed action Boats.API.Controllers.BoatsController.CreateJob (Boats.API) in 2084.4028ms
[2023-01-02 22:04:43.619 -05:00  INF]  Executed endpoint 'Boats.API.Controllers.BoatsController.CreateJob (Boats.API)'
[2023-01-02 22:04:43.626 -05:00  INF]  Request finished HTTP/2 POST https://localhost:7132/api/Boats application/json-patch+json 185 - 201 198 application/json;+charset=utf-8 2242.1987ms
