[2022-12-22 21:41:49.605 -05:00  INF]  Entity Framework Core 6.0.8 initialized 'BoatsDbContext' using provider 'Microsoft.EntityFrameworkCore.SqlServer:6.0.8' with options: None
[2022-12-22 21:44:28.231 -05:00  INF]  Entity Framework Core 6.0.8 initialized 'BoatsDbContext' using provider 'Microsoft.EntityFrameworkCore.SqlServer:6.0.8' with options: None
[2022-12-22 21:44:28.817 -05:00  INF]  Executed DbCommand (17ms) [Parameters=[], CommandType='"Text"', CommandTimeout='30']
SELECT 1
[2022-12-22 21:44:28.844 -05:00  INF]  Executed DbCommand (13ms) [Parameters=[], CommandType='"Text"', CommandTimeout='30']
SELECT OBJECT_ID(N'[__EFMigrationsHistory]');
[2022-12-22 21:44:28.846 -05:00  INF]  Executed DbCommand (1ms) [Parameters=[], CommandType='"Text"', CommandTimeout='30']
SELECT 1
[2022-12-22 21:44:28.847 -05:00  INF]  Executed DbCommand (0ms) [Parameters=[], CommandType='"Text"', CommandTimeout='30']
SELECT OBJECT_ID(N'[__EFMigrationsHistory]');
[2022-12-22 21:44:28.872 -05:00  INF]  Executed DbCommand (10ms) [Parameters=[], CommandType='"Text"', CommandTimeout='30']
SELECT [MigrationId], [ProductVersion]
FROM [__EFMigrationsHistory]
ORDER BY [MigrationId];
[2022-12-22 21:44:28.892 -05:00  INF]  Applying migration '20221223024149_addedDefaultBoats'.
[2022-12-22 21:44:28.969 -05:00  INF]  Executed DbCommand (23ms) [Parameters=[], CommandType='"Text"', CommandTimeout='30']
DELETE FROM [AspNetRoles]
WHERE [Id] = N'3d2c8339-8a2c-4585-b164-762b8b246724';
SELECT @@ROWCOUNT;
[2022-12-22 21:44:28.972 -05:00  INF]  Executed DbCommand (3ms) [Parameters=[], CommandType='"Text"', CommandTimeout='30']
DELETE FROM [AspNetRoles]
WHERE [Id] = N'53ff9c2c-9c71-4af1-b330-e6ed1cbc809a';
SELECT @@ROWCOUNT;
[2022-12-22 21:44:28.995 -05:00  INF]  Executed DbCommand (22ms) [Parameters=[], CommandType='"Text"', CommandTimeout='30']
IF EXISTS (SELECT * FROM [sys].[identity_columns] WHERE [name] IN (N'Id', N'ConcurrencyStamp', N'Name', N'NormalizedName') AND [object_id] = OBJECT_ID(N'[AspNetRoles]'))
    SET IDENTITY_INSERT [AspNetRoles] ON;
INSERT INTO [AspNetRoles] ([Id], [ConcurrencyStamp], [Name], [NormalizedName])
VALUES (N'9c216f63-fd8a-47dd-a33e-1334b89e2ed2', N'19548a34-9acc-41f1-a529-0c0267bc3bc7', N'Administrator', N'ADMINISTRATOR'),
(N'c5c0de25-5488-46ae-aedd-65e948f01210', N'a3c4fbbc-f1be-45b7-80a9-ccebab543731', N'User', N'USER');
IF EXISTS (SELECT * FROM [sys].[identity_columns] WHERE [name] IN (N'Id', N'ConcurrencyStamp', N'Name', N'NormalizedName') AND [object_id] = OBJECT_ID(N'[AspNetRoles]'))
    SET IDENTITY_INSERT [AspNetRoles] OFF;
[2022-12-22 21:44:29.006 -05:00  INF]  Executed DbCommand (11ms) [Parameters=[], CommandType='"Text"', CommandTimeout='30']
IF EXISTS (SELECT * FROM [sys].[identity_columns] WHERE [name] IN (N'Id', N'Amount', N'County', N'Date', N'JobDesciption', N'JobTitle', N'Name', N'State', N'Zipcode') AND [object_id] = OBJECT_ID(N'[Boats]'))
    SET IDENTITY_INSERT [Boats] ON;
INSERT INTO [Boats] ([Id], [Amount], [County], [Date], [JobDesciption], [JobTitle], [Name], [State], [Zipcode])
VALUES ('44ffbdd3-7191-470c-95a6-0b856f5acd24', CAST(50 AS real), N'Royal Palm Beach', N'1/15/2023', N'Boat is dirty', N'Cleaner', N'TestingBoat', N'Florida', N'33411'),
('96628f44-7560-400d-8012-63dd9449783c', CAST(75 AS real), N'Royal Palm Beach', N'1/16/2023', N'Boat is Still dirty', N'Washer', N'TestingBoatTwo', N'Florida', N'33411');
IF EXISTS (SELECT * FROM [sys].[identity_columns] WHERE [name] IN (N'Id', N'Amount', N'County', N'Date', N'JobDesciption', N'JobTitle', N'Name', N'State', N'Zipcode') AND [object_id] = OBJECT_ID(N'[Boats]'))
    SET IDENTITY_INSERT [Boats] OFF;
[2022-12-22 21:44:29.007 -05:00  INF]  Executed DbCommand (1ms) [Parameters=[], CommandType='"Text"', CommandTimeout='30']
INSERT INTO [__EFMigrationsHistory] ([MigrationId], [ProductVersion])
VALUES (N'20221223024149_addedDefaultBoats', N'6.0.8');
[2022-12-22 21:46:40.554 -05:00  INF]  User profile is available. Using 'C:\Users\Owner\AppData\Local\ASP.NET\DataProtection-Keys' as key repository and Windows DPAPI to encrypt keys at rest.
[2022-12-22 21:46:41.114 -05:00  INF]  Now listening on: https://localhost:7132
[2022-12-22 21:46:41.114 -05:00  INF]  Now listening on: http://localhost:5132
[2022-12-22 21:46:41.117 -05:00  INF]  Application started. Press Ctrl+C to shut down.
[2022-12-22 21:46:41.117 -05:00  INF]  Hosting environment: Development
[2022-12-22 21:46:41.117 -05:00  INF]  Content root path: C:\Users\Owner\Dev\BoatJobs\API\Boats.API\Boats.API\
[2022-12-22 21:46:42.084 -05:00  INF]  Request starting HTTP/2 GET https://localhost:7132/swagger - -
[2022-12-22 21:46:42.234 -05:00  INF]  Request finished HTTP/2 GET https://localhost:7132/swagger - - - 301 0 - 153.1196ms
[2022-12-22 21:46:42.236 -05:00  INF]  Request starting HTTP/2 GET https://localhost:7132/swagger/index.html - -
[2022-12-22 21:46:42.515 -05:00  INF]  Request finished HTTP/2 GET https://localhost:7132/swagger/index.html - - - 200 - text/html;charset=utf-8 279.2542ms
[2022-12-22 21:46:42.516 -05:00  INF]  Request starting HTTP/2 GET https://localhost:7132/swagger/swagger-ui-bundle.js - -
[2022-12-22 21:46:42.516 -05:00  INF]  Request starting HTTP/2 GET https://localhost:7132/swagger/swagger-ui-standalone-preset.js - -
[2022-12-22 21:46:42.516 -05:00  INF]  Request starting HTTP/2 GET https://localhost:7132/_framework/aspnetcore-browser-refresh.js - -
[2022-12-22 21:46:42.516 -05:00  INF]  Request starting HTTP/2 GET https://localhost:7132/swagger/swagger-ui.css - -
[2022-12-22 21:46:42.521 -05:00  INF]  Request finished HTTP/2 GET https://localhost:7132/_framework/aspnetcore-browser-refresh.js - - - 200 11988 application/javascript;+charset=utf-8 5.1132ms
[2022-12-22 21:46:42.538 -05:00  INF]  Request starting HTTP/2 GET https://localhost:7132/_vs/browserLink - -
[2022-12-22 21:46:42.539 -05:00  INF]  Sending file. Request path: '/swagger-ui.css'. Physical path: 'N/A'
[2022-12-22 21:46:42.539 -05:00  INF]  Request finished HTTP/2 GET https://localhost:7132/swagger/swagger-ui.css - - - 200 143943 text/css 22.9702ms
[2022-12-22 21:46:42.562 -05:00  INF]  Sending file. Request path: '/swagger-ui-standalone-preset.js'. Physical path: 'N/A'
[2022-12-22 21:46:42.562 -05:00  INF]  Request finished HTTP/2 GET https://localhost:7132/swagger/swagger-ui-standalone-preset.js - - - 200 339486 application/javascript 45.8764ms
[2022-12-22 21:46:42.570 -05:00  INF]  Sending file. Request path: '/swagger-ui-bundle.js'. Physical path: 'N/A'
[2022-12-22 21:46:42.570 -05:00  INF]  Request finished HTTP/2 GET https://localhost:7132/swagger/swagger-ui-bundle.js - - - 200 1096145 application/javascript 54.5444ms
[2022-12-22 21:46:42.613 -05:00  INF]  Request finished HTTP/2 GET https://localhost:7132/_vs/browserLink - - - 200 - text/javascript;+charset=UTF-8 75.4278ms
[2022-12-22 21:46:42.774 -05:00  INF]  Request starting HTTP/2 GET https://localhost:7132/swagger/v1/swagger.json - -
[2022-12-22 21:46:42.811 -05:00  INF]  Request starting HTTP/2 GET https://localhost:7132/swagger/favicon-32x32.png - -
[2022-12-22 21:46:42.812 -05:00  INF]  Sending file. Request path: '/favicon-32x32.png'. Physical path: 'N/A'
[2022-12-22 21:46:42.812 -05:00  INF]  Request finished HTTP/2 GET https://localhost:7132/swagger/favicon-32x32.png - - - 200 628 image/png 0.7731ms
[2022-12-22 21:46:42.906 -05:00  INF]  Request finished HTTP/2 GET https://localhost:7132/swagger/v1/swagger.json - - - 200 - application/json;charset=utf-8 131.2072ms
[2022-12-22 21:47:15.302 -05:00  INF]  Request starting HTTP/2 POST https://localhost:7132/api/Account/register application/json-patch+json 135
[2022-12-22 21:47:15.408 -05:00  INF]  CORS policy execution successful.
[2022-12-22 21:47:15.415 -05:00  INF]  Executing endpoint 'Boats.API.Controllers.AccountController.Register (Boats.API)'
[2022-12-22 21:47:15.447 -05:00  INF]  Route matched with {action = "Register", controller = "Account"}. Executing controller action with signature System.Threading.Tasks.Task`1[Microsoft.AspNetCore.Mvc.IActionResult] Register(Boats.API.Models.UserDTO) on controller Boats.API.Controllers.AccountController (Boats.API).
[2022-12-22 21:47:16.041 -05:00  INF]  Registration Attempt for user@example.com 
[2022-12-22 21:47:16.068 -05:00  WRN]  User password validation failed: PasswordRequiresNonAlphanumeric;PasswordRequiresDigit;PasswordRequiresUpper.
[2022-12-22 21:47:16.071 -05:00  INF]  Executing BadRequestObjectResult, writing value of type 'Microsoft.AspNetCore.Mvc.SerializableError'.
[2022-12-22 21:47:16.122 -05:00  INF]  Executed action Boats.API.Controllers.AccountController.Register (Boats.API) in 669.3907ms
[2022-12-22 21:47:16.124 -05:00  INF]  Executed endpoint 'Boats.API.Controllers.AccountController.Register (Boats.API)'
[2022-12-22 21:47:16.133 -05:00  INF]  Request finished HTTP/2 POST https://localhost:7132/api/Account/register application/json-patch+json 135 - 400 260 application/json;+charset=utf-8 831.4961ms
[2022-12-22 21:47:34.609 -05:00  INF]  Request starting HTTP/2 POST https://localhost:7132/api/Account/register application/json-patch+json 139
[2022-12-22 21:47:34.616 -05:00  INF]  CORS policy execution successful.
[2022-12-22 21:47:34.621 -05:00  INF]  Executing endpoint 'Boats.API.Controllers.AccountController.Register (Boats.API)'
[2022-12-22 21:47:34.623 -05:00  INF]  Route matched with {action = "Register", controller = "Account"}. Executing controller action with signature System.Threading.Tasks.Task`1[Microsoft.AspNetCore.Mvc.IActionResult] Register(Boats.API.Models.UserDTO) on controller Boats.API.Controllers.AccountController (Boats.API).
[2022-12-22 21:47:34.675 -05:00  INF]  Registration Attempt for user@example.com 
[2022-12-22 21:47:35.620 -05:00  INF]  Entity Framework Core 6.0.8 initialized 'BoatsDbContext' using provider 'Microsoft.EntityFrameworkCore.SqlServer:6.0.8' with options: None
[2022-12-22 21:47:36.599 -05:00  INF]  Executed DbCommand (87ms) [Parameters=[@__normalizedUserName_0='?' (Size = 256)], CommandType='"Text"', CommandTimeout='30']
SELECT TOP(1) [a].[Id], [a].[AccessFailedCount], [a].[ConcurrencyStamp], [a].[Email], [a].[EmailConfirmed], [a].[FirstName], [a].[LastName], [a].[LockoutEnabled], [a].[LockoutEnd], [a].[NormalizedEmail], [a].[NormalizedUserName], [a].[PasswordHash], [a].[PhoneNumber], [a].[PhoneNumberConfirmed], [a].[SecurityStamp], [a].[TwoFactorEnabled], [a].[UserName]
FROM [AspNetUsers] AS [a]
WHERE [a].[NormalizedUserName] = @__normalizedUserName_0
[2022-12-22 21:47:36.739 -05:00  INF]  Executed DbCommand (5ms) [Parameters=[@__normalizedEmail_0='?' (Size = 256)], CommandType='"Text"', CommandTimeout='30']
SELECT TOP(2) [a].[Id], [a].[AccessFailedCount], [a].[ConcurrencyStamp], [a].[Email], [a].[EmailConfirmed], [a].[FirstName], [a].[LastName], [a].[LockoutEnabled], [a].[LockoutEnd], [a].[NormalizedEmail], [a].[NormalizedUserName], [a].[PasswordHash], [a].[PhoneNumber], [a].[PhoneNumberConfirmed], [a].[SecurityStamp], [a].[TwoFactorEnabled], [a].[UserName]
FROM [AspNetUsers] AS [a]
WHERE [a].[NormalizedEmail] = @__normalizedEmail_0
[2022-12-22 21:47:36.743 -05:00  WRN]  User validation failed: DuplicateUserName;DuplicateEmail.
[2022-12-22 21:47:36.749 -05:00  INF]  Executing BadRequestObjectResult, writing value of type 'Microsoft.AspNetCore.Mvc.SerializableError'.
[2022-12-22 21:47:36.750 -05:00  INF]  Executed action Boats.API.Controllers.AccountController.Register (Boats.API) in 2127.2211ms
[2022-12-22 21:47:36.751 -05:00  INF]  Executed endpoint 'Boats.API.Controllers.AccountController.Register (Boats.API)'
[2022-12-22 21:47:36.762 -05:00  INF]  Request finished HTTP/2 POST https://localhost:7132/api/Account/register application/json-patch+json 139 - 400 135 application/json;+charset=utf-8 2153.2193ms
[2022-12-22 21:47:52.143 -05:00  INF]  Request starting HTTP/2 POST https://localhost:7132/api/Account/register application/json-patch+json 143
[2022-12-22 21:47:52.145 -05:00  INF]  CORS policy execution successful.
[2022-12-22 21:47:52.145 -05:00  INF]  Executing endpoint 'Boats.API.Controllers.AccountController.Register (Boats.API)'
[2022-12-22 21:47:52.145 -05:00  INF]  Route matched with {action = "Register", controller = "Account"}. Executing controller action with signature System.Threading.Tasks.Task`1[Microsoft.AspNetCore.Mvc.IActionResult] Register(Boats.API.Models.UserDTO) on controller Boats.API.Controllers.AccountController (Boats.API).
[2022-12-22 21:47:52.153 -05:00  INF]  Registration Attempt for userTest@example.com 
[2022-12-22 21:47:52.203 -05:00  INF]  Entity Framework Core 6.0.8 initialized 'BoatsDbContext' using provider 'Microsoft.EntityFrameworkCore.SqlServer:6.0.8' with options: None
[2022-12-22 21:47:52.211 -05:00  INF]  Executed DbCommand (4ms) [Parameters=[@__normalizedUserName_0='?' (Size = 256)], CommandType='"Text"', CommandTimeout='30']
SELECT TOP(1) [a].[Id], [a].[AccessFailedCount], [a].[ConcurrencyStamp], [a].[Email], [a].[EmailConfirmed], [a].[FirstName], [a].[LastName], [a].[LockoutEnabled], [a].[LockoutEnd], [a].[NormalizedEmail], [a].[NormalizedUserName], [a].[PasswordHash], [a].[PhoneNumber], [a].[PhoneNumberConfirmed], [a].[SecurityStamp], [a].[TwoFactorEnabled], [a].[UserName]
FROM [AspNetUsers] AS [a]
WHERE [a].[NormalizedUserName] = @__normalizedUserName_0
[2022-12-22 21:47:52.213 -05:00  INF]  Executed DbCommand (2ms) [Parameters=[@__normalizedEmail_0='?' (Size = 256)], CommandType='"Text"', CommandTimeout='30']
SELECT TOP(2) [a].[Id], [a].[AccessFailedCount], [a].[ConcurrencyStamp], [a].[Email], [a].[EmailConfirmed], [a].[FirstName], [a].[LastName], [a].[LockoutEnabled], [a].[LockoutEnd], [a].[NormalizedEmail], [a].[NormalizedUserName], [a].[PasswordHash], [a].[PhoneNumber], [a].[PhoneNumberConfirmed], [a].[SecurityStamp], [a].[TwoFactorEnabled], [a].[UserName]
FROM [AspNetUsers] AS [a]
WHERE [a].[NormalizedEmail] = @__normalizedEmail_0
[2022-12-22 21:47:52.362 -05:00  INF]  Executed DbCommand (7ms) [Parameters=[@p0='?' (Size = 450), @p1='?' (DbType = Int32), @p2='?' (Size = 4000), @p3='?' (Size = 256), @p4='?' (DbType = Boolean), @p5='?' (Size = 4000), @p6='?' (Size = 4000), @p7='?' (DbType = Boolean), @p8='?' (DbType = DateTimeOffset), @p9='?' (Size = 256), @p10='?' (Size = 256), @p11='?' (Size = 4000), @p12='?' (Size = 4000), @p13='?' (DbType = Boolean), @p14='?' (Size = 4000), @p15='?' (DbType = Boolean), @p16='?' (Size = 256)], CommandType='"Text"', CommandTimeout='30']
SET NOCOUNT ON;
INSERT INTO [AspNetUsers] ([Id], [AccessFailedCount], [ConcurrencyStamp], [Email], [EmailConfirmed], [FirstName], [LastName], [LockoutEnabled], [LockoutEnd], [NormalizedEmail], [NormalizedUserName], [PasswordHash], [PhoneNumber], [PhoneNumberConfirmed], [SecurityStamp], [TwoFactorEnabled], [UserName])
VALUES (@p0, @p1, @p2, @p3, @p4, @p5, @p6, @p7, @p8, @p9, @p10, @p11, @p12, @p13, @p14, @p15, @p16);
[2022-12-22 21:47:52.417 -05:00  INF]  Executed DbCommand (4ms) [Parameters=[@__normalizedRoleName_0='?' (Size = 256)], CommandType='"Text"', CommandTimeout='30']
SELECT TOP(2) [a].[Id], [a].[ConcurrencyStamp], [a].[Name], [a].[NormalizedName]
FROM [AspNetRoles] AS [a]
WHERE [a].[NormalizedName] = @__normalizedRoleName_0
[2022-12-22 21:47:52.453 -05:00  INF]  Executed DbCommand (1ms) [Parameters=[@__p_0='?' (Size = 450), @__p_1='?' (Size = 450)], CommandType='"Text"', CommandTimeout='30']
SELECT TOP(1) [a].[UserId], [a].[RoleId]
FROM [AspNetUserRoles] AS [a]
WHERE ([a].[UserId] = @__p_0) AND ([a].[RoleId] = @__p_1)
[2022-12-22 21:47:52.458 -05:00  INF]  Executed DbCommand (1ms) [Parameters=[@__normalizedRoleName_0='?' (Size = 256)], CommandType='"Text"', CommandTimeout='30']
SELECT TOP(2) [a].[Id], [a].[ConcurrencyStamp], [a].[Name], [a].[NormalizedName]
FROM [AspNetRoles] AS [a]
WHERE [a].[NormalizedName] = @__normalizedRoleName_0
[2022-12-22 21:47:52.477 -05:00  INF]  Executed DbCommand (1ms) [Parameters=[@__normalizedUserName_0='?' (Size = 256)], CommandType='"Text"', CommandTimeout='30']
SELECT TOP(1) [a].[Id], [a].[AccessFailedCount], [a].[ConcurrencyStamp], [a].[Email], [a].[EmailConfirmed], [a].[FirstName], [a].[LastName], [a].[LockoutEnabled], [a].[LockoutEnd], [a].[NormalizedEmail], [a].[NormalizedUserName], [a].[PasswordHash], [a].[PhoneNumber], [a].[PhoneNumberConfirmed], [a].[SecurityStamp], [a].[TwoFactorEnabled], [a].[UserName]
FROM [AspNetUsers] AS [a]
WHERE [a].[NormalizedUserName] = @__normalizedUserName_0
[2022-12-22 21:47:52.478 -05:00  INF]  Executed DbCommand (1ms) [Parameters=[@__normalizedEmail_0='?' (Size = 256)], CommandType='"Text"', CommandTimeout='30']
SELECT TOP(2) [a].[Id], [a].[AccessFailedCount], [a].[ConcurrencyStamp], [a].[Email], [a].[EmailConfirmed], [a].[FirstName], [a].[LastName], [a].[LockoutEnabled], [a].[LockoutEnd], [a].[NormalizedEmail], [a].[NormalizedUserName], [a].[PasswordHash], [a].[PhoneNumber], [a].[PhoneNumberConfirmed], [a].[SecurityStamp], [a].[TwoFactorEnabled], [a].[UserName]
FROM [AspNetUsers] AS [a]
WHERE [a].[NormalizedEmail] = @__normalizedEmail_0
[2022-12-22 21:47:52.500 -05:00  INF]  Executed DbCommand (2ms) [Parameters=[@p0='?' (Size = 450), @p1='?' (Size = 450)], CommandType='"Text"', CommandTimeout='30']
SET NOCOUNT ON;
INSERT INTO [AspNetUserRoles] ([RoleId], [UserId])
VALUES (@p0, @p1);
[2022-12-22 21:47:52.513 -05:00  INF]  Executed DbCommand (9ms) [Parameters=[@p16='?' (Size = 450), @p0='?' (DbType = Int32), @p1='?' (Size = 4000), @p17='?' (Size = 4000), @p2='?' (Size = 256), @p3='?' (DbType = Boolean), @p4='?' (Size = 4000), @p5='?' (Size = 4000), @p6='?' (DbType = Boolean), @p7='?' (DbType = DateTimeOffset), @p8='?' (Size = 256), @p9='?' (Size = 256), @p10='?' (Size = 4000), @p11='?' (Size = 4000), @p12='?' (DbType = Boolean), @p13='?' (Size = 4000), @p14='?' (DbType = Boolean), @p15='?' (Size = 256)], CommandType='"Text"', CommandTimeout='30']
SET NOCOUNT ON;
UPDATE [AspNetUsers] SET [AccessFailedCount] = @p0, [ConcurrencyStamp] = @p1, [Email] = @p2, [EmailConfirmed] = @p3, [FirstName] = @p4, [LastName] = @p5, [LockoutEnabled] = @p6, [LockoutEnd] = @p7, [NormalizedEmail] = @p8, [NormalizedUserName] = @p9, [PasswordHash] = @p10, [PhoneNumber] = @p11, [PhoneNumberConfirmed] = @p12, [SecurityStamp] = @p13, [TwoFactorEnabled] = @p14, [UserName] = @p15
WHERE [Id] = @p16 AND [ConcurrencyStamp] = @p17;
SELECT @@ROWCOUNT;
[2022-12-22 21:47:52.518 -05:00  INF]  Executing AcceptedResult, writing value of type 'null'.
[2022-12-22 21:47:52.518 -05:00  INF]  Executed action Boats.API.Controllers.AccountController.Register (Boats.API) in 372.9021ms
[2022-12-22 21:47:52.518 -05:00  INF]  Executed endpoint 'Boats.API.Controllers.AccountController.Register (Boats.API)'
[2022-12-22 21:47:52.518 -05:00  INF]  Request finished HTTP/2 POST https://localhost:7132/api/Account/register application/json-patch+json 143 - 202 0 - 376.0684ms
[2022-12-22 21:52:10.435 -05:00  INF]  User profile is available. Using 'C:\Users\Owner\AppData\Local\ASP.NET\DataProtection-Keys' as key repository and Windows DPAPI to encrypt keys at rest.
[2022-12-22 21:52:10.738 -05:00  INF]  Now listening on: https://localhost:7132
[2022-12-22 21:52:10.738 -05:00  INF]  Now listening on: http://localhost:5132
[2022-12-22 21:52:10.740 -05:00  INF]  Application started. Press Ctrl+C to shut down.
[2022-12-22 21:52:10.740 -05:00  INF]  Hosting environment: Development
[2022-12-22 21:52:10.740 -05:00  INF]  Content root path: C:\Users\Owner\Dev\BoatJobs\API\Boats.API\Boats.API\
[2022-12-22 21:52:11.476 -05:00  INF]  Request starting HTTP/2 GET https://localhost:7132/swagger/index.html - -
[2022-12-22 21:52:11.761 -05:00  INF]  Request finished HTTP/2 GET https://localhost:7132/swagger/index.html - - - 200 - text/html;charset=utf-8 288.0071ms
[2022-12-22 21:52:11.764 -05:00  INF]  Request starting HTTP/2 GET https://localhost:7132/_framework/aspnetcore-browser-refresh.js - -
[2022-12-22 21:52:11.775 -05:00  INF]  Request finished HTTP/2 GET https://localhost:7132/_framework/aspnetcore-browser-refresh.js - - - 200 11988 application/javascript;+charset=utf-8 10.8432ms
[2022-12-22 21:52:11.782 -05:00  INF]  Request starting HTTP/2 GET https://localhost:7132/_vs/browserLink - -
[2022-12-22 21:52:11.800 -05:00  INF]  Request finished HTTP/2 GET https://localhost:7132/_vs/browserLink - - - 200 - text/javascript;+charset=UTF-8 18.0111ms
[2022-12-22 21:52:12.037 -05:00  INF]  Request starting HTTP/2 GET https://localhost:7132/swagger/v1/swagger.json - -
[2022-12-22 21:52:12.208 -05:00  INF]  Request finished HTTP/2 GET https://localhost:7132/swagger/v1/swagger.json - - - 200 - application/json;charset=utf-8 170.7872ms
[2022-12-22 21:52:40.794 -05:00  INF]  Request starting HTTP/2 POST https://localhost:7132/api/Account/register application/json-patch+json 144
[2022-12-22 21:52:40.865 -05:00  INF]  CORS policy execution successful.
[2022-12-22 21:52:40.870 -05:00  INF]  Executing endpoint 'Boats.API.Controllers.AccountController.Register (Boats.API)'
[2022-12-22 21:52:40.895 -05:00  INF]  Route matched with {action = "Register", controller = "Account"}. Executing controller action with signature System.Threading.Tasks.Task`1[Microsoft.AspNetCore.Mvc.IActionResult] Register(Boats.API.Models.UserDTO) on controller Boats.API.Controllers.AccountController (Boats.API).
[2022-12-22 21:52:41.421 -05:00  INF]  Registration Attempt for userTest2@example.com 
[2022-12-22 21:52:42.320 -05:00  INF]  Entity Framework Core 6.0.8 initialized 'BoatsDbContext' using provider 'Microsoft.EntityFrameworkCore.SqlServer:6.0.8' with options: None
[2022-12-22 21:52:43.202 -05:00  INF]  Executed DbCommand (75ms) [Parameters=[@__normalizedUserName_0='?' (Size = 256)], CommandType='"Text"', CommandTimeout='30']
SELECT TOP(1) [a].[Id], [a].[AccessFailedCount], [a].[ConcurrencyStamp], [a].[Email], [a].[EmailConfirmed], [a].[FirstName], [a].[LastName], [a].[LockoutEnabled], [a].[LockoutEnd], [a].[NormalizedEmail], [a].[NormalizedUserName], [a].[PasswordHash], [a].[PhoneNumber], [a].[PhoneNumberConfirmed], [a].[SecurityStamp], [a].[TwoFactorEnabled], [a].[UserName]
FROM [AspNetUsers] AS [a]
WHERE [a].[NormalizedUserName] = @__normalizedUserName_0
[2022-12-22 21:52:43.286 -05:00  INF]  Executed DbCommand (6ms) [Parameters=[@__normalizedEmail_0='?' (Size = 256)], CommandType='"Text"', CommandTimeout='30']
SELECT TOP(2) [a].[Id], [a].[AccessFailedCount], [a].[ConcurrencyStamp], [a].[Email], [a].[EmailConfirmed], [a].[FirstName], [a].[LastName], [a].[LockoutEnabled], [a].[LockoutEnd], [a].[NormalizedEmail], [a].[NormalizedUserName], [a].[PasswordHash], [a].[PhoneNumber], [a].[PhoneNumberConfirmed], [a].[SecurityStamp], [a].[TwoFactorEnabled], [a].[UserName]
FROM [AspNetUsers] AS [a]
WHERE [a].[NormalizedEmail] = @__normalizedEmail_0
[2022-12-22 21:52:43.493 -05:00  INF]  Executed DbCommand (4ms) [Parameters=[@p0='?' (Size = 450), @p1='?' (DbType = Int32), @p2='?' (Size = 4000), @p3='?' (Size = 256), @p4='?' (DbType = Boolean), @p5='?' (Size = 4000), @p6='?' (Size = 4000), @p7='?' (DbType = Boolean), @p8='?' (DbType = DateTimeOffset), @p9='?' (Size = 256), @p10='?' (Size = 256), @p11='?' (Size = 4000), @p12='?' (Size = 4000), @p13='?' (DbType = Boolean), @p14='?' (Size = 4000), @p15='?' (DbType = Boolean), @p16='?' (Size = 256)], CommandType='"Text"', CommandTimeout='30']
SET NOCOUNT ON;
INSERT INTO [AspNetUsers] ([Id], [AccessFailedCount], [ConcurrencyStamp], [Email], [EmailConfirmed], [FirstName], [LastName], [LockoutEnabled], [LockoutEnd], [NormalizedEmail], [NormalizedUserName], [PasswordHash], [PhoneNumber], [PhoneNumberConfirmed], [SecurityStamp], [TwoFactorEnabled], [UserName])
VALUES (@p0, @p1, @p2, @p3, @p4, @p5, @p6, @p7, @p8, @p9, @p10, @p11, @p12, @p13, @p14, @p15, @p16);
[2022-12-22 21:52:43.541 -05:00  INF]  Executed DbCommand (2ms) [Parameters=[@__normalizedRoleName_0='?' (Size = 256)], CommandType='"Text"', CommandTimeout='30']
SELECT TOP(2) [a].[Id], [a].[ConcurrencyStamp], [a].[Name], [a].[NormalizedName]
FROM [AspNetRoles] AS [a]
WHERE [a].[NormalizedName] = @__normalizedRoleName_0
[2022-12-22 21:52:43.589 -05:00  INF]  Executed DbCommand (1ms) [Parameters=[@__p_0='?' (Size = 450), @__p_1='?' (Size = 450)], CommandType='"Text"', CommandTimeout='30']
SELECT TOP(1) [a].[UserId], [a].[RoleId]
FROM [AspNetUserRoles] AS [a]
WHERE ([a].[UserId] = @__p_0) AND ([a].[RoleId] = @__p_1)
[2022-12-22 21:52:43.597 -05:00  INF]  Executed DbCommand (1ms) [Parameters=[@__normalizedRoleName_0='?' (Size = 256)], CommandType='"Text"', CommandTimeout='30']
SELECT TOP(2) [a].[Id], [a].[ConcurrencyStamp], [a].[Name], [a].[NormalizedName]
FROM [AspNetRoles] AS [a]
WHERE [a].[NormalizedName] = @__normalizedRoleName_0
[2022-12-22 21:52:43.615 -05:00  INF]  Executed DbCommand (1ms) [Parameters=[@__normalizedUserName_0='?' (Size = 256)], CommandType='"Text"', CommandTimeout='30']
SELECT TOP(1) [a].[Id], [a].[AccessFailedCount], [a].[ConcurrencyStamp], [a].[Email], [a].[EmailConfirmed], [a].[FirstName], [a].[LastName], [a].[LockoutEnabled], [a].[LockoutEnd], [a].[NormalizedEmail], [a].[NormalizedUserName], [a].[PasswordHash], [a].[PhoneNumber], [a].[PhoneNumberConfirmed], [a].[SecurityStamp], [a].[TwoFactorEnabled], [a].[UserName]
FROM [AspNetUsers] AS [a]
WHERE [a].[NormalizedUserName] = @__normalizedUserName_0
[2022-12-22 21:52:43.622 -05:00  INF]  Executed DbCommand (1ms) [Parameters=[@__normalizedEmail_0='?' (Size = 256)], CommandType='"Text"', CommandTimeout='30']
SELECT TOP(2) [a].[Id], [a].[AccessFailedCount], [a].[ConcurrencyStamp], [a].[Email], [a].[EmailConfirmed], [a].[FirstName], [a].[LastName], [a].[LockoutEnabled], [a].[LockoutEnd], [a].[NormalizedEmail], [a].[NormalizedUserName], [a].[PasswordHash], [a].[PhoneNumber], [a].[PhoneNumberConfirmed], [a].[SecurityStamp], [a].[TwoFactorEnabled], [a].[UserName]
FROM [AspNetUsers] AS [a]
WHERE [a].[NormalizedEmail] = @__normalizedEmail_0
[2022-12-22 21:52:43.638 -05:00  INF]  Executed DbCommand (1ms) [Parameters=[@p0='?' (Size = 450), @p1='?' (Size = 450)], CommandType='"Text"', CommandTimeout='30']
SET NOCOUNT ON;
INSERT INTO [AspNetUserRoles] ([RoleId], [UserId])
VALUES (@p0, @p1);
[2022-12-22 21:52:43.645 -05:00  INF]  Executed DbCommand (3ms) [Parameters=[@p16='?' (Size = 450), @p0='?' (DbType = Int32), @p1='?' (Size = 4000), @p17='?' (Size = 4000), @p2='?' (Size = 256), @p3='?' (DbType = Boolean), @p4='?' (Size = 4000), @p5='?' (Size = 4000), @p6='?' (DbType = Boolean), @p7='?' (DbType = DateTimeOffset), @p8='?' (Size = 256), @p9='?' (Size = 256), @p10='?' (Size = 4000), @p11='?' (Size = 4000), @p12='?' (DbType = Boolean), @p13='?' (Size = 4000), @p14='?' (DbType = Boolean), @p15='?' (Size = 256)], CommandType='"Text"', CommandTimeout='30']
SET NOCOUNT ON;
UPDATE [AspNetUsers] SET [AccessFailedCount] = @p0, [ConcurrencyStamp] = @p1, [Email] = @p2, [EmailConfirmed] = @p3, [FirstName] = @p4, [LastName] = @p5, [LockoutEnabled] = @p6, [LockoutEnd] = @p7, [NormalizedEmail] = @p8, [NormalizedUserName] = @p9, [PasswordHash] = @p10, [PhoneNumber] = @p11, [PhoneNumberConfirmed] = @p12, [SecurityStamp] = @p13, [TwoFactorEnabled] = @p14, [UserName] = @p15
WHERE [Id] = @p16 AND [ConcurrencyStamp] = @p17;
SELECT @@ROWCOUNT;
[2022-12-22 21:52:43.659 -05:00  INF]  Executing AcceptedResult, writing value of type 'null'.
[2022-12-22 21:52:43.665 -05:00  INF]  Executed action Boats.API.Controllers.AccountController.Register (Boats.API) in 2764.759ms
[2022-12-22 21:52:43.666 -05:00  INF]  Executed endpoint 'Boats.API.Controllers.AccountController.Register (Boats.API)'
[2022-12-22 21:52:43.676 -05:00  INF]  Request finished HTTP/2 POST https://localhost:7132/api/Account/register application/json-patch+json 144 - 202 0 - 2881.9484ms
[2022-12-22 22:16:00.269 -05:00  INF]  User profile is available. Using 'C:\Users\Owner\AppData\Local\ASP.NET\DataProtection-Keys' as key repository and Windows DPAPI to encrypt keys at rest.
[2022-12-22 22:16:00.736 -05:00  INF]  Now listening on: https://localhost:7132
[2022-12-22 22:16:00.736 -05:00  INF]  Now listening on: http://localhost:5132
[2022-12-22 22:16:00.740 -05:00  INF]  Application started. Press Ctrl+C to shut down.
[2022-12-22 22:16:00.740 -05:00  INF]  Hosting environment: Development
[2022-12-22 22:16:00.740 -05:00  INF]  Content root path: C:\Users\Owner\Dev\BoatJobs\API\Boats.API\Boats.API\
[2022-12-22 22:16:01.258 -05:00  INF]  Request starting HTTP/2 GET https://localhost:7132/swagger/index.html - -
[2022-12-22 22:16:01.587 -05:00  INF]  Request finished HTTP/2 GET https://localhost:7132/swagger/index.html - - - 200 - text/html;charset=utf-8 334.0495ms
[2022-12-22 22:16:01.609 -05:00  INF]  Request starting HTTP/2 GET https://localhost:7132/_vs/browserLink - -
[2022-12-22 22:16:01.609 -05:00  INF]  Request starting HTTP/2 GET https://localhost:7132/_framework/aspnetcore-browser-refresh.js - -
[2022-12-22 22:16:01.621 -05:00  INF]  Request finished HTTP/2 GET https://localhost:7132/_framework/aspnetcore-browser-refresh.js - - - 200 11988 application/javascript;+charset=utf-8 12.0511ms
[2022-12-22 22:16:01.631 -05:00  INF]  Request finished HTTP/2 GET https://localhost:7132/_vs/browserLink - - - 200 - text/javascript;+charset=UTF-8 22.3711ms
[2022-12-22 22:16:01.749 -05:00  INF]  Request starting HTTP/2 GET https://localhost:7132/swagger/v1/swagger.json - -
[2022-12-22 22:16:01.898 -05:00  INF]  Request finished HTTP/2 GET https://localhost:7132/swagger/v1/swagger.json - - - 200 - application/json;charset=utf-8 148.8808ms
[2022-12-22 22:16:20.521 -05:00  INF]  Request starting HTTP/2 GET https://localhost:7132/api/Boats - -
[2022-12-22 22:16:20.592 -05:00  INF]  Executing endpoint 'Boats.API.Controllers.BoatsController.GetAllJobs (Boats.API)'
[2022-12-22 22:16:20.608 -05:00  INF]  Route matched with {action = "GetAllJobs", controller = "Boats"}. Executing controller action with signature System.Threading.Tasks.Task`1[Microsoft.AspNetCore.Mvc.IActionResult] GetAllJobs() on controller Boats.API.Controllers.BoatsController (Boats.API).
[2022-12-22 22:16:21.820 -05:00  INF]  Entity Framework Core 6.0.8 initialized 'BoatsDbContext' using provider 'Microsoft.EntityFrameworkCore.SqlServer:6.0.8' with options: None
[2022-12-22 22:16:22.556 -05:00  INF]  Executed DbCommand (55ms) [Parameters=[], CommandType='"Text"', CommandTimeout='30']
SELECT [b].[Id], [b].[Amount], [b].[County], [b].[Date], [b].[JobDesciption], [b].[JobTitle], [b].[Name], [b].[State], [b].[Zipcode]
FROM [Boats] AS [b]
[2022-12-22 22:16:22.639 -05:00  INF]  Executing OkObjectResult, writing value of type 'System.Collections.Generic.List`1[[Boats.API.Models.BoatDTO, Boats.API, Version=1.0.0.0, Culture=neutral, PublicKeyToken=null]]'.
[2022-12-22 22:16:22.803 -05:00  INF]  Executed action Boats.API.Controllers.BoatsController.GetAllJobs (Boats.API) in 2188.8759ms
[2022-12-22 22:16:22.804 -05:00  INF]  Executed endpoint 'Boats.API.Controllers.BoatsController.GetAllJobs (Boats.API)'
[2022-12-22 22:16:22.812 -05:00  INF]  Request finished HTTP/2 GET https://localhost:7132/api/Boats - - - 200 978 application/json;+charset=utf-8 2290.9850ms
[2022-12-22 22:21:16.687 -05:00  INF]  User profile is available. Using 'C:\Users\Owner\AppData\Local\ASP.NET\DataProtection-Keys' as key repository and Windows DPAPI to encrypt keys at rest.
[2022-12-22 22:21:17.028 -05:00  INF]  Now listening on: https://localhost:7132
[2022-12-22 22:21:17.028 -05:00  INF]  Now listening on: http://localhost:5132
[2022-12-22 22:21:17.030 -05:00  INF]  Application started. Press Ctrl+C to shut down.
[2022-12-22 22:21:17.030 -05:00  INF]  Hosting environment: Development
[2022-12-22 22:21:17.030 -05:00  INF]  Content root path: C:\Users\Owner\Dev\BoatJobs\API\Boats.API\Boats.API\
[2022-12-22 22:21:17.369 -05:00  INF]  Request starting HTTP/2 GET https://localhost:7132/swagger/index.html - -
[2022-12-22 22:21:17.691 -05:00  INF]  Request finished HTTP/2 GET https://localhost:7132/swagger/index.html - - - 200 - text/html;charset=utf-8 325.4943ms
[2022-12-22 22:21:17.711 -05:00  INF]  Request starting HTTP/2 GET https://localhost:7132/_vs/browserLink - -
[2022-12-22 22:21:17.711 -05:00  INF]  Request starting HTTP/2 GET https://localhost:7132/_framework/aspnetcore-browser-refresh.js - -
[2022-12-22 22:21:17.719 -05:00  INF]  Request finished HTTP/2 GET https://localhost:7132/_framework/aspnetcore-browser-refresh.js - - - 200 11988 application/javascript;+charset=utf-8 8.0576ms
[2022-12-22 22:21:17.732 -05:00  INF]  Request finished HTTP/2 GET https://localhost:7132/_vs/browserLink - - - 200 - text/javascript;+charset=UTF-8 20.9505ms
[2022-12-22 22:21:17.862 -05:00  INF]  Request starting HTTP/2 GET https://localhost:7132/swagger/v1/swagger.json - -
[2022-12-22 22:21:18.020 -05:00  INF]  Request finished HTTP/2 GET https://localhost:7132/swagger/v1/swagger.json - - - 200 - application/json;charset=utf-8 158.0517ms
[2022-12-22 22:21:50.047 -05:00  INF]  Request starting HTTP/2 POST https://localhost:7132/api/Account/login application/json-patch+json 65
[2022-12-22 22:21:50.148 -05:00  INF]  CORS policy execution successful.
[2022-12-22 22:21:50.155 -05:00  INF]  Executing endpoint 'Boats.API.Controllers.AccountController.Login (Boats.API)'
[2022-12-22 22:21:50.183 -05:00  INF]  Route matched with {action = "Login", controller = "Account"}. Executing controller action with signature System.Threading.Tasks.Task`1[Microsoft.AspNetCore.Mvc.IActionResult] Login(Boats.API.Models.LoginUserDTO) on controller Boats.API.Controllers.AccountController (Boats.API).
[2022-12-22 22:21:50.727 -05:00  INF]  Login Attempt for userTest@example.com 
[2022-12-22 22:21:51.679 -05:00  INF]  Entity Framework Core 6.0.8 initialized 'BoatsDbContext' using provider 'Microsoft.EntityFrameworkCore.SqlServer:6.0.8' with options: None
[2022-12-22 22:21:52.584 -05:00  INF]  Executed DbCommand (75ms) [Parameters=[@__normalizedUserName_0='?' (Size = 256)], CommandType='"Text"', CommandTimeout='30']
SELECT TOP(1) [a].[Id], [a].[AccessFailedCount], [a].[ConcurrencyStamp], [a].[Email], [a].[EmailConfirmed], [a].[FirstName], [a].[LastName], [a].[LockoutEnabled], [a].[LockoutEnd], [a].[NormalizedEmail], [a].[NormalizedUserName], [a].[PasswordHash], [a].[PhoneNumber], [a].[PhoneNumberConfirmed], [a].[SecurityStamp], [a].[TwoFactorEnabled], [a].[UserName]
FROM [AspNetUsers] AS [a]
WHERE [a].[NormalizedUserName] = @__normalizedUserName_0
[2022-12-22 22:21:52.832 -05:00  INF]  Executed DbCommand (12ms) [Parameters=[@__userId_0='?' (Size = 450)], CommandType='"Text"', CommandTimeout='30']
SELECT [a0].[Name]
FROM [AspNetUserRoles] AS [a]
INNER JOIN [AspNetRoles] AS [a0] ON [a].[RoleId] = [a0].[Id]
WHERE [a].[UserId] = @__userId_0
[2022-12-22 22:21:52.968 -05:00  INF]  Executing AcceptedResult, writing value of type '<>f__AnonymousType0`1[[System.String, System.Private.CoreLib, Version=6.0.0.0, Culture=neutral, PublicKeyToken=7cec85d7bea7798e]]'.
[2022-12-22 22:21:53.018 -05:00  INF]  Executed action Boats.API.Controllers.AccountController.Login (Boats.API) in 2829.4493ms
[2022-12-22 22:21:53.020 -05:00  INF]  Executed endpoint 'Boats.API.Controllers.AccountController.Login (Boats.API)'
[2022-12-22 22:21:53.031 -05:00  INF]  Request finished HTTP/2 POST https://localhost:7132/api/Account/login application/json-patch+json 65 - 202 323 application/json;+charset=utf-8 2983.9753ms
