[2022-12-12 23:45:47.032 -05:00  INF]  User profile is available. Using 'C:\Users\Owner\AppData\Local\ASP.NET\DataProtection-Keys' as key repository and Windows DPAPI to encrypt keys at rest.
[2022-12-12 23:45:47.541 -05:00  INF]  Now listening on: https://localhost:7132
[2022-12-12 23:45:47.541 -05:00  INF]  Now listening on: http://localhost:5132
[2022-12-12 23:45:47.545 -05:00  INF]  Application started. Press Ctrl+C to shut down.
[2022-12-12 23:45:47.545 -05:00  INF]  Hosting environment: Development
[2022-12-12 23:45:47.545 -05:00  INF]  Content root path: C:\Users\Owner\Dev\BoatJobs\API\Boats.API\Boats.API\
[2022-12-12 23:45:48.205 -05:00  INF]  Request starting HTTP/2 GET https://localhost:7132/swagger - -
[2022-12-12 23:45:48.345 -05:00  INF]  Request finished HTTP/2 GET https://localhost:7132/swagger - - - 301 0 - 144.7607ms
[2022-12-12 23:45:48.347 -05:00  INF]  Request starting HTTP/2 GET https://localhost:7132/swagger/index.html - -
[2022-12-12 23:45:48.628 -05:00  INF]  Request finished HTTP/2 GET https://localhost:7132/swagger/index.html - - - 200 - text/html;charset=utf-8 281.5912ms
[2022-12-12 23:45:48.651 -05:00  INF]  Request starting HTTP/2 GET https://localhost:7132/swagger/swagger-ui-standalone-preset.js - -
[2022-12-12 23:45:48.651 -05:00  INF]  Request starting HTTP/2 GET https://localhost:7132/_framework/aspnetcore-browser-refresh.js - -
[2022-12-12 23:45:48.652 -05:00  INF]  Request starting HTTP/2 GET https://localhost:7132/swagger/swagger-ui.css - -
[2022-12-12 23:45:48.652 -05:00  INF]  Request starting HTTP/2 GET https://localhost:7132/swagger/swagger-ui-bundle.js - -
[2022-12-12 23:45:48.652 -05:00  INF]  Request starting HTTP/2 GET https://localhost:7132/_vs/browserLink - -
[2022-12-12 23:45:48.663 -05:00  INF]  Request finished HTTP/2 GET https://localhost:7132/_framework/aspnetcore-browser-refresh.js - - - 200 11988 application/javascript;+charset=utf-8 11.9979ms
[2022-12-12 23:45:48.677 -05:00  INF]  Sending file. Request path: '/swagger-ui.css'. Physical path: 'N/A'
[2022-12-12 23:45:48.677 -05:00  INF]  Request finished HTTP/2 GET https://localhost:7132/swagger/swagger-ui.css - - - 200 143943 text/css 25.3766ms
[2022-12-12 23:45:48.685 -05:00  INF]  Sending file. Request path: '/swagger-ui-standalone-preset.js'. Physical path: 'N/A'
[2022-12-12 23:45:48.685 -05:00  INF]  Request finished HTTP/2 GET https://localhost:7132/swagger/swagger-ui-standalone-preset.js - - - 200 339486 application/javascript 33.5702ms
[2022-12-12 23:45:48.710 -05:00  INF]  Sending file. Request path: '/swagger-ui-bundle.js'. Physical path: 'N/A'
[2022-12-12 23:45:48.710 -05:00  INF]  Request finished HTTP/2 GET https://localhost:7132/swagger/swagger-ui-bundle.js - - - 200 1096145 application/javascript 58.6413ms
[2022-12-12 23:45:48.723 -05:00  INF]  Request finished HTTP/2 GET https://localhost:7132/_vs/browserLink - - - 200 - text/javascript;+charset=UTF-8 70.7382ms
[2022-12-12 23:45:48.911 -05:00  INF]  Request starting HTTP/2 GET https://localhost:7132/swagger/v1/swagger.json - -
[2022-12-12 23:45:49.074 -05:00  INF]  Request finished HTTP/2 GET https://localhost:7132/swagger/v1/swagger.json - - - 200 - application/json;charset=utf-8 162.8155ms
[2022-12-12 23:46:15.048 -05:00  INF]  Request starting HTTP/2 POST https://localhost:7132/api/Account/register application/json-patch+json 129
[2022-12-12 23:46:15.161 -05:00  INF]  CORS policy execution successful.
[2022-12-12 23:46:15.168 -05:00  INF]  Executing endpoint 'Boats.API.Controllers.AccountController.Register (Boats.API)'
[2022-12-12 23:46:15.203 -05:00  INF]  Route matched with {action = "Register", controller = "Account"}. Executing controller action with signature System.Threading.Tasks.Task`1[Microsoft.AspNetCore.Mvc.IActionResult] Register(Boats.API.Models.UserDTO) on controller Boats.API.Controllers.AccountController (Boats.API).
[2022-12-12 23:46:15.833 -05:00  INF]  Registration Attempt for Login@example.com 
[2022-12-12 23:46:15.860 -05:00  WRN]  User password validation failed: PasswordRequiresNonAlphanumeric;PasswordRequiresUpper.
[2022-12-12 23:46:15.865 -05:00  INF]  Executing BadRequestObjectResult, writing value of type 'Microsoft.AspNetCore.Mvc.SerializableError'.
[2022-12-12 23:46:15.914 -05:00  INF]  Executed action Boats.API.Controllers.AccountController.Register (Boats.API) in 705.0748ms
[2022-12-12 23:46:15.915 -05:00  INF]  Executed endpoint 'Boats.API.Controllers.AccountController.Register (Boats.API)'
[2022-12-12 23:46:15.923 -05:00  INF]  Request finished HTTP/2 POST https://localhost:7132/api/Account/register application/json-patch+json 129 - 400 182 application/json;+charset=utf-8 875.2051ms
[2022-12-12 23:46:30.143 -05:00  INF]  Request starting HTTP/2 POST https://localhost:7132/api/Account/register application/json-patch+json 130
[2022-12-12 23:46:30.144 -05:00  INF]  CORS policy execution successful.
[2022-12-12 23:46:30.145 -05:00  INF]  Executing endpoint 'Boats.API.Controllers.AccountController.Register (Boats.API)'
[2022-12-12 23:46:30.146 -05:00  INF]  Route matched with {action = "Register", controller = "Account"}. Executing controller action with signature System.Threading.Tasks.Task`1[Microsoft.AspNetCore.Mvc.IActionResult] Register(Boats.API.Models.UserDTO) on controller Boats.API.Controllers.AccountController (Boats.API).
[2022-12-12 23:46:30.177 -05:00  INF]  Registration Attempt for Login@example.com 
[2022-12-12 23:46:31.168 -05:00  INF]  Entity Framework Core 6.0.8 initialized 'BoatsDbContext' using provider 'Microsoft.EntityFrameworkCore.SqlServer:6.0.8' with options: None
[2022-12-12 23:46:32.271 -05:00  INF]  Executed DbCommand (87ms) [Parameters=[@__normalizedUserName_0='?' (Size = 256)], CommandType='"Text"', CommandTimeout='30']
SELECT TOP(1) [a].[Id], [a].[AccessFailedCount], [a].[ConcurrencyStamp], [a].[Email], [a].[EmailConfirmed], [a].[FirstName], [a].[LastName], [a].[LockoutEnabled], [a].[LockoutEnd], [a].[NormalizedEmail], [a].[NormalizedUserName], [a].[PasswordHash], [a].[PhoneNumber], [a].[PhoneNumberConfirmed], [a].[SecurityStamp], [a].[TwoFactorEnabled], [a].[UserName]
FROM [AspNetUsers] AS [a]
WHERE [a].[NormalizedUserName] = @__normalizedUserName_0
[2022-12-12 23:46:32.334 -05:00  INF]  Executed DbCommand (4ms) [Parameters=[@__normalizedEmail_0='?' (Size = 256)], CommandType='"Text"', CommandTimeout='30']
SELECT TOP(2) [a].[Id], [a].[AccessFailedCount], [a].[ConcurrencyStamp], [a].[Email], [a].[EmailConfirmed], [a].[FirstName], [a].[LastName], [a].[LockoutEnabled], [a].[LockoutEnd], [a].[NormalizedEmail], [a].[NormalizedUserName], [a].[PasswordHash], [a].[PhoneNumber], [a].[PhoneNumberConfirmed], [a].[SecurityStamp], [a].[TwoFactorEnabled], [a].[UserName]
FROM [AspNetUsers] AS [a]
WHERE [a].[NormalizedEmail] = @__normalizedEmail_0
[2022-12-12 23:46:32.544 -05:00  INF]  Executed DbCommand (10ms) [Parameters=[@p0='?' (Size = 450), @p1='?' (DbType = Int32), @p2='?' (Size = 4000), @p3='?' (Size = 256), @p4='?' (DbType = Boolean), @p5='?' (Size = 4000), @p6='?' (Size = 4000), @p7='?' (DbType = Boolean), @p8='?' (DbType = DateTimeOffset), @p9='?' (Size = 256), @p10='?' (Size = 256), @p11='?' (Size = 4000), @p12='?' (Size = 4000), @p13='?' (DbType = Boolean), @p14='?' (Size = 4000), @p15='?' (DbType = Boolean), @p16='?' (Size = 256)], CommandType='"Text"', CommandTimeout='30']
SET NOCOUNT ON;
INSERT INTO [AspNetUsers] ([Id], [AccessFailedCount], [ConcurrencyStamp], [Email], [EmailConfirmed], [FirstName], [LastName], [LockoutEnabled], [LockoutEnd], [NormalizedEmail], [NormalizedUserName], [PasswordHash], [PhoneNumber], [PhoneNumberConfirmed], [SecurityStamp], [TwoFactorEnabled], [UserName])
VALUES (@p0, @p1, @p2, @p3, @p4, @p5, @p6, @p7, @p8, @p9, @p10, @p11, @p12, @p13, @p14, @p15, @p16);
[2022-12-12 23:46:32.592 -05:00  INF]  Executed DbCommand (3ms) [Parameters=[@__normalizedRoleName_0='?' (Size = 256)], CommandType='"Text"', CommandTimeout='30']
SELECT TOP(2) [a].[Id], [a].[ConcurrencyStamp], [a].[Name], [a].[NormalizedName]
FROM [AspNetRoles] AS [a]
WHERE [a].[NormalizedName] = @__normalizedRoleName_0
[2022-12-12 23:46:32.636 -05:00  INF]  Executed DbCommand (2ms) [Parameters=[@__p_0='?' (Size = 450), @__p_1='?' (Size = 450)], CommandType='"Text"', CommandTimeout='30']
SELECT TOP(1) [a].[UserId], [a].[RoleId]
FROM [AspNetUserRoles] AS [a]
WHERE ([a].[UserId] = @__p_0) AND ([a].[RoleId] = @__p_1)
[2022-12-12 23:46:32.644 -05:00  INF]  Executed DbCommand (1ms) [Parameters=[@__normalizedRoleName_0='?' (Size = 256)], CommandType='"Text"', CommandTimeout='30']
SELECT TOP(2) [a].[Id], [a].[ConcurrencyStamp], [a].[Name], [a].[NormalizedName]
FROM [AspNetRoles] AS [a]
WHERE [a].[NormalizedName] = @__normalizedRoleName_0
[2022-12-12 23:46:32.661 -05:00  INF]  Executed DbCommand (1ms) [Parameters=[@__normalizedUserName_0='?' (Size = 256)], CommandType='"Text"', CommandTimeout='30']
SELECT TOP(1) [a].[Id], [a].[AccessFailedCount], [a].[ConcurrencyStamp], [a].[Email], [a].[EmailConfirmed], [a].[FirstName], [a].[LastName], [a].[LockoutEnabled], [a].[LockoutEnd], [a].[NormalizedEmail], [a].[NormalizedUserName], [a].[PasswordHash], [a].[PhoneNumber], [a].[PhoneNumberConfirmed], [a].[SecurityStamp], [a].[TwoFactorEnabled], [a].[UserName]
FROM [AspNetUsers] AS [a]
WHERE [a].[NormalizedUserName] = @__normalizedUserName_0
[2022-12-12 23:46:32.670 -05:00  INF]  Executed DbCommand (1ms) [Parameters=[@__normalizedEmail_0='?' (Size = 256)], CommandType='"Text"', CommandTimeout='30']
SELECT TOP(2) [a].[Id], [a].[AccessFailedCount], [a].[ConcurrencyStamp], [a].[Email], [a].[EmailConfirmed], [a].[FirstName], [a].[LastName], [a].[LockoutEnabled], [a].[LockoutEnd], [a].[NormalizedEmail], [a].[NormalizedUserName], [a].[PasswordHash], [a].[PhoneNumber], [a].[PhoneNumberConfirmed], [a].[SecurityStamp], [a].[TwoFactorEnabled], [a].[UserName]
FROM [AspNetUsers] AS [a]
WHERE [a].[NormalizedEmail] = @__normalizedEmail_0
[2022-12-12 23:46:32.687 -05:00  INF]  Executed DbCommand (2ms) [Parameters=[@p0='?' (Size = 450), @p1='?' (Size = 450)], CommandType='"Text"', CommandTimeout='30']
SET NOCOUNT ON;
INSERT INTO [AspNetUserRoles] ([RoleId], [UserId])
VALUES (@p0, @p1);
[2022-12-12 23:46:32.696 -05:00  INF]  Executed DbCommand (5ms) [Parameters=[@p16='?' (Size = 450), @p0='?' (DbType = Int32), @p1='?' (Size = 4000), @p17='?' (Size = 4000), @p2='?' (Size = 256), @p3='?' (DbType = Boolean), @p4='?' (Size = 4000), @p5='?' (Size = 4000), @p6='?' (DbType = Boolean), @p7='?' (DbType = DateTimeOffset), @p8='?' (Size = 256), @p9='?' (Size = 256), @p10='?' (Size = 4000), @p11='?' (Size = 4000), @p12='?' (DbType = Boolean), @p13='?' (Size = 4000), @p14='?' (DbType = Boolean), @p15='?' (Size = 256)], CommandType='"Text"', CommandTimeout='30']
SET NOCOUNT ON;
UPDATE [AspNetUsers] SET [AccessFailedCount] = @p0, [ConcurrencyStamp] = @p1, [Email] = @p2, [EmailConfirmed] = @p3, [FirstName] = @p4, [LastName] = @p5, [LockoutEnabled] = @p6, [LockoutEnd] = @p7, [NormalizedEmail] = @p8, [NormalizedUserName] = @p9, [PasswordHash] = @p10, [PhoneNumber] = @p11, [PhoneNumberConfirmed] = @p12, [SecurityStamp] = @p13, [TwoFactorEnabled] = @p14, [UserName] = @p15
WHERE [Id] = @p16 AND [ConcurrencyStamp] = @p17;
SELECT @@ROWCOUNT;
[2022-12-12 23:46:32.704 -05:00  INF]  Executing AcceptedResult, writing value of type 'null'.
[2022-12-12 23:46:32.705 -05:00  INF]  Executed action Boats.API.Controllers.AccountController.Register (Boats.API) in 2559.3218ms
[2022-12-12 23:46:32.706 -05:00  INF]  Executed endpoint 'Boats.API.Controllers.AccountController.Register (Boats.API)'
[2022-12-12 23:46:32.712 -05:00  INF]  Request finished HTTP/2 POST https://localhost:7132/api/Account/register application/json-patch+json 130 - 202 0 - 2568.9979ms
[2022-12-12 23:47:16.924 -05:00  INF]  Request starting HTTP/2 POST https://localhost:7132/api/Account/login application/json-patch+json 60
[2022-12-12 23:47:16.930 -05:00  INF]  CORS policy execution successful.
[2022-12-12 23:47:16.930 -05:00  INF]  Executing endpoint 'Boats.API.Controllers.AccountController.Login (Boats.API)'
[2022-12-12 23:47:16.933 -05:00  INF]  Route matched with {action = "Login", controller = "Account"}. Executing controller action with signature System.Threading.Tasks.Task`1[Microsoft.AspNetCore.Mvc.IActionResult] Login(Boats.API.Models.LoginUserDTO) on controller Boats.API.Controllers.AccountController (Boats.API).
[2022-12-12 23:47:16.941 -05:00  INF]  Login Attempt for Login@example.com 
[2022-12-12 23:47:16.975 -05:00  INF]  Entity Framework Core 6.0.8 initialized 'BoatsDbContext' using provider 'Microsoft.EntityFrameworkCore.SqlServer:6.0.8' with options: None
[2022-12-12 23:47:16.977 -05:00  INF]  Executed DbCommand (1ms) [Parameters=[@__normalizedUserName_0='?' (Size = 256)], CommandType='"Text"', CommandTimeout='30']
SELECT TOP(1) [a].[Id], [a].[AccessFailedCount], [a].[ConcurrencyStamp], [a].[Email], [a].[EmailConfirmed], [a].[FirstName], [a].[LastName], [a].[LockoutEnabled], [a].[LockoutEnd], [a].[NormalizedEmail], [a].[NormalizedUserName], [a].[PasswordHash], [a].[PhoneNumber], [a].[PhoneNumberConfirmed], [a].[SecurityStamp], [a].[TwoFactorEnabled], [a].[UserName]
FROM [AspNetUsers] AS [a]
WHERE [a].[NormalizedUserName] = @__normalizedUserName_0
[2022-12-12 23:47:17.069 -05:00  INF]  Executed DbCommand (6ms) [Parameters=[@__userId_0='?' (Size = 450)], CommandType='"Text"', CommandTimeout='30']
SELECT [a0].[Name]
FROM [AspNetUserRoles] AS [a]
INNER JOIN [AspNetRoles] AS [a0] ON [a].[RoleId] = [a0].[Id]
WHERE [a].[UserId] = @__userId_0
[2022-12-12 23:47:17.186 -05:00  INF]  Executing AcceptedResult, writing value of type '<>f__AnonymousType0`1[[System.String, System.Private.CoreLib, Version=6.0.0.0, Culture=neutral, PublicKeyToken=7cec85d7bea7798e]]'.
[2022-12-12 23:47:17.193 -05:00  INF]  Executed action Boats.API.Controllers.AccountController.Login (Boats.API) in 260.7729ms
[2022-12-12 23:47:17.194 -05:00  INF]  Executed endpoint 'Boats.API.Controllers.AccountController.Login (Boats.API)'
[2022-12-12 23:47:17.194 -05:00  INF]  Request finished HTTP/2 POST https://localhost:7132/api/Account/login application/json-patch+json 60 - 202 319 application/json;+charset=utf-8 269.5463ms
