[2023-02-09 21:07:57.914 -05:00  INF]  User profile is available. Using 'C:\Users\Owner\AppData\Local\ASP.NET\DataProtection-Keys' as key repository and Windows DPAPI to encrypt keys at rest.
[2023-02-09 21:07:58.385 -05:00  INF]  Now listening on: https://localhost:7132
[2023-02-09 21:07:58.385 -05:00  INF]  Now listening on: http://localhost:5132
[2023-02-09 21:07:58.387 -05:00  INF]  Application started. Press Ctrl+C to shut down.
[2023-02-09 21:07:58.387 -05:00  INF]  Hosting environment: Development
[2023-02-09 21:07:58.387 -05:00  INF]  Content root path: C:\Users\Owner\Dev\BoatJobs\API\Boats.API\Boats.API\
[2023-02-09 21:07:59.139 -05:00  INF]  Request starting HTTP/2 GET https://localhost:7132/swagger - -
[2023-02-09 21:07:59.263 -05:00  INF]  Request finished HTTP/2 GET https://localhost:7132/swagger - - - 301 0 - 124.0784ms
[2023-02-09 21:07:59.263 -05:00  INF]  Request starting HTTP/2 GET https://localhost:7132/swagger/index.html - -
[2023-02-09 21:07:59.524 -05:00  INF]  Request starting HTTP/2 GET https://localhost:7132/swagger/swagger-ui-bundle.js - -
[2023-02-09 21:07:59.524 -05:00  INF]  Request starting HTTP/2 GET https://localhost:7132/swagger/swagger-ui-standalone-preset.js - -
[2023-02-09 21:07:59.525 -05:00  INF]  Request starting HTTP/2 GET https://localhost:7132/_framework/aspnetcore-browser-refresh.js - -
[2023-02-09 21:07:59.526 -05:00  INF]  Request starting HTTP/2 GET https://localhost:7132/swagger/swagger-ui.css - -
[2023-02-09 21:07:59.531 -05:00  INF]  Request finished HTTP/2 GET https://localhost:7132/swagger/index.html - - - 200 - text/html;charset=utf-8 266.8247ms
[2023-02-09 21:07:59.537 -05:00  INF]  Request finished HTTP/2 GET https://localhost:7132/_framework/aspnetcore-browser-refresh.js - - - 200 11988 application/javascript;+charset=utf-8 12.1578ms
[2023-02-09 21:07:59.545 -05:00  INF]  Request starting HTTP/2 GET https://localhost:7132/_vs/browserLink - -
[2023-02-09 21:07:59.568 -05:00  INF]  Sending file. Request path: '/swagger-ui.css'. Physical path: 'N/A'
[2023-02-09 21:07:59.598 -05:00  INF]  Request finished HTTP/2 GET https://localhost:7132/swagger/swagger-ui.css - - - 200 143943 text/css 72.4259ms
[2023-02-09 21:07:59.611 -05:00  INF]  Sending file. Request path: '/swagger-ui-standalone-preset.js'. Physical path: 'N/A'
[2023-02-09 21:07:59.611 -05:00  INF]  Request finished HTTP/2 GET https://localhost:7132/swagger/swagger-ui-standalone-preset.js - - - 200 339486 application/javascript 87.2848ms
[2023-02-09 21:07:59.627 -05:00  INF]  Sending file. Request path: '/swagger-ui-bundle.js'. Physical path: 'N/A'
[2023-02-09 21:07:59.627 -05:00  INF]  Request finished HTTP/2 GET https://localhost:7132/swagger/swagger-ui-bundle.js - - - 200 1096145 application/javascript 103.2163ms
[2023-02-09 21:07:59.629 -05:00  INF]  Request finished HTTP/2 GET https://localhost:7132/_vs/browserLink - - - 200 - text/javascript;+charset=UTF-8 83.9012ms
[2023-02-09 21:07:59.822 -05:00  INF]  Request starting HTTP/2 GET https://localhost:7132/swagger/v1/swagger.json - -
[2023-02-09 21:07:59.842 -05:00  INF]  Request starting HTTP/2 GET https://localhost:7132/swagger/favicon-32x32.png - -
[2023-02-09 21:07:59.843 -05:00  INF]  Sending file. Request path: '/favicon-32x32.png'. Physical path: 'N/A'
[2023-02-09 21:07:59.843 -05:00  INF]  Request finished HTTP/2 GET https://localhost:7132/swagger/favicon-32x32.png - - - 200 628 image/png 0.8873ms
[2023-02-09 21:07:59.959 -05:00  INF]  Request finished HTTP/2 GET https://localhost:7132/swagger/v1/swagger.json - - - 200 - application/json;charset=utf-8 136.8615ms
[2023-02-09 21:08:45.457 -05:00  INF]  Request starting HTTP/2 POST https://localhost:7132/api/Boats application/json-patch+json 184
[2023-02-09 21:08:45.573 -05:00  INF]  CORS policy execution successful.
[2023-02-09 21:08:45.582 -05:00  INF]  Authorization failed. These requirements were not met:
DenyAnonymousAuthorizationRequirement: Requires an authenticated user.
[2023-02-09 21:08:45.588 -05:00  INF]  AuthenticationScheme: Bearer was challenged.
[2023-02-09 21:08:45.590 -05:00  INF]  Request finished HTTP/2 POST https://localhost:7132/api/Boats application/json-patch+json 184 - 401 0 - 132.3993ms
[2023-02-09 21:10:26.570 -05:00  INF]  Request starting HTTP/2 POST https://localhost:7132/api/Account/login application/json-patch+json 63
[2023-02-09 21:10:26.587 -05:00  INF]  CORS policy execution successful.
[2023-02-09 21:10:26.592 -05:00  INF]  Executing endpoint 'Boats.API.Controllers.AccountController.Login (Boats.API)'
[2023-02-09 21:10:26.637 -05:00  INF]  Route matched with {action = "Login", controller = "Account"}. Executing controller action with signature System.Threading.Tasks.Task`1[Microsoft.AspNetCore.Mvc.IActionResult] Login(Boats.API.Models.LoginUserDTO) on controller Boats.API.Controllers.AccountController (Boats.API).
[2023-02-09 21:10:27.379 -05:00  INF]  Login Attempt for test1@example.com 
[2023-02-09 21:10:28.289 -05:00  INF]  Entity Framework Core 6.0.8 initialized 'BoatsDbContext' using provider 'Microsoft.EntityFrameworkCore.SqlServer:6.0.8' with options: None
[2023-02-09 21:10:29.314 -05:00  INF]  Executed DbCommand (81ms) [Parameters=[@__normalizedUserName_0='?' (Size = 256)], CommandType='"Text"', CommandTimeout='30']
SELECT TOP(1) [a].[Id], [a].[AccessFailedCount], [a].[ConcurrencyStamp], [a].[Email], [a].[EmailConfirmed], [a].[FirstName], [a].[LastName], [a].[LockoutEnabled], [a].[LockoutEnd], [a].[NormalizedEmail], [a].[NormalizedUserName], [a].[PasswordHash], [a].[PhoneNumber], [a].[PhoneNumberConfirmed], [a].[SecurityStamp], [a].[TwoFactorEnabled], [a].[UserName]
FROM [AspNetUsers] AS [a]
WHERE [a].[NormalizedUserName] = @__normalizedUserName_0
[2023-02-09 21:10:29.451 -05:00  WRN]  Invalid password for user.
[2023-02-09 21:10:29.459 -05:00  INF]  Executing ObjectResult, writing value of type 'Microsoft.AspNetCore.Mvc.ProblemDetails'.
[2023-02-09 21:10:29.522 -05:00  INF]  Executed action Boats.API.Controllers.AccountController.Login (Boats.API) in 2877.0472ms
[2023-02-09 21:10:29.524 -05:00  INF]  Executed endpoint 'Boats.API.Controllers.AccountController.Login (Boats.API)'
[2023-02-09 21:10:29.532 -05:00  INF]  Request finished HTTP/2 POST https://localhost:7132/api/Account/login application/json-patch+json 63 - 401 162 application/problem+json;+charset=utf-8 2964.0967ms
[2023-02-09 21:11:33.691 -05:00  INF]  Request starting HTTP/2 POST https://localhost:7132/api/Account/register application/json-patch+json 146
[2023-02-09 21:11:33.706 -05:00  INF]  CORS policy execution successful.
[2023-02-09 21:11:33.707 -05:00  INF]  Executing endpoint 'Boats.API.Controllers.AccountController.Register (Boats.API)'
[2023-02-09 21:11:33.710 -05:00  INF]  Route matched with {action = "Register", controller = "Account"}. Executing controller action with signature System.Threading.Tasks.Task`1[Microsoft.AspNetCore.Mvc.IActionResult] Register(Boats.API.Models.UserDTO) on controller Boats.API.Controllers.AccountController (Boats.API).
[2023-02-09 21:11:33.748 -05:00  INF]  Registration Attempt for bearerTest@example.com 
[2023-02-09 21:11:33.829 -05:00  INF]  Entity Framework Core 6.0.8 initialized 'BoatsDbContext' using provider 'Microsoft.EntityFrameworkCore.SqlServer:6.0.8' with options: None
[2023-02-09 21:11:33.838 -05:00  INF]  Executed DbCommand (5ms) [Parameters=[@__normalizedUserName_0='?' (Size = 256)], CommandType='"Text"', CommandTimeout='30']
SELECT TOP(1) [a].[Id], [a].[AccessFailedCount], [a].[ConcurrencyStamp], [a].[Email], [a].[EmailConfirmed], [a].[FirstName], [a].[LastName], [a].[LockoutEnabled], [a].[LockoutEnd], [a].[NormalizedEmail], [a].[NormalizedUserName], [a].[PasswordHash], [a].[PhoneNumber], [a].[PhoneNumberConfirmed], [a].[SecurityStamp], [a].[TwoFactorEnabled], [a].[UserName]
FROM [AspNetUsers] AS [a]
WHERE [a].[NormalizedUserName] = @__normalizedUserName_0
[2023-02-09 21:11:33.860 -05:00  INF]  Executed DbCommand (2ms) [Parameters=[@__normalizedEmail_0='?' (Size = 256)], CommandType='"Text"', CommandTimeout='30']
SELECT TOP(2) [a].[Id], [a].[AccessFailedCount], [a].[ConcurrencyStamp], [a].[Email], [a].[EmailConfirmed], [a].[FirstName], [a].[LastName], [a].[LockoutEnabled], [a].[LockoutEnd], [a].[NormalizedEmail], [a].[NormalizedUserName], [a].[PasswordHash], [a].[PhoneNumber], [a].[PhoneNumberConfirmed], [a].[SecurityStamp], [a].[TwoFactorEnabled], [a].[UserName]
FROM [AspNetUsers] AS [a]
WHERE [a].[NormalizedEmail] = @__normalizedEmail_0
[2023-02-09 21:11:34.017 -05:00  INF]  Executed DbCommand (17ms) [Parameters=[@p0='?' (Size = 450), @p1='?' (DbType = Int32), @p2='?' (Size = 4000), @p3='?' (Size = 256), @p4='?' (DbType = Boolean), @p5='?' (Size = 4000), @p6='?' (Size = 4000), @p7='?' (DbType = Boolean), @p8='?' (DbType = DateTimeOffset), @p9='?' (Size = 256), @p10='?' (Size = 256), @p11='?' (Size = 4000), @p12='?' (Size = 4000), @p13='?' (DbType = Boolean), @p14='?' (Size = 4000), @p15='?' (DbType = Boolean), @p16='?' (Size = 256)], CommandType='"Text"', CommandTimeout='30']
SET NOCOUNT ON;
INSERT INTO [AspNetUsers] ([Id], [AccessFailedCount], [ConcurrencyStamp], [Email], [EmailConfirmed], [FirstName], [LastName], [LockoutEnabled], [LockoutEnd], [NormalizedEmail], [NormalizedUserName], [PasswordHash], [PhoneNumber], [PhoneNumberConfirmed], [SecurityStamp], [TwoFactorEnabled], [UserName])
VALUES (@p0, @p1, @p2, @p3, @p4, @p5, @p6, @p7, @p8, @p9, @p10, @p11, @p12, @p13, @p14, @p15, @p16);
[2023-02-09 21:11:34.064 -05:00  INF]  Executed DbCommand (5ms) [Parameters=[@__normalizedRoleName_0='?' (Size = 256)], CommandType='"Text"', CommandTimeout='30']
SELECT TOP(2) [a].[Id], [a].[ConcurrencyStamp], [a].[Name], [a].[NormalizedName]
FROM [AspNetRoles] AS [a]
WHERE [a].[NormalizedName] = @__normalizedRoleName_0
[2023-02-09 21:11:34.101 -05:00  INF]  Executed DbCommand (2ms) [Parameters=[@__p_0='?' (Size = 450), @__p_1='?' (Size = 450)], CommandType='"Text"', CommandTimeout='30']
SELECT TOP(1) [a].[UserId], [a].[RoleId]
FROM [AspNetUserRoles] AS [a]
WHERE ([a].[UserId] = @__p_0) AND ([a].[RoleId] = @__p_1)
[2023-02-09 21:11:34.106 -05:00  INF]  Executed DbCommand (1ms) [Parameters=[@__normalizedRoleName_0='?' (Size = 256)], CommandType='"Text"', CommandTimeout='30']
SELECT TOP(2) [a].[Id], [a].[ConcurrencyStamp], [a].[Name], [a].[NormalizedName]
FROM [AspNetRoles] AS [a]
WHERE [a].[NormalizedName] = @__normalizedRoleName_0
[2023-02-09 21:11:34.123 -05:00  INF]  Executed DbCommand (1ms) [Parameters=[@__normalizedUserName_0='?' (Size = 256)], CommandType='"Text"', CommandTimeout='30']
SELECT TOP(1) [a].[Id], [a].[AccessFailedCount], [a].[ConcurrencyStamp], [a].[Email], [a].[EmailConfirmed], [a].[FirstName], [a].[LastName], [a].[LockoutEnabled], [a].[LockoutEnd], [a].[NormalizedEmail], [a].[NormalizedUserName], [a].[PasswordHash], [a].[PhoneNumber], [a].[PhoneNumberConfirmed], [a].[SecurityStamp], [a].[TwoFactorEnabled], [a].[UserName]
FROM [AspNetUsers] AS [a]
WHERE [a].[NormalizedUserName] = @__normalizedUserName_0
[2023-02-09 21:11:34.127 -05:00  INF]  Executed DbCommand (1ms) [Parameters=[@__normalizedEmail_0='?' (Size = 256)], CommandType='"Text"', CommandTimeout='30']
SELECT TOP(2) [a].[Id], [a].[AccessFailedCount], [a].[ConcurrencyStamp], [a].[Email], [a].[EmailConfirmed], [a].[FirstName], [a].[LastName], [a].[LockoutEnabled], [a].[LockoutEnd], [a].[NormalizedEmail], [a].[NormalizedUserName], [a].[PasswordHash], [a].[PhoneNumber], [a].[PhoneNumberConfirmed], [a].[SecurityStamp], [a].[TwoFactorEnabled], [a].[UserName]
FROM [AspNetUsers] AS [a]
WHERE [a].[NormalizedEmail] = @__normalizedEmail_0
[2023-02-09 21:11:34.144 -05:00  INF]  Executed DbCommand (2ms) [Parameters=[@p0='?' (Size = 450), @p1='?' (Size = 450)], CommandType='"Text"', CommandTimeout='30']
SET NOCOUNT ON;
INSERT INTO [AspNetUserRoles] ([RoleId], [UserId])
VALUES (@p0, @p1);
[2023-02-09 21:11:34.154 -05:00  INF]  Executed DbCommand (6ms) [Parameters=[@p16='?' (Size = 450), @p0='?' (DbType = Int32), @p1='?' (Size = 4000), @p17='?' (Size = 4000), @p2='?' (Size = 256), @p3='?' (DbType = Boolean), @p4='?' (Size = 4000), @p5='?' (Size = 4000), @p6='?' (DbType = Boolean), @p7='?' (DbType = DateTimeOffset), @p8='?' (Size = 256), @p9='?' (Size = 256), @p10='?' (Size = 4000), @p11='?' (Size = 4000), @p12='?' (DbType = Boolean), @p13='?' (Size = 4000), @p14='?' (DbType = Boolean), @p15='?' (Size = 256)], CommandType='"Text"', CommandTimeout='30']
SET NOCOUNT ON;
UPDATE [AspNetUsers] SET [AccessFailedCount] = @p0, [ConcurrencyStamp] = @p1, [Email] = @p2, [EmailConfirmed] = @p3, [FirstName] = @p4, [LastName] = @p5, [LockoutEnabled] = @p6, [LockoutEnd] = @p7, [NormalizedEmail] = @p8, [NormalizedUserName] = @p9, [PasswordHash] = @p10, [PhoneNumber] = @p11, [PhoneNumberConfirmed] = @p12, [SecurityStamp] = @p13, [TwoFactorEnabled] = @p14, [UserName] = @p15
WHERE [Id] = @p16 AND [ConcurrencyStamp] = @p17;
SELECT @@ROWCOUNT;
[2023-02-09 21:11:34.158 -05:00  INF]  Executing AcceptedResult, writing value of type 'null'.
[2023-02-09 21:11:34.158 -05:00  INF]  Executed action Boats.API.Controllers.AccountController.Register (Boats.API) in 447.8685ms
[2023-02-09 21:11:34.158 -05:00  INF]  Executed endpoint 'Boats.API.Controllers.AccountController.Register (Boats.API)'
[2023-02-09 21:11:34.159 -05:00  INF]  Request finished HTTP/2 POST https://localhost:7132/api/Account/register application/json-patch+json 146 - 202 0 - 467.6466ms
[2023-02-09 21:11:47.242 -05:00  INF]  Request starting HTTP/2 POST https://localhost:7132/api/Account/login application/json-patch+json 68
[2023-02-09 21:11:47.242 -05:00  INF]  CORS policy execution successful.
[2023-02-09 21:11:47.242 -05:00  INF]  Executing endpoint 'Boats.API.Controllers.AccountController.Login (Boats.API)'
[2023-02-09 21:11:47.242 -05:00  INF]  Route matched with {action = "Login", controller = "Account"}. Executing controller action with signature System.Threading.Tasks.Task`1[Microsoft.AspNetCore.Mvc.IActionResult] Login(Boats.API.Models.LoginUserDTO) on controller Boats.API.Controllers.AccountController (Boats.API).
[2023-02-09 21:11:47.254 -05:00  INF]  Login Attempt for bearerTest@example.com 
[2023-02-09 21:11:47.263 -05:00  INF]  Entity Framework Core 6.0.8 initialized 'BoatsDbContext' using provider 'Microsoft.EntityFrameworkCore.SqlServer:6.0.8' with options: None
[2023-02-09 21:11:47.267 -05:00  INF]  Executed DbCommand (3ms) [Parameters=[@__normalizedUserName_0='?' (Size = 256)], CommandType='"Text"', CommandTimeout='30']
SELECT TOP(1) [a].[Id], [a].[AccessFailedCount], [a].[ConcurrencyStamp], [a].[Email], [a].[EmailConfirmed], [a].[FirstName], [a].[LastName], [a].[LockoutEnabled], [a].[LockoutEnd], [a].[NormalizedEmail], [a].[NormalizedUserName], [a].[PasswordHash], [a].[PhoneNumber], [a].[PhoneNumberConfirmed], [a].[SecurityStamp], [a].[TwoFactorEnabled], [a].[UserName]
FROM [AspNetUsers] AS [a]
WHERE [a].[NormalizedUserName] = @__normalizedUserName_0
[2023-02-09 21:11:47.375 -05:00  INF]  Executed DbCommand (2ms) [Parameters=[@__userId_0='?' (Size = 450)], CommandType='"Text"', CommandTimeout='30']
SELECT [a0].[Name]
FROM [AspNetUserRoles] AS [a]
INNER JOIN [AspNetRoles] AS [a0] ON [a].[RoleId] = [a0].[Id]
WHERE [a].[UserId] = @__userId_0
[2023-02-09 21:11:47.511 -05:00  INF]  Executing AcceptedResult, writing value of type '<>f__AnonymousType0`1[[System.String, System.Private.CoreLib, Version=6.0.0.0, Culture=neutral, PublicKeyToken=7cec85d7bea7798e]]'.
[2023-02-09 21:11:47.515 -05:00  INF]  Executed action Boats.API.Controllers.AccountController.Login (Boats.API) in 272.6864ms
[2023-02-09 21:11:47.515 -05:00  INF]  Executed endpoint 'Boats.API.Controllers.AccountController.Login (Boats.API)'
[2023-02-09 21:11:47.515 -05:00  INF]  Request finished HTTP/2 POST https://localhost:7132/api/Account/login application/json-patch+json 68 - 202 325 application/json;+charset=utf-8 273.7031ms
[2023-02-09 21:12:17.463 -05:00  INF]  Request starting HTTP/2 POST https://localhost:7132/api/Boats application/json-patch+json 184
[2023-02-09 21:12:17.525 -05:00  INF]  Failed to validate the token.
Microsoft.IdentityModel.Tokens.SecurityTokenInvalidAudienceException: IDX10208: Unable to validate audience. validationParameters.ValidAudience is null or whitespace and validationParameters.ValidAudiences is null.
   at Microsoft.IdentityModel.Tokens.Validators.ValidateAudience(IEnumerable`1 audiences, SecurityToken securityToken, TokenValidationParameters validationParameters)
   at System.IdentityModel.Tokens.Jwt.JwtSecurityTokenHandler.ValidateTokenPayload(JwtSecurityToken jwtToken, TokenValidationParameters validationParameters)
   at System.IdentityModel.Tokens.Jwt.JwtSecurityTokenHandler.ValidateToken(String token, TokenValidationParameters validationParameters, SecurityToken& validatedToken)
   at Microsoft.AspNetCore.Authentication.JwtBearer.JwtBearerHandler.HandleAuthenticateAsync()
[2023-02-09 21:12:17.640 -05:00  INF]  Bearer was not authenticated. Failure message: IDX10208: Unable to validate audience. validationParameters.ValidAudience is null or whitespace and validationParameters.ValidAudiences is null.
[2023-02-09 21:12:17.640 -05:00  INF]  CORS policy execution successful.
[2023-02-09 21:12:17.640 -05:00  INF]  Authorization failed. These requirements were not met:
DenyAnonymousAuthorizationRequirement: Requires an authenticated user.
[2023-02-09 21:12:17.642 -05:00  INF]  AuthenticationScheme: Bearer was challenged.
[2023-02-09 21:12:17.642 -05:00  INF]  Request finished HTTP/2 POST https://localhost:7132/api/Boats application/json-patch+json 184 - 401 0 - 179.7370ms
[2023-02-09 21:34:55.602 -05:00  INF]  User profile is available. Using 'C:\Users\Owner\AppData\Local\ASP.NET\DataProtection-Keys' as key repository and Windows DPAPI to encrypt keys at rest.
[2023-02-09 21:34:55.853 -05:00  INF]  Now listening on: https://localhost:7132
[2023-02-09 21:34:55.853 -05:00  INF]  Now listening on: http://localhost:5132
[2023-02-09 21:34:55.857 -05:00  INF]  Application started. Press Ctrl+C to shut down.
[2023-02-09 21:34:55.857 -05:00  INF]  Hosting environment: Development
[2023-02-09 21:34:55.857 -05:00  INF]  Content root path: C:\Users\Owner\Dev\BoatJobs\API\Boats.API\Boats.API\
[2023-02-09 21:34:56.303 -05:00  INF]  Request starting HTTP/2 GET https://localhost:7132/swagger - -
[2023-02-09 21:34:56.416 -05:00  INF]  Request finished HTTP/2 GET https://localhost:7132/swagger - - - 301 0 - 115.1741ms
[2023-02-09 21:34:56.423 -05:00  INF]  Request starting HTTP/2 GET https://localhost:7132/swagger/index.html - -
[2023-02-09 21:34:56.617 -05:00  INF]  Request finished HTTP/2 GET https://localhost:7132/swagger/index.html - - - 200 - text/html;charset=utf-8 193.3618ms
[2023-02-09 21:34:56.619 -05:00  INF]  Request starting HTTP/2 GET https://localhost:7132/swagger/swagger-ui-bundle.js - -
[2023-02-09 21:34:56.619 -05:00  INF]  Request starting HTTP/2 GET https://localhost:7132/_framework/aspnetcore-browser-refresh.js - -
[2023-02-09 21:34:56.619 -05:00  INF]  Request starting HTTP/2 GET https://localhost:7132/swagger/swagger-ui-standalone-preset.js - -
[2023-02-09 21:34:56.619 -05:00  INF]  Request starting HTTP/2 GET https://localhost:7132/swagger/swagger-ui.css - -
[2023-02-09 21:34:56.624 -05:00  INF]  Request finished HTTP/2 GET https://localhost:7132/_framework/aspnetcore-browser-refresh.js - - - 200 11988 application/javascript;+charset=utf-8 4.7795ms
[2023-02-09 21:34:56.635 -05:00  INF]  Request starting HTTP/2 GET https://localhost:7132/_vs/browserLink - -
[2023-02-09 21:34:56.637 -05:00  INF]  Sending file. Request path: '/swagger-ui.css'. Physical path: 'N/A'
[2023-02-09 21:34:56.637 -05:00  INF]  Sending file. Request path: '/swagger-ui-standalone-preset.js'. Physical path: 'N/A'
[2023-02-09 21:34:56.642 -05:00  INF]  Request finished HTTP/2 GET https://localhost:7132/swagger/swagger-ui-standalone-preset.js - - - 200 339486 application/javascript 22.5934ms
[2023-02-09 21:34:56.642 -05:00  INF]  Request finished HTTP/2 GET https://localhost:7132/swagger/swagger-ui.css - - - 200 143943 text/css 22.5969ms
[2023-02-09 21:34:56.654 -05:00  INF]  Sending file. Request path: '/swagger-ui-bundle.js'. Physical path: 'N/A'
[2023-02-09 21:34:56.655 -05:00  INF]  Request finished HTTP/2 GET https://localhost:7132/swagger/swagger-ui-bundle.js - - - 200 1096145 application/javascript 35.7909ms
[2023-02-09 21:34:56.660 -05:00  INF]  Request finished HTTP/2 GET https://localhost:7132/_vs/browserLink - - - 200 - text/javascript;+charset=UTF-8 24.9368ms
[2023-02-09 21:34:56.860 -05:00  INF]  Request starting HTTP/2 GET https://localhost:7132/swagger/v1/swagger.json - -
[2023-02-09 21:34:56.992 -05:00  INF]  Request finished HTTP/2 GET https://localhost:7132/swagger/v1/swagger.json - - - 200 - application/json;charset=utf-8 132.1014ms
[2023-02-09 21:35:21.755 -05:00  INF]  Request starting HTTP/2 POST https://localhost:7132/api/Account/login application/json-patch+json 68
[2023-02-09 21:35:21.836 -05:00  INF]  CORS policy execution successful.
[2023-02-09 21:35:21.841 -05:00  INF]  Executing endpoint 'Boats.API.Controllers.AccountController.Login (Boats.API)'
[2023-02-09 21:35:21.870 -05:00  INF]  Route matched with {action = "Login", controller = "Account"}. Executing controller action with signature System.Threading.Tasks.Task`1[Microsoft.AspNetCore.Mvc.IActionResult] Login(Boats.API.Models.LoginUserDTO) on controller Boats.API.Controllers.AccountController (Boats.API).
[2023-02-09 21:35:22.345 -05:00  INF]  Login Attempt for bearerTest@example.com 
[2023-02-09 21:35:23.222 -05:00  INF]  Entity Framework Core 6.0.8 initialized 'BoatsDbContext' using provider 'Microsoft.EntityFrameworkCore.SqlServer:6.0.8' with options: None
[2023-02-09 21:35:24.139 -05:00  INF]  Executed DbCommand (79ms) [Parameters=[@__normalizedUserName_0='?' (Size = 256)], CommandType='"Text"', CommandTimeout='30']
SELECT TOP(1) [a].[Id], [a].[AccessFailedCount], [a].[ConcurrencyStamp], [a].[Email], [a].[EmailConfirmed], [a].[FirstName], [a].[LastName], [a].[LockoutEnabled], [a].[LockoutEnd], [a].[NormalizedEmail], [a].[NormalizedUserName], [a].[PasswordHash], [a].[PhoneNumber], [a].[PhoneNumberConfirmed], [a].[SecurityStamp], [a].[TwoFactorEnabled], [a].[UserName]
FROM [AspNetUsers] AS [a]
WHERE [a].[NormalizedUserName] = @__normalizedUserName_0
[2023-02-09 21:35:24.353 -05:00  INF]  Executed DbCommand (5ms) [Parameters=[@__userId_0='?' (Size = 450)], CommandType='"Text"', CommandTimeout='30']
SELECT [a0].[Name]
FROM [AspNetUserRoles] AS [a]
INNER JOIN [AspNetRoles] AS [a0] ON [a].[RoleId] = [a0].[Id]
WHERE [a].[UserId] = @__userId_0
[2023-02-09 21:35:24.462 -05:00  INF]  Executing AcceptedResult, writing value of type '<>f__AnonymousType0`1[[System.String, System.Private.CoreLib, Version=6.0.0.0, Culture=neutral, PublicKeyToken=7cec85d7bea7798e]]'.
[2023-02-09 21:35:24.524 -05:00  INF]  Executed action Boats.API.Controllers.AccountController.Login (Boats.API) in 2647.7536ms
[2023-02-09 21:35:24.525 -05:00  INF]  Executed endpoint 'Boats.API.Controllers.AccountController.Login (Boats.API)'
[2023-02-09 21:35:24.534 -05:00  INF]  Request finished HTTP/2 POST https://localhost:7132/api/Account/login application/json-patch+json 68 - 202 325 application/json;+charset=utf-8 2779.3728ms
[2023-02-09 21:35:46.768 -05:00  INF]  Request starting HTTP/2 POST https://localhost:7132/api/Boats application/json-patch+json 180
[2023-02-09 21:35:46.774 -05:00  INF]  CORS policy execution successful.
[2023-02-09 21:35:46.786 -05:00  INF]  Authorization failed. These requirements were not met:
DenyAnonymousAuthorizationRequirement: Requires an authenticated user.
[2023-02-09 21:35:46.793 -05:00  INF]  AuthenticationScheme: Bearer was challenged.
[2023-02-09 21:35:46.793 -05:00  INF]  Request finished HTTP/2 POST https://localhost:7132/api/Boats application/json-patch+json 180 - 401 0 - 25.9322ms
[2023-02-09 21:36:00.516 -05:00  INF]  Request starting HTTP/2 POST https://localhost:7132/api/Boats application/json-patch+json 180
[2023-02-09 21:36:00.575 -05:00  INF]  Failed to validate the token.
Microsoft.IdentityModel.Tokens.SecurityTokenInvalidAudienceException: IDX10208: Unable to validate audience. validationParameters.ValidAudience is null or whitespace and validationParameters.ValidAudiences is null.
   at Microsoft.IdentityModel.Tokens.Validators.ValidateAudience(IEnumerable`1 audiences, SecurityToken securityToken, TokenValidationParameters validationParameters)
   at System.IdentityModel.Tokens.Jwt.JwtSecurityTokenHandler.ValidateTokenPayload(JwtSecurityToken jwtToken, TokenValidationParameters validationParameters)
   at System.IdentityModel.Tokens.Jwt.JwtSecurityTokenHandler.ValidateToken(String token, TokenValidationParameters validationParameters, SecurityToken& validatedToken)
   at Microsoft.AspNetCore.Authentication.JwtBearer.JwtBearerHandler.HandleAuthenticateAsync()
[2023-02-09 21:36:00.598 -05:00  INF]  Bearer was not authenticated. Failure message: IDX10208: Unable to validate audience. validationParameters.ValidAudience is null or whitespace and validationParameters.ValidAudiences is null.
[2023-02-09 21:36:00.599 -05:00  INF]  CORS policy execution successful.
[2023-02-09 21:36:00.599 -05:00  INF]  Authorization failed. These requirements were not met:
DenyAnonymousAuthorizationRequirement: Requires an authenticated user.
[2023-02-09 21:36:00.601 -05:00  INF]  AuthenticationScheme: Bearer was challenged.
[2023-02-09 21:36:00.601 -05:00  INF]  Request finished HTTP/2 POST https://localhost:7132/api/Boats application/json-patch+json 180 - 401 0 - 85.3223ms
[2023-02-09 21:47:21.779 -05:00  INF]  User profile is available. Using 'C:\Users\Owner\AppData\Local\ASP.NET\DataProtection-Keys' as key repository and Windows DPAPI to encrypt keys at rest.
[2023-02-09 21:47:22.091 -05:00  INF]  Now listening on: https://localhost:7132
[2023-02-09 21:47:22.091 -05:00  INF]  Now listening on: http://localhost:5132
[2023-02-09 21:47:22.094 -05:00  INF]  Application started. Press Ctrl+C to shut down.
[2023-02-09 21:47:22.094 -05:00  INF]  Hosting environment: Development
[2023-02-09 21:47:22.094 -05:00  INF]  Content root path: C:\Users\Owner\Dev\BoatJobs\API\Boats.API\Boats.API\
[2023-02-09 21:47:22.384 -05:00  INF]  Request starting HTTP/2 GET https://localhost:7132/swagger/index.html - -
[2023-02-09 21:47:22.669 -05:00  INF]  Request starting HTTP/2 GET https://localhost:7132/_framework/aspnetcore-browser-refresh.js - -
[2023-02-09 21:47:22.675 -05:00  INF]  Request finished HTTP/2 GET https://localhost:7132/_framework/aspnetcore-browser-refresh.js - - - 200 11988 application/javascript;+charset=utf-8 5.3532ms
[2023-02-09 21:47:22.675 -05:00  INF]  Request finished HTTP/2 GET https://localhost:7132/swagger/index.html - - - 200 - text/html;charset=utf-8 295.1081ms
[2023-02-09 21:47:22.688 -05:00  INF]  Request starting HTTP/2 GET https://localhost:7132/_vs/browserLink - -
[2023-02-09 21:47:22.718 -05:00  INF]  Request finished HTTP/2 GET https://localhost:7132/_vs/browserLink - - - 200 - text/javascript;+charset=UTF-8 30.5597ms
[2023-02-09 21:47:22.918 -05:00  INF]  Request starting HTTP/2 GET https://localhost:7132/swagger/v1/swagger.json - -
[2023-02-09 21:47:23.044 -05:00  INF]  Request finished HTTP/2 GET https://localhost:7132/swagger/v1/swagger.json - - - 200 - application/json;charset=utf-8 126.0441ms
[2023-02-09 21:47:45.614 -05:00  INF]  Request starting HTTP/2 POST https://localhost:7132/api/Account/login application/json-patch+json 69
[2023-02-09 21:47:45.704 -05:00  INF]  CORS policy execution successful.
[2023-02-09 21:47:45.709 -05:00  INF]  Executing endpoint 'Boats.API.Controllers.AccountController.Login (Boats.API)'
[2023-02-09 21:47:45.734 -05:00  INF]  Route matched with {action = "Login", controller = "Account"}. Executing controller action with signature System.Threading.Tasks.Task`1[Microsoft.AspNetCore.Mvc.IActionResult] Login(Boats.API.Models.LoginUserDTO) on controller Boats.API.Controllers.AccountController (Boats.API).
[2023-02-09 21:47:46.212 -05:00  INF]  Login Attempt for bearerTest@example.com 
[2023-02-09 21:47:47.053 -05:00  INF]  Entity Framework Core 6.0.8 initialized 'BoatsDbContext' using provider 'Microsoft.EntityFrameworkCore.SqlServer:6.0.8' with options: None
[2023-02-09 21:47:47.936 -05:00  INF]  Executed DbCommand (78ms) [Parameters=[@__normalizedUserName_0='?' (Size = 256)], CommandType='"Text"', CommandTimeout='30']
SELECT TOP(1) [a].[Id], [a].[AccessFailedCount], [a].[ConcurrencyStamp], [a].[Email], [a].[EmailConfirmed], [a].[FirstName], [a].[LastName], [a].[LockoutEnabled], [a].[LockoutEnd], [a].[NormalizedEmail], [a].[NormalizedUserName], [a].[PasswordHash], [a].[PhoneNumber], [a].[PhoneNumberConfirmed], [a].[SecurityStamp], [a].[TwoFactorEnabled], [a].[UserName]
FROM [AspNetUsers] AS [a]
WHERE [a].[NormalizedUserName] = @__normalizedUserName_0
[2023-02-09 21:47:48.082 -05:00  WRN]  Invalid password for user.
[2023-02-09 21:47:48.093 -05:00  INF]  Executing ObjectResult, writing value of type 'Microsoft.AspNetCore.Mvc.ProblemDetails'.
[2023-02-09 21:47:48.155 -05:00  INF]  Executed action Boats.API.Controllers.AccountController.Login (Boats.API) in 2413.3232ms
[2023-02-09 21:47:48.156 -05:00  INF]  Executed endpoint 'Boats.API.Controllers.AccountController.Login (Boats.API)'
[2023-02-09 21:47:48.165 -05:00  INF]  Request finished HTTP/2 POST https://localhost:7132/api/Account/login application/json-patch+json 69 - 401 162 application/problem+json;+charset=utf-8 2551.0609ms
[2023-02-09 21:47:56.519 -05:00  INF]  Request starting HTTP/2 POST https://localhost:7132/api/Account/login application/json-patch+json 68
[2023-02-09 21:47:56.521 -05:00  INF]  CORS policy execution successful.
[2023-02-09 21:47:56.521 -05:00  INF]  Executing endpoint 'Boats.API.Controllers.AccountController.Login (Boats.API)'
[2023-02-09 21:47:56.521 -05:00  INF]  Route matched with {action = "Login", controller = "Account"}. Executing controller action with signature System.Threading.Tasks.Task`1[Microsoft.AspNetCore.Mvc.IActionResult] Login(Boats.API.Models.LoginUserDTO) on controller Boats.API.Controllers.AccountController (Boats.API).
[2023-02-09 21:47:56.552 -05:00  INF]  Login Attempt for bearerTest@example.com 
[2023-02-09 21:47:56.592 -05:00  INF]  Entity Framework Core 6.0.8 initialized 'BoatsDbContext' using provider 'Microsoft.EntityFrameworkCore.SqlServer:6.0.8' with options: None
[2023-02-09 21:47:56.601 -05:00  INF]  Executed DbCommand (5ms) [Parameters=[@__normalizedUserName_0='?' (Size = 256)], CommandType='"Text"', CommandTimeout='30']
SELECT TOP(1) [a].[Id], [a].[AccessFailedCount], [a].[ConcurrencyStamp], [a].[Email], [a].[EmailConfirmed], [a].[FirstName], [a].[LastName], [a].[LockoutEnabled], [a].[LockoutEnd], [a].[NormalizedEmail], [a].[NormalizedUserName], [a].[PasswordHash], [a].[PhoneNumber], [a].[PhoneNumberConfirmed], [a].[SecurityStamp], [a].[TwoFactorEnabled], [a].[UserName]
FROM [AspNetUsers] AS [a]
WHERE [a].[NormalizedUserName] = @__normalizedUserName_0
[2023-02-09 21:47:56.688 -05:00  INF]  Executed DbCommand (2ms) [Parameters=[@__userId_0='?' (Size = 450)], CommandType='"Text"', CommandTimeout='30']
SELECT [a0].[Name]
FROM [AspNetUserRoles] AS [a]
INNER JOIN [AspNetRoles] AS [a0] ON [a].[RoleId] = [a0].[Id]
WHERE [a].[UserId] = @__userId_0
[2023-02-09 21:47:56.805 -05:00  INF]  Executing AcceptedResult, writing value of type '<>f__AnonymousType0`1[[System.String, System.Private.CoreLib, Version=6.0.0.0, Culture=neutral, PublicKeyToken=7cec85d7bea7798e]]'.
[2023-02-09 21:47:56.809 -05:00  INF]  Executed action Boats.API.Controllers.AccountController.Login (Boats.API) in 287.2272ms
[2023-02-09 21:47:56.809 -05:00  INF]  Executed endpoint 'Boats.API.Controllers.AccountController.Login (Boats.API)'
[2023-02-09 21:47:56.809 -05:00  INF]  Request finished HTTP/2 POST https://localhost:7132/api/Account/login application/json-patch+json 68 - 202 351 application/json;+charset=utf-8 289.9619ms
[2023-02-09 21:48:35.102 -05:00  INF]  Request starting HTTP/2 POST https://localhost:7132/api/Boats application/json-patch+json 181
[2023-02-09 21:48:35.172 -05:00  INF]  Failed to validate the token.
Microsoft.IdentityModel.Tokens.SecurityTokenInvalidAudienceException: IDX10208: Unable to validate audience. validationParameters.ValidAudience is null or whitespace and validationParameters.ValidAudiences is null.
   at Microsoft.IdentityModel.Tokens.Validators.ValidateAudience(IEnumerable`1 audiences, SecurityToken securityToken, TokenValidationParameters validationParameters)
   at System.IdentityModel.Tokens.Jwt.JwtSecurityTokenHandler.ValidateTokenPayload(JwtSecurityToken jwtToken, TokenValidationParameters validationParameters)
   at System.IdentityModel.Tokens.Jwt.JwtSecurityTokenHandler.ValidateToken(String token, TokenValidationParameters validationParameters, SecurityToken& validatedToken)
   at Microsoft.AspNetCore.Authentication.JwtBearer.JwtBearerHandler.HandleAuthenticateAsync()
[2023-02-09 21:48:35.195 -05:00  INF]  Bearer was not authenticated. Failure message: IDX10208: Unable to validate audience. validationParameters.ValidAudience is null or whitespace and validationParameters.ValidAudiences is null.
[2023-02-09 21:48:35.195 -05:00  INF]  CORS policy execution successful.
[2023-02-09 21:48:35.200 -05:00  INF]  Authorization failed. These requirements were not met:
DenyAnonymousAuthorizationRequirement: Requires an authenticated user.
[2023-02-09 21:48:35.207 -05:00  INF]  AuthenticationScheme: Bearer was challenged.
[2023-02-09 21:48:35.208 -05:00  INF]  Request finished HTTP/2 POST https://localhost:7132/api/Boats application/json-patch+json 181 - 401 0 - 105.2442ms
[2023-02-09 22:20:25.458 -05:00  INF]  User profile is available. Using 'C:\Users\Owner\AppData\Local\ASP.NET\DataProtection-Keys' as key repository and Windows DPAPI to encrypt keys at rest.
[2023-02-09 22:20:25.764 -05:00  INF]  Now listening on: https://localhost:7132
[2023-02-09 22:20:25.765 -05:00  INF]  Now listening on: http://localhost:5132
[2023-02-09 22:20:25.768 -05:00  INF]  Application started. Press Ctrl+C to shut down.
[2023-02-09 22:20:25.768 -05:00  INF]  Hosting environment: Development
[2023-02-09 22:20:25.768 -05:00  INF]  Content root path: C:\Users\Owner\Dev\BoatJobs\API\Boats.API\Boats.API\
[2023-02-09 22:20:26.089 -05:00  INF]  Request starting HTTP/2 GET https://localhost:7132/swagger/index.html - -
[2023-02-09 22:20:26.444 -05:00  INF]  Request finished HTTP/2 GET https://localhost:7132/swagger/index.html - - - 200 - text/html;charset=utf-8 360.1528ms
[2023-02-09 22:20:26.444 -05:00  INF]  Request starting HTTP/2 GET https://localhost:7132/_framework/aspnetcore-browser-refresh.js - -
[2023-02-09 22:20:26.454 -05:00  INF]  Request finished HTTP/2 GET https://localhost:7132/_framework/aspnetcore-browser-refresh.js - - - 200 11988 application/javascript;+charset=utf-8 10.2032ms
[2023-02-09 22:20:26.458 -05:00  INF]  Request starting HTTP/2 GET https://localhost:7132/_vs/browserLink - -
[2023-02-09 22:20:26.474 -05:00  INF]  Request finished HTTP/2 GET https://localhost:7132/_vs/browserLink - - - 200 - text/javascript;+charset=UTF-8 16.1023ms
[2023-02-09 22:20:26.560 -05:00  INF]  Request starting HTTP/2 GET https://localhost:7132/swagger/v1/swagger.json - -
[2023-02-09 22:20:26.688 -05:00  INF]  Request finished HTTP/2 GET https://localhost:7132/swagger/v1/swagger.json - - - 200 - application/json;charset=utf-8 127.6981ms
[2023-02-09 22:20:43.193 -05:00  INF]  Request starting HTTP/2 POST https://localhost:7132/api/Account/login application/json-patch+json 68
[2023-02-09 22:20:43.280 -05:00  INF]  CORS policy execution successful.
[2023-02-09 22:20:43.285 -05:00  INF]  Executing endpoint 'Boats.API.Controllers.AccountController.Login (Boats.API)'
[2023-02-09 22:20:43.310 -05:00  INF]  Route matched with {action = "Login", controller = "Account"}. Executing controller action with signature System.Threading.Tasks.Task`1[Microsoft.AspNetCore.Mvc.IActionResult] Login(Boats.API.Models.LoginUserDTO) on controller Boats.API.Controllers.AccountController (Boats.API).
[2023-02-09 22:20:43.776 -05:00  INF]  Login Attempt for bearerTest@example.com 
[2023-02-09 22:20:44.712 -05:00  INF]  Entity Framework Core 6.0.8 initialized 'BoatsDbContext' using provider 'Microsoft.EntityFrameworkCore.SqlServer:6.0.8' with options: None
[2023-02-09 22:20:45.591 -05:00  INF]  Executed DbCommand (88ms) [Parameters=[@__normalizedUserName_0='?' (Size = 256)], CommandType='"Text"', CommandTimeout='30']
SELECT TOP(1) [a].[Id], [a].[AccessFailedCount], [a].[ConcurrencyStamp], [a].[Email], [a].[EmailConfirmed], [a].[FirstName], [a].[LastName], [a].[LockoutEnabled], [a].[LockoutEnd], [a].[NormalizedEmail], [a].[NormalizedUserName], [a].[PasswordHash], [a].[PhoneNumber], [a].[PhoneNumberConfirmed], [a].[SecurityStamp], [a].[TwoFactorEnabled], [a].[UserName]
FROM [AspNetUsers] AS [a]
WHERE [a].[NormalizedUserName] = @__normalizedUserName_0
[2023-02-09 22:20:45.807 -05:00  INF]  Executed DbCommand (5ms) [Parameters=[@__userId_0='?' (Size = 450)], CommandType='"Text"', CommandTimeout='30']
SELECT [a0].[Name]
FROM [AspNetUserRoles] AS [a]
INNER JOIN [AspNetRoles] AS [a0] ON [a].[RoleId] = [a0].[Id]
WHERE [a].[UserId] = @__userId_0
[2023-02-09 22:20:45.922 -05:00  INF]  Executing AcceptedResult, writing value of type '<>f__AnonymousType0`1[[System.String, System.Private.CoreLib, Version=6.0.0.0, Culture=neutral, PublicKeyToken=7cec85d7bea7798e]]'.
[2023-02-09 22:20:45.968 -05:00  INF]  Executed action Boats.API.Controllers.AccountController.Login (Boats.API) in 2652.2579ms
[2023-02-09 22:20:45.969 -05:00  INF]  Executed endpoint 'Boats.API.Controllers.AccountController.Login (Boats.API)'
[2023-02-09 22:20:45.981 -05:00  INF]  Request finished HTTP/2 POST https://localhost:7132/api/Account/login application/json-patch+json 68 - 202 376 application/json;+charset=utf-8 2788.3377ms
[2023-02-09 22:21:58.671 -05:00  INF]  Request starting HTTP/2 POST https://localhost:7132/api/Boats application/json-patch+json 181
[2023-02-09 22:21:58.762 -05:00  INF]  CORS policy execution successful.
[2023-02-09 22:21:58.769 -05:00  INF]  Executing endpoint 'Boats.API.Controllers.BoatsController.CreateJob (Boats.API)'
[2023-02-09 22:21:58.772 -05:00  INF]  Route matched with {action = "CreateJob", controller = "Boats"}. Executing controller action with signature System.Threading.Tasks.Task`1[Microsoft.AspNetCore.Mvc.IActionResult] CreateJob(Boats.API.Models.CreateBoatDTO) on controller Boats.API.Controllers.BoatsController (Boats.API).
[2023-02-09 22:21:58.835 -05:00  INF]  Entity Framework Core 6.0.8 initialized 'BoatsDbContext' using provider 'Microsoft.EntityFrameworkCore.SqlServer:6.0.8' with options: None
[2023-02-09 22:21:59.008 -05:00  INF]  Executed DbCommand (4ms) [Parameters=[@p0='?' (DbType = Guid), @p1='?' (DbType = Single), @p2='?' (Size = 4000), @p3='?' (Size = 4000), @p4='?' (Size = 4000), @p5='?' (Size = 4000), @p6='?' (Size = 4000), @p7='?' (Size = 4000), @p8='?' (Size = 4000)], CommandType='"Text"', CommandTimeout='30']
SET NOCOUNT ON;
INSERT INTO [Boats] ([Id], [Amount], [County], [Date], [JobDesciption], [JobTitle], [Name], [State], [Zipcode])
VALUES (@p0, @p1, @p2, @p3, @p4, @p5, @p6, @p7, @p8);
[2023-02-09 22:21:59.045 -05:00  INF]  Executing CreatedAtActionResult, writing value of type 'Boats.API.Data.Boat'.
[2023-02-09 22:21:59.075 -05:00  INF]  Executed action Boats.API.Controllers.BoatsController.CreateJob (Boats.API) in 302.9191ms
[2023-02-09 22:21:59.075 -05:00  INF]  Executed endpoint 'Boats.API.Controllers.BoatsController.CreateJob (Boats.API)'
[2023-02-09 22:21:59.077 -05:00  INF]  Request finished HTTP/2 POST https://localhost:7132/api/Boats application/json-patch+json 181 - 201 194 application/json;+charset=utf-8 405.9579ms
